Loading db file '/home/user50/Downloads/NangateOpenCellLibrary_PDKv1_3_v2010_12/lib/Front_End/Liberty/NLDM/NangateOpenCellLibrary_ss0p95vn40c.db'
Information: Propagating switching activity (low effort zero delay simulation). (PWR-6)
Warning: Design has unannotated primary inputs. (PWR-414)
Warning: Design has unannotated sequential cell outputs. (PWR-415)
 
****************************************
Report : power
        -analysis_effort low
Design : FPA_final
Version: U-2022.12-SP7
Date   : Thu Dec 28 23:44:04 2023
****************************************


Library(s) Used:

    NangateOpenCellLibrary_ss0p95vn40c (File: /home/user50/Downloads/NangateOpenCellLibrary_PDKv1_3_v2010_12/lib/Front_End/Liberty/NLDM/NangateOpenCellLibrary_ss0p95vn40c.db)


Operating Conditions: worst_low   Library: NangateOpenCellLibrary_ss0p95vn40c
Wire Load Model Mode: top

Design        Wire Load Model            Library
------------------------------------------------
FPA_final              5K_hvratio_1_1    NangateOpenCellLibrary_ss0p95vn40c


Global Operating Voltage = 0.95 
Power-specific unit information :
    Voltage Units = 1V
    Capacitance Units = 1.000000ff
    Time Units = 1ns
    Dynamic Power Units = 1uW    (derived from V,C,T units)
    Leakage Power Units = 1nW


Attributes
----------
i - Including register clock pin internal power


  Cell Internal Power  = 122.9615 uW   (61%)
  Net Switching Power  =  79.4161 uW   (39%)
                         ---------
Total Dynamic Power    = 202.3776 uW  (100%)

Cell Leakage Power     =  14.1889 uW


                 Internal         Switching           Leakage            Total
Power Group      Power            Power               Power              Power   (   %    )  Attrs
--------------------------------------------------------------------------------------------------
io_pad             0.0000            0.0000            0.0000            0.0000  (   0.00%)
memory             0.0000            0.0000            0.0000            0.0000  (   0.00%)
black_box          0.0000            0.0000            0.0000            0.0000  (   0.00%)
clock_network     56.9995            0.0000            0.0000           56.9995  (  26.32%)  i
register          11.6559            7.4900        1.6021e+03           20.7481  (   9.58%)
sequential         0.0000            0.0000            0.0000            0.0000  (   0.00%)
combinational     54.3061           71.9260        1.2587e+04          138.8189  (  64.10%)
--------------------------------------------------------------------------------------------------
Total            122.9615 uW        79.4161 uW     1.4189e+04 nW       216.5664 uW
1
