 
****************************************
Report : cell
Design : FPA_final
Version: U-2022.12-SP7
Date   : Thu Dec 28 23:44:04 2023
****************************************

Attributes:
    b - black box (unknown)
    h - hierarchical
    n - noncombinational
    r - removable
    u - contains unmapped logic

Cell                      Reference       Library             Area  Attributes
--------------------------------------------------------------------------------
B1                        FPA                             2415.546012
                                                                    h
operand1_reg              Registers_0                     181.677995
                                                                    h, n
operand2_reg              Registers_2                     181.677995
                                                                    h, n
output_reg                Registers_1                     181.677995
                                                                    h, n
--------------------------------------------------------------------------------
Total 4 cells                                             2960.579997
1
