 
****************************************
Report : timing
        -path full
        -delay max
        -max_paths 10
Design : FPA_final
Version: U-2022.12-SP7
Date   : Thu Dec 28 23:44:04 2023
****************************************

Operating Conditions: worst_low   Library: NangateOpenCellLibrary_ss0p95vn40c
Wire Load Model Mode: top

  Startpoint: operand2_reg/out_reg[23]
              (rising edge-triggered flip-flop clocked by clk)
  Endpoint: output_reg/out_reg[28]
            (rising edge-triggered flip-flop clocked by clk)
  Path Group: clk
  Path Type: max

  Des/Clust/Port     Wire Load Model       Library
  ------------------------------------------------
  FPA_final          5K_hvratio_1_1        NangateOpenCellLibrary_ss0p95vn40c

  Point                                                   Incr       Path
  --------------------------------------------------------------------------
  clock clk (rise edge)                                   0.00       0.00
  clock network delay (ideal)                             0.00       0.00
  operand2_reg/out_reg[23]/CK (DFF_X1)                    0.00       0.00 r
  operand2_reg/out_reg[23]/Q (DFF_X1)                     0.10       0.10 f
  operand2_reg/out[23] (Registers_2)                      0.00       0.10 f
  B1/B[23] (FPA)                                          0.00       0.10 f
  B1/sub_53/A[0] (FPA_DW01_sub_1)                         0.00       0.10 f
  B1/sub_53/U4/ZN (INV_X1)                                0.04       0.14 r
  B1/sub_53/U3/ZN (NAND2_X1)                              0.03       0.16 f
  B1/sub_53/U2_1/CO (FA_X1)                               0.08       0.25 f
  B1/sub_53/U2_2/CO (FA_X1)                               0.08       0.33 f
  B1/sub_53/U2_3/CO (FA_X1)                               0.08       0.41 f
  B1/sub_53/U2_4/CO (FA_X1)                               0.08       0.49 f
  B1/sub_53/U2_5/CO (FA_X1)                               0.08       0.57 f
  B1/sub_53/U2_6/S (FA_X1)                                0.11       0.68 r
  B1/sub_53/DIFF[6] (FPA_DW01_sub_1)                      0.00       0.68 r
  B1/srl_55/SH[6] (FPA_DW_rash_1)                         0.00       0.68 r
  B1/srl_55/U155/ZN (OR2_X1)                              0.04       0.72 r
  B1/srl_55/U154/ZN (NOR2_X1)                             0.03       0.75 f
  B1/srl_55/U7/ZN (INV_X1)                                0.05       0.79 r
  B1/srl_55/U139/ZN (NAND2_X1)                            0.05       0.84 f
  B1/srl_55/U136/ZN (OAI222_X1)                           0.06       0.90 r
  B1/srl_55/U17/ZN (INV_X1)                               0.02       0.93 f
  B1/srl_55/U134/Z (MUX2_X1)                              0.06       0.98 f
  B1/srl_55/U129/ZN (AOI21_X1)                            0.03       1.01 r
  B1/srl_55/B[0] (FPA_DW_rash_1)                          0.00       1.01 r
  B1/U209/Z (MUX2_X1)                                     0.07       1.08 r
  B1/U83/ZN (INV_X1)                                      0.04       1.13 f
  B1/add_0_root_add_79_ni/A[0] (FPA_DW01_inc_2)           0.00       1.13 f
  B1/add_0_root_add_79_ni/U1_1_1/S (HA_X1)                0.08       1.21 f
  B1/add_0_root_add_79_ni/SUM[1] (FPA_DW01_inc_2)         0.00       1.21 f
  B1/add_81/A[1] (FPA_DW01_add_1)                         0.00       1.21 f
  B1/add_81/U1_1/CO (FA_X1)                               0.09       1.30 f
  B1/add_81/U1_2/CO (FA_X1)                               0.08       1.38 f
  B1/add_81/U1_3/CO (FA_X1)                               0.08       1.46 f
  B1/add_81/U1_4/CO (FA_X1)                               0.08       1.54 f
  B1/add_81/U1_5/CO (FA_X1)                               0.08       1.62 f
  B1/add_81/U1_6/CO (FA_X1)                               0.08       1.70 f
  B1/add_81/U1_7/CO (FA_X1)                               0.08       1.78 f
  B1/add_81/U1_8/CO (FA_X1)                               0.08       1.86 f
  B1/add_81/U1_9/CO (FA_X1)                               0.08       1.94 f
  B1/add_81/U1_10/CO (FA_X1)                              0.08       2.02 f
  B1/add_81/U1_11/CO (FA_X1)                              0.08       2.10 f
  B1/add_81/U1_12/CO (FA_X1)                              0.08       2.18 f
  B1/add_81/U1_13/CO (FA_X1)                              0.08       2.27 f
  B1/add_81/U1_14/CO (FA_X1)                              0.08       2.35 f
  B1/add_81/U1_15/CO (FA_X1)                              0.08       2.43 f
  B1/add_81/U1_16/CO (FA_X1)                              0.08       2.51 f
  B1/add_81/U1_17/CO (FA_X1)                              0.08       2.59 f
  B1/add_81/U1_18/CO (FA_X1)                              0.08       2.67 f
  B1/add_81/U1_19/CO (FA_X1)                              0.08       2.75 f
  B1/add_81/U1_20/CO (FA_X1)                              0.08       2.83 f
  B1/add_81/U1_21/CO (FA_X1)                              0.08       2.91 f
  B1/add_81/U1_22/CO (FA_X1)                              0.08       2.99 f
  B1/add_81/U1_23/S (FA_X1)                               0.12       3.11 r
  B1/add_81/SUM[23] (FPA_DW01_add_1)                      0.00       3.11 r
  B1/U17/ZN (INV_X1)                                      0.03       3.14 f
  B1/add_0_root_add_89_ni/A[23] (FPA_DW01_inc_4)          0.00       3.14 f
  B1/add_0_root_add_89_ni/U2/Z (XOR2_X1)                  0.06       3.20 f
  B1/add_0_root_add_89_ni/SUM[23] (FPA_DW01_inc_4)        0.00       3.20 f
  B1/U336/ZN (AOI222_X1)                                  0.07       3.27 r
  B1/U335/ZN (AND2_X1)                                    0.06       3.33 r
  B1/U334/ZN (OAI22_X1)                                   0.04       3.37 f
  B1/N_instance/A_mantissa[22] (normalizer)               0.00       3.37 f
  B1/N_instance/U579/ZN (NOR2_X1)                         0.06       3.43 r
  B1/N_instance/U557/ZN (AND3_X1)                         0.06       3.49 r
  B1/N_instance/U221/ZN (AND2_X1)                         0.05       3.54 r
  B1/N_instance/U56/ZN (AND3_X1)                          0.06       3.60 r
  B1/N_instance/U53/ZN (AND2_X1)                          0.05       3.65 r
  B1/N_instance/U55/ZN (AND3_X1)                          0.06       3.70 r
  B1/N_instance/U52/ZN (AND2_X1)                          0.05       3.75 r
  B1/N_instance/U50/ZN (AND3_X1)                          0.06       3.81 r
  B1/N_instance/U54/ZN (AND3_X1)                          0.06       3.87 r
  B1/N_instance/U57/ZN (AND2_X1)                          0.04       3.91 r
  B1/N_instance/U51/ZN (AND2_X1)                          0.05       3.96 r
  B1/N_instance/U60/ZN (AND3_X1)                          0.06       4.02 r
  B1/N_instance/U59/ZN (AND3_X1)                          0.06       4.09 r
  B1/N_instance/U232/ZN (NAND4_X1)                        0.05       4.14 f
  B1/N_instance/U58/ZN (NAND3_X1)                         0.04       4.18 r
  B1/N_instance/U219/ZN (NOR4_X1)                         0.02       4.20 f
  B1/N_instance/U217/ZN (NAND3_X1)                        0.07       4.27 r
  B1/N_instance/U46/ZN (INV_X1)                           0.10       4.37 f
  B1/N_instance/U617/ZN (AOI222_X1)                       0.12       4.49 r
  B1/N_instance/U124/ZN (NAND4_X1)                        0.05       4.54 f
  B1/N_instance/U605/ZN (OR2_X1)                          0.05       4.59 f
  B1/N_instance/O_exponent[5] (normalizer)                0.00       4.59 f
  B1/Sum[28] (FPA)                                        0.00       4.59 f
  output_reg/in[28] (Registers_1)                         0.00       4.59 f
  output_reg/U36/ZN (AND2_X1)                             0.03       4.62 f
  output_reg/out_reg[28]/D (DFF_X1)                       0.01       4.63 f
  data arrival time                                                  4.63

  clock clk (rise edge)                                   5.54       5.54
  clock network delay (ideal)                             0.00       5.54
  clock uncertainty                                      -0.35       5.19
  output_reg/out_reg[28]/CK (DFF_X1)                      0.00       5.19 r
  library setup time                                     -0.03       5.16
  data required time                                                 5.16
  --------------------------------------------------------------------------
  data required time                                                 5.16
  data arrival time                                                 -4.63
  --------------------------------------------------------------------------
  slack (MET)                                                        0.53


  Startpoint: operand2_reg/out_reg[23]
              (rising edge-triggered flip-flop clocked by clk)
  Endpoint: output_reg/out_reg[24]
            (rising edge-triggered flip-flop clocked by clk)
  Path Group: clk
  Path Type: max

  Des/Clust/Port     Wire Load Model       Library
  ------------------------------------------------
  FPA_final          5K_hvratio_1_1        NangateOpenCellLibrary_ss0p95vn40c

  Point                                                   Incr       Path
  --------------------------------------------------------------------------
  clock clk (rise edge)                                   0.00       0.00
  clock network delay (ideal)                             0.00       0.00
  operand2_reg/out_reg[23]/CK (DFF_X1)                    0.00       0.00 r
  operand2_reg/out_reg[23]/Q (DFF_X1)                     0.10       0.10 f
  operand2_reg/out[23] (Registers_2)                      0.00       0.10 f
  B1/B[23] (FPA)                                          0.00       0.10 f
  B1/sub_53/A[0] (FPA_DW01_sub_1)                         0.00       0.10 f
  B1/sub_53/U4/ZN (INV_X1)                                0.04       0.14 r
  B1/sub_53/U3/ZN (NAND2_X1)                              0.03       0.16 f
  B1/sub_53/U2_1/CO (FA_X1)                               0.08       0.25 f
  B1/sub_53/U2_2/CO (FA_X1)                               0.08       0.33 f
  B1/sub_53/U2_3/CO (FA_X1)                               0.08       0.41 f
  B1/sub_53/U2_4/CO (FA_X1)                               0.08       0.49 f
  B1/sub_53/U2_5/CO (FA_X1)                               0.08       0.57 f
  B1/sub_53/U2_6/S (FA_X1)                                0.11       0.68 r
  B1/sub_53/DIFF[6] (FPA_DW01_sub_1)                      0.00       0.68 r
  B1/srl_55/SH[6] (FPA_DW_rash_1)                         0.00       0.68 r
  B1/srl_55/U155/ZN (OR2_X1)                              0.04       0.72 r
  B1/srl_55/U154/ZN (NOR2_X1)                             0.03       0.75 f
  B1/srl_55/U7/ZN (INV_X1)                                0.05       0.79 r
  B1/srl_55/U139/ZN (NAND2_X1)                            0.05       0.84 f
  B1/srl_55/U136/ZN (OAI222_X1)                           0.06       0.90 r
  B1/srl_55/U17/ZN (INV_X1)                               0.02       0.93 f
  B1/srl_55/U134/Z (MUX2_X1)                              0.06       0.98 f
  B1/srl_55/U129/ZN (AOI21_X1)                            0.03       1.01 r
  B1/srl_55/B[0] (FPA_DW_rash_1)                          0.00       1.01 r
  B1/U209/Z (MUX2_X1)                                     0.07       1.08 r
  B1/U83/ZN (INV_X1)                                      0.04       1.13 f
  B1/add_0_root_add_79_ni/A[0] (FPA_DW01_inc_2)           0.00       1.13 f
  B1/add_0_root_add_79_ni/U1_1_1/S (HA_X1)                0.08       1.21 f
  B1/add_0_root_add_79_ni/SUM[1] (FPA_DW01_inc_2)         0.00       1.21 f
  B1/add_81/A[1] (FPA_DW01_add_1)                         0.00       1.21 f
  B1/add_81/U1_1/CO (FA_X1)                               0.09       1.30 f
  B1/add_81/U1_2/CO (FA_X1)                               0.08       1.38 f
  B1/add_81/U1_3/CO (FA_X1)                               0.08       1.46 f
  B1/add_81/U1_4/CO (FA_X1)                               0.08       1.54 f
  B1/add_81/U1_5/CO (FA_X1)                               0.08       1.62 f
  B1/add_81/U1_6/CO (FA_X1)                               0.08       1.70 f
  B1/add_81/U1_7/CO (FA_X1)                               0.08       1.78 f
  B1/add_81/U1_8/CO (FA_X1)                               0.08       1.86 f
  B1/add_81/U1_9/CO (FA_X1)                               0.08       1.94 f
  B1/add_81/U1_10/CO (FA_X1)                              0.08       2.02 f
  B1/add_81/U1_11/CO (FA_X1)                              0.08       2.10 f
  B1/add_81/U1_12/CO (FA_X1)                              0.08       2.18 f
  B1/add_81/U1_13/CO (FA_X1)                              0.08       2.27 f
  B1/add_81/U1_14/CO (FA_X1)                              0.08       2.35 f
  B1/add_81/U1_15/CO (FA_X1)                              0.08       2.43 f
  B1/add_81/U1_16/CO (FA_X1)                              0.08       2.51 f
  B1/add_81/U1_17/CO (FA_X1)                              0.08       2.59 f
  B1/add_81/U1_18/CO (FA_X1)                              0.08       2.67 f
  B1/add_81/U1_19/CO (FA_X1)                              0.08       2.75 f
  B1/add_81/U1_20/CO (FA_X1)                              0.08       2.83 f
  B1/add_81/U1_21/CO (FA_X1)                              0.08       2.91 f
  B1/add_81/U1_22/CO (FA_X1)                              0.08       2.99 f
  B1/add_81/U1_23/S (FA_X1)                               0.12       3.11 r
  B1/add_81/SUM[23] (FPA_DW01_add_1)                      0.00       3.11 r
  B1/U17/ZN (INV_X1)                                      0.03       3.14 f
  B1/add_0_root_add_89_ni/A[23] (FPA_DW01_inc_4)          0.00       3.14 f
  B1/add_0_root_add_89_ni/U2/Z (XOR2_X1)                  0.06       3.20 f
  B1/add_0_root_add_89_ni/SUM[23] (FPA_DW01_inc_4)        0.00       3.20 f
  B1/U336/ZN (AOI222_X1)                                  0.07       3.27 r
  B1/U335/ZN (AND2_X1)                                    0.06       3.33 r
  B1/U334/ZN (OAI22_X1)                                   0.04       3.37 f
  B1/N_instance/A_mantissa[22] (normalizer)               0.00       3.37 f
  B1/N_instance/U579/ZN (NOR2_X1)                         0.06       3.43 r
  B1/N_instance/U557/ZN (AND3_X1)                         0.06       3.49 r
  B1/N_instance/U221/ZN (AND2_X1)                         0.05       3.54 r
  B1/N_instance/U56/ZN (AND3_X1)                          0.06       3.60 r
  B1/N_instance/U53/ZN (AND2_X1)                          0.05       3.65 r
  B1/N_instance/U55/ZN (AND3_X1)                          0.06       3.70 r
  B1/N_instance/U52/ZN (AND2_X1)                          0.05       3.75 r
  B1/N_instance/U50/ZN (AND3_X1)                          0.06       3.81 r
  B1/N_instance/U54/ZN (AND3_X1)                          0.06       3.87 r
  B1/N_instance/U57/ZN (AND2_X1)                          0.04       3.91 r
  B1/N_instance/U51/ZN (AND2_X1)                          0.05       3.96 r
  B1/N_instance/U60/ZN (AND3_X1)                          0.06       4.02 r
  B1/N_instance/U59/ZN (AND3_X1)                          0.06       4.09 r
  B1/N_instance/U232/ZN (NAND4_X1)                        0.05       4.14 f
  B1/N_instance/U58/ZN (NAND3_X1)                         0.04       4.18 r
  B1/N_instance/U219/ZN (NOR4_X1)                         0.02       4.20 f
  B1/N_instance/U217/ZN (NAND3_X1)                        0.07       4.27 r
  B1/N_instance/U46/ZN (INV_X1)                           0.10       4.37 f
  B1/N_instance/U621/ZN (AOI222_X1)                       0.12       4.49 r
  B1/N_instance/U385/ZN (NAND4_X1)                        0.05       4.54 f
  B1/N_instance/U604/ZN (OR2_X1)                          0.05       4.59 f
  B1/N_instance/O_exponent[1] (normalizer)                0.00       4.59 f
  B1/Sum[24] (FPA)                                        0.00       4.59 f
  output_reg/in[24] (Registers_1)                         0.00       4.59 f
  output_reg/U32/ZN (AND2_X1)                             0.03       4.62 f
  output_reg/out_reg[24]/D (DFF_X1)                       0.01       4.63 f
  data arrival time                                                  4.63

  clock clk (rise edge)                                   5.54       5.54
  clock network delay (ideal)                             0.00       5.54
  clock uncertainty                                      -0.35       5.19
  output_reg/out_reg[24]/CK (DFF_X1)                      0.00       5.19 r
  library setup time                                     -0.03       5.16
  data required time                                                 5.16
  --------------------------------------------------------------------------
  data required time                                                 5.16
  data arrival time                                                 -4.63
  --------------------------------------------------------------------------
  slack (MET)                                                        0.53


  Startpoint: operand2_reg/out_reg[23]
              (rising edge-triggered flip-flop clocked by clk)
  Endpoint: output_reg/out_reg[29]
            (rising edge-triggered flip-flop clocked by clk)
  Path Group: clk
  Path Type: max

  Des/Clust/Port     Wire Load Model       Library
  ------------------------------------------------
  FPA_final          5K_hvratio_1_1        NangateOpenCellLibrary_ss0p95vn40c

  Point                                                   Incr       Path
  --------------------------------------------------------------------------
  clock clk (rise edge)                                   0.00       0.00
  clock network delay (ideal)                             0.00       0.00
  operand2_reg/out_reg[23]/CK (DFF_X1)                    0.00       0.00 r
  operand2_reg/out_reg[23]/Q (DFF_X1)                     0.10       0.10 f
  operand2_reg/out[23] (Registers_2)                      0.00       0.10 f
  B1/B[23] (FPA)                                          0.00       0.10 f
  B1/sub_53/A[0] (FPA_DW01_sub_1)                         0.00       0.10 f
  B1/sub_53/U4/ZN (INV_X1)                                0.04       0.14 r
  B1/sub_53/U3/ZN (NAND2_X1)                              0.03       0.16 f
  B1/sub_53/U2_1/CO (FA_X1)                               0.08       0.25 f
  B1/sub_53/U2_2/CO (FA_X1)                               0.08       0.33 f
  B1/sub_53/U2_3/CO (FA_X1)                               0.08       0.41 f
  B1/sub_53/U2_4/CO (FA_X1)                               0.08       0.49 f
  B1/sub_53/U2_5/CO (FA_X1)                               0.08       0.57 f
  B1/sub_53/U2_6/S (FA_X1)                                0.11       0.68 r
  B1/sub_53/DIFF[6] (FPA_DW01_sub_1)                      0.00       0.68 r
  B1/srl_55/SH[6] (FPA_DW_rash_1)                         0.00       0.68 r
  B1/srl_55/U155/ZN (OR2_X1)                              0.04       0.72 r
  B1/srl_55/U154/ZN (NOR2_X1)                             0.03       0.75 f
  B1/srl_55/U7/ZN (INV_X1)                                0.05       0.79 r
  B1/srl_55/U139/ZN (NAND2_X1)                            0.05       0.84 f
  B1/srl_55/U136/ZN (OAI222_X1)                           0.06       0.90 r
  B1/srl_55/U17/ZN (INV_X1)                               0.02       0.93 f
  B1/srl_55/U134/Z (MUX2_X1)                              0.06       0.98 f
  B1/srl_55/U129/ZN (AOI21_X1)                            0.03       1.01 r
  B1/srl_55/B[0] (FPA_DW_rash_1)                          0.00       1.01 r
  B1/U209/Z (MUX2_X1)                                     0.07       1.08 r
  B1/U83/ZN (INV_X1)                                      0.04       1.13 f
  B1/add_0_root_add_79_ni/A[0] (FPA_DW01_inc_2)           0.00       1.13 f
  B1/add_0_root_add_79_ni/U1_1_1/S (HA_X1)                0.08       1.21 f
  B1/add_0_root_add_79_ni/SUM[1] (FPA_DW01_inc_2)         0.00       1.21 f
  B1/add_81/A[1] (FPA_DW01_add_1)                         0.00       1.21 f
  B1/add_81/U1_1/CO (FA_X1)                               0.09       1.30 f
  B1/add_81/U1_2/CO (FA_X1)                               0.08       1.38 f
  B1/add_81/U1_3/CO (FA_X1)                               0.08       1.46 f
  B1/add_81/U1_4/CO (FA_X1)                               0.08       1.54 f
  B1/add_81/U1_5/CO (FA_X1)                               0.08       1.62 f
  B1/add_81/U1_6/CO (FA_X1)                               0.08       1.70 f
  B1/add_81/U1_7/CO (FA_X1)                               0.08       1.78 f
  B1/add_81/U1_8/CO (FA_X1)                               0.08       1.86 f
  B1/add_81/U1_9/CO (FA_X1)                               0.08       1.94 f
  B1/add_81/U1_10/CO (FA_X1)                              0.08       2.02 f
  B1/add_81/U1_11/CO (FA_X1)                              0.08       2.10 f
  B1/add_81/U1_12/CO (FA_X1)                              0.08       2.18 f
  B1/add_81/U1_13/CO (FA_X1)                              0.08       2.27 f
  B1/add_81/U1_14/CO (FA_X1)                              0.08       2.35 f
  B1/add_81/U1_15/CO (FA_X1)                              0.08       2.43 f
  B1/add_81/U1_16/CO (FA_X1)                              0.08       2.51 f
  B1/add_81/U1_17/CO (FA_X1)                              0.08       2.59 f
  B1/add_81/U1_18/CO (FA_X1)                              0.08       2.67 f
  B1/add_81/U1_19/CO (FA_X1)                              0.08       2.75 f
  B1/add_81/U1_20/CO (FA_X1)                              0.08       2.83 f
  B1/add_81/U1_21/CO (FA_X1)                              0.08       2.91 f
  B1/add_81/U1_22/CO (FA_X1)                              0.08       2.99 f
  B1/add_81/U1_23/S (FA_X1)                               0.12       3.11 r
  B1/add_81/SUM[23] (FPA_DW01_add_1)                      0.00       3.11 r
  B1/U17/ZN (INV_X1)                                      0.03       3.14 f
  B1/add_0_root_add_89_ni/A[23] (FPA_DW01_inc_4)          0.00       3.14 f
  B1/add_0_root_add_89_ni/U2/Z (XOR2_X1)                  0.06       3.20 f
  B1/add_0_root_add_89_ni/SUM[23] (FPA_DW01_inc_4)        0.00       3.20 f
  B1/U336/ZN (AOI222_X1)                                  0.07       3.27 r
  B1/U335/ZN (AND2_X1)                                    0.06       3.33 r
  B1/U334/ZN (OAI22_X1)                                   0.04       3.37 f
  B1/N_instance/A_mantissa[22] (normalizer)               0.00       3.37 f
  B1/N_instance/U579/ZN (NOR2_X1)                         0.06       3.43 r
  B1/N_instance/U557/ZN (AND3_X1)                         0.06       3.49 r
  B1/N_instance/U221/ZN (AND2_X1)                         0.05       3.54 r
  B1/N_instance/U56/ZN (AND3_X1)                          0.06       3.60 r
  B1/N_instance/U53/ZN (AND2_X1)                          0.05       3.65 r
  B1/N_instance/U55/ZN (AND3_X1)                          0.06       3.70 r
  B1/N_instance/U52/ZN (AND2_X1)                          0.05       3.75 r
  B1/N_instance/U50/ZN (AND3_X1)                          0.06       3.81 r
  B1/N_instance/U54/ZN (AND3_X1)                          0.06       3.87 r
  B1/N_instance/U57/ZN (AND2_X1)                          0.04       3.91 r
  B1/N_instance/U51/ZN (AND2_X1)                          0.05       3.96 r
  B1/N_instance/U60/ZN (AND3_X1)                          0.06       4.02 r
  B1/N_instance/U59/ZN (AND3_X1)                          0.06       4.09 r
  B1/N_instance/U232/ZN (NAND4_X1)                        0.05       4.14 f
  B1/N_instance/U58/ZN (NAND3_X1)                         0.04       4.18 r
  B1/N_instance/U219/ZN (NOR4_X1)                         0.02       4.20 f
  B1/N_instance/U217/ZN (NAND3_X1)                        0.07       4.27 r
  B1/N_instance/U46/ZN (INV_X1)                           0.10       4.37 f
  B1/N_instance/U616/ZN (AOI222_X1)                       0.12       4.49 r
  B1/N_instance/U128/ZN (NAND4_X1)                        0.05       4.54 f
  B1/N_instance/U607/ZN (OR2_X1)                          0.05       4.59 f
  B1/N_instance/O_exponent[6] (normalizer)                0.00       4.59 f
  B1/Sum[29] (FPA)                                        0.00       4.59 f
  output_reg/in[29] (Registers_1)                         0.00       4.59 f
  output_reg/U37/ZN (AND2_X1)                             0.03       4.62 f
  output_reg/out_reg[29]/D (DFF_X1)                       0.01       4.63 f
  data arrival time                                                  4.63

  clock clk (rise edge)                                   5.54       5.54
  clock network delay (ideal)                             0.00       5.54
  clock uncertainty                                      -0.35       5.19
  output_reg/out_reg[29]/CK (DFF_X1)                      0.00       5.19 r
  library setup time                                     -0.03       5.16
  data required time                                                 5.16
  --------------------------------------------------------------------------
  data required time                                                 5.16
  data arrival time                                                 -4.63
  --------------------------------------------------------------------------
  slack (MET)                                                        0.53


  Startpoint: operand2_reg/out_reg[23]
              (rising edge-triggered flip-flop clocked by clk)
  Endpoint: output_reg/out_reg[25]
            (rising edge-triggered flip-flop clocked by clk)
  Path Group: clk
  Path Type: max

  Des/Clust/Port     Wire Load Model       Library
  ------------------------------------------------
  FPA_final          5K_hvratio_1_1        NangateOpenCellLibrary_ss0p95vn40c

  Point                                                   Incr       Path
  --------------------------------------------------------------------------
  clock clk (rise edge)                                   0.00       0.00
  clock network delay (ideal)                             0.00       0.00
  operand2_reg/out_reg[23]/CK (DFF_X1)                    0.00       0.00 r
  operand2_reg/out_reg[23]/Q (DFF_X1)                     0.10       0.10 f
  operand2_reg/out[23] (Registers_2)                      0.00       0.10 f
  B1/B[23] (FPA)                                          0.00       0.10 f
  B1/sub_53/A[0] (FPA_DW01_sub_1)                         0.00       0.10 f
  B1/sub_53/U4/ZN (INV_X1)                                0.04       0.14 r
  B1/sub_53/U3/ZN (NAND2_X1)                              0.03       0.16 f
  B1/sub_53/U2_1/CO (FA_X1)                               0.08       0.25 f
  B1/sub_53/U2_2/CO (FA_X1)                               0.08       0.33 f
  B1/sub_53/U2_3/CO (FA_X1)                               0.08       0.41 f
  B1/sub_53/U2_4/CO (FA_X1)                               0.08       0.49 f
  B1/sub_53/U2_5/CO (FA_X1)                               0.08       0.57 f
  B1/sub_53/U2_6/S (FA_X1)                                0.11       0.68 r
  B1/sub_53/DIFF[6] (FPA_DW01_sub_1)                      0.00       0.68 r
  B1/srl_55/SH[6] (FPA_DW_rash_1)                         0.00       0.68 r
  B1/srl_55/U155/ZN (OR2_X1)                              0.04       0.72 r
  B1/srl_55/U154/ZN (NOR2_X1)                             0.03       0.75 f
  B1/srl_55/U7/ZN (INV_X1)                                0.05       0.79 r
  B1/srl_55/U139/ZN (NAND2_X1)                            0.05       0.84 f
  B1/srl_55/U136/ZN (OAI222_X1)                           0.06       0.90 r
  B1/srl_55/U17/ZN (INV_X1)                               0.02       0.93 f
  B1/srl_55/U134/Z (MUX2_X1)                              0.06       0.98 f
  B1/srl_55/U129/ZN (AOI21_X1)                            0.03       1.01 r
  B1/srl_55/B[0] (FPA_DW_rash_1)                          0.00       1.01 r
  B1/U209/Z (MUX2_X1)                                     0.07       1.08 r
  B1/U83/ZN (INV_X1)                                      0.04       1.13 f
  B1/add_0_root_add_79_ni/A[0] (FPA_DW01_inc_2)           0.00       1.13 f
  B1/add_0_root_add_79_ni/U1_1_1/S (HA_X1)                0.08       1.21 f
  B1/add_0_root_add_79_ni/SUM[1] (FPA_DW01_inc_2)         0.00       1.21 f
  B1/add_81/A[1] (FPA_DW01_add_1)                         0.00       1.21 f
  B1/add_81/U1_1/CO (FA_X1)                               0.09       1.30 f
  B1/add_81/U1_2/CO (FA_X1)                               0.08       1.38 f
  B1/add_81/U1_3/CO (FA_X1)                               0.08       1.46 f
  B1/add_81/U1_4/CO (FA_X1)                               0.08       1.54 f
  B1/add_81/U1_5/CO (FA_X1)                               0.08       1.62 f
  B1/add_81/U1_6/CO (FA_X1)                               0.08       1.70 f
  B1/add_81/U1_7/CO (FA_X1)                               0.08       1.78 f
  B1/add_81/U1_8/CO (FA_X1)                               0.08       1.86 f
  B1/add_81/U1_9/CO (FA_X1)                               0.08       1.94 f
  B1/add_81/U1_10/CO (FA_X1)                              0.08       2.02 f
  B1/add_81/U1_11/CO (FA_X1)                              0.08       2.10 f
  B1/add_81/U1_12/CO (FA_X1)                              0.08       2.18 f
  B1/add_81/U1_13/CO (FA_X1)                              0.08       2.27 f
  B1/add_81/U1_14/CO (FA_X1)                              0.08       2.35 f
  B1/add_81/U1_15/CO (FA_X1)                              0.08       2.43 f
  B1/add_81/U1_16/CO (FA_X1)                              0.08       2.51 f
  B1/add_81/U1_17/CO (FA_X1)                              0.08       2.59 f
  B1/add_81/U1_18/CO (FA_X1)                              0.08       2.67 f
  B1/add_81/U1_19/CO (FA_X1)                              0.08       2.75 f
  B1/add_81/U1_20/CO (FA_X1)                              0.08       2.83 f
  B1/add_81/U1_21/CO (FA_X1)                              0.08       2.91 f
  B1/add_81/U1_22/CO (FA_X1)                              0.08       2.99 f
  B1/add_81/U1_23/S (FA_X1)                               0.12       3.11 r
  B1/add_81/SUM[23] (FPA_DW01_add_1)                      0.00       3.11 r
  B1/U17/ZN (INV_X1)                                      0.03       3.14 f
  B1/add_0_root_add_89_ni/A[23] (FPA_DW01_inc_4)          0.00       3.14 f
  B1/add_0_root_add_89_ni/U2/Z (XOR2_X1)                  0.06       3.20 f
  B1/add_0_root_add_89_ni/SUM[23] (FPA_DW01_inc_4)        0.00       3.20 f
  B1/U336/ZN (AOI222_X1)                                  0.07       3.27 r
  B1/U335/ZN (AND2_X1)                                    0.06       3.33 r
  B1/U334/ZN (OAI22_X1)                                   0.04       3.37 f
  B1/N_instance/A_mantissa[22] (normalizer)               0.00       3.37 f
  B1/N_instance/U579/ZN (NOR2_X1)                         0.06       3.43 r
  B1/N_instance/U557/ZN (AND3_X1)                         0.06       3.49 r
  B1/N_instance/U221/ZN (AND2_X1)                         0.05       3.54 r
  B1/N_instance/U56/ZN (AND3_X1)                          0.06       3.60 r
  B1/N_instance/U53/ZN (AND2_X1)                          0.05       3.65 r
  B1/N_instance/U55/ZN (AND3_X1)                          0.06       3.70 r
  B1/N_instance/U52/ZN (AND2_X1)                          0.05       3.75 r
  B1/N_instance/U50/ZN (AND3_X1)                          0.06       3.81 r
  B1/N_instance/U54/ZN (AND3_X1)                          0.06       3.87 r
  B1/N_instance/U57/ZN (AND2_X1)                          0.04       3.91 r
  B1/N_instance/U51/ZN (AND2_X1)                          0.05       3.96 r
  B1/N_instance/U60/ZN (AND3_X1)                          0.06       4.02 r
  B1/N_instance/U59/ZN (AND3_X1)                          0.06       4.09 r
  B1/N_instance/U232/ZN (NAND4_X1)                        0.05       4.14 f
  B1/N_instance/U58/ZN (NAND3_X1)                         0.04       4.18 r
  B1/N_instance/U219/ZN (NOR4_X1)                         0.02       4.20 f
  B1/N_instance/U217/ZN (NAND3_X1)                        0.07       4.27 r
  B1/N_instance/U46/ZN (INV_X1)                           0.10       4.37 f
  B1/N_instance/U620/ZN (AOI222_X1)                       0.12       4.49 r
  B1/N_instance/U389/ZN (NAND4_X1)                        0.05       4.54 f
  B1/N_instance/U606/ZN (OR2_X1)                          0.05       4.59 f
  B1/N_instance/O_exponent[2] (normalizer)                0.00       4.59 f
  B1/Sum[25] (FPA)                                        0.00       4.59 f
  output_reg/in[25] (Registers_1)                         0.00       4.59 f
  output_reg/U33/ZN (AND2_X1)                             0.03       4.62 f
  output_reg/out_reg[25]/D (DFF_X1)                       0.01       4.63 f
  data arrival time                                                  4.63

  clock clk (rise edge)                                   5.54       5.54
  clock network delay (ideal)                             0.00       5.54
  clock uncertainty                                      -0.35       5.19
  output_reg/out_reg[25]/CK (DFF_X1)                      0.00       5.19 r
  library setup time                                     -0.03       5.16
  data required time                                                 5.16
  --------------------------------------------------------------------------
  data required time                                                 5.16
  data arrival time                                                 -4.63
  --------------------------------------------------------------------------
  slack (MET)                                                        0.53


  Startpoint: operand2_reg/out_reg[23]
              (rising edge-triggered flip-flop clocked by clk)
  Endpoint: output_reg/out_reg[30]
            (rising edge-triggered flip-flop clocked by clk)
  Path Group: clk
  Path Type: max

  Des/Clust/Port     Wire Load Model       Library
  ------------------------------------------------
  FPA_final          5K_hvratio_1_1        NangateOpenCellLibrary_ss0p95vn40c

  Point                                                   Incr       Path
  --------------------------------------------------------------------------
  clock clk (rise edge)                                   0.00       0.00
  clock network delay (ideal)                             0.00       0.00
  operand2_reg/out_reg[23]/CK (DFF_X1)                    0.00       0.00 r
  operand2_reg/out_reg[23]/Q (DFF_X1)                     0.10       0.10 f
  operand2_reg/out[23] (Registers_2)                      0.00       0.10 f
  B1/B[23] (FPA)                                          0.00       0.10 f
  B1/sub_53/A[0] (FPA_DW01_sub_1)                         0.00       0.10 f
  B1/sub_53/U4/ZN (INV_X1)                                0.04       0.14 r
  B1/sub_53/U3/ZN (NAND2_X1)                              0.03       0.16 f
  B1/sub_53/U2_1/CO (FA_X1)                               0.08       0.25 f
  B1/sub_53/U2_2/CO (FA_X1)                               0.08       0.33 f
  B1/sub_53/U2_3/CO (FA_X1)                               0.08       0.41 f
  B1/sub_53/U2_4/CO (FA_X1)                               0.08       0.49 f
  B1/sub_53/U2_5/CO (FA_X1)                               0.08       0.57 f
  B1/sub_53/U2_6/S (FA_X1)                                0.11       0.68 r
  B1/sub_53/DIFF[6] (FPA_DW01_sub_1)                      0.00       0.68 r
  B1/srl_55/SH[6] (FPA_DW_rash_1)                         0.00       0.68 r
  B1/srl_55/U155/ZN (OR2_X1)                              0.04       0.72 r
  B1/srl_55/U154/ZN (NOR2_X1)                             0.03       0.75 f
  B1/srl_55/U7/ZN (INV_X1)                                0.05       0.79 r
  B1/srl_55/U139/ZN (NAND2_X1)                            0.05       0.84 f
  B1/srl_55/U136/ZN (OAI222_X1)                           0.06       0.90 r
  B1/srl_55/U17/ZN (INV_X1)                               0.02       0.93 f
  B1/srl_55/U134/Z (MUX2_X1)                              0.06       0.98 f
  B1/srl_55/U129/ZN (AOI21_X1)                            0.03       1.01 r
  B1/srl_55/B[0] (FPA_DW_rash_1)                          0.00       1.01 r
  B1/U209/Z (MUX2_X1)                                     0.07       1.08 r
  B1/U83/ZN (INV_X1)                                      0.04       1.13 f
  B1/add_0_root_add_79_ni/A[0] (FPA_DW01_inc_2)           0.00       1.13 f
  B1/add_0_root_add_79_ni/U1_1_1/S (HA_X1)                0.08       1.21 f
  B1/add_0_root_add_79_ni/SUM[1] (FPA_DW01_inc_2)         0.00       1.21 f
  B1/add_81/A[1] (FPA_DW01_add_1)                         0.00       1.21 f
  B1/add_81/U1_1/CO (FA_X1)                               0.09       1.30 f
  B1/add_81/U1_2/CO (FA_X1)                               0.08       1.38 f
  B1/add_81/U1_3/CO (FA_X1)                               0.08       1.46 f
  B1/add_81/U1_4/CO (FA_X1)                               0.08       1.54 f
  B1/add_81/U1_5/CO (FA_X1)                               0.08       1.62 f
  B1/add_81/U1_6/CO (FA_X1)                               0.08       1.70 f
  B1/add_81/U1_7/CO (FA_X1)                               0.08       1.78 f
  B1/add_81/U1_8/CO (FA_X1)                               0.08       1.86 f
  B1/add_81/U1_9/CO (FA_X1)                               0.08       1.94 f
  B1/add_81/U1_10/CO (FA_X1)                              0.08       2.02 f
  B1/add_81/U1_11/CO (FA_X1)                              0.08       2.10 f
  B1/add_81/U1_12/CO (FA_X1)                              0.08       2.18 f
  B1/add_81/U1_13/CO (FA_X1)                              0.08       2.27 f
  B1/add_81/U1_14/CO (FA_X1)                              0.08       2.35 f
  B1/add_81/U1_15/CO (FA_X1)                              0.08       2.43 f
  B1/add_81/U1_16/CO (FA_X1)                              0.08       2.51 f
  B1/add_81/U1_17/CO (FA_X1)                              0.08       2.59 f
  B1/add_81/U1_18/CO (FA_X1)                              0.08       2.67 f
  B1/add_81/U1_19/CO (FA_X1)                              0.08       2.75 f
  B1/add_81/U1_20/CO (FA_X1)                              0.08       2.83 f
  B1/add_81/U1_21/CO (FA_X1)                              0.08       2.91 f
  B1/add_81/U1_22/CO (FA_X1)                              0.08       2.99 f
  B1/add_81/U1_23/S (FA_X1)                               0.12       3.11 r
  B1/add_81/SUM[23] (FPA_DW01_add_1)                      0.00       3.11 r
  B1/U17/ZN (INV_X1)                                      0.03       3.14 f
  B1/add_0_root_add_89_ni/A[23] (FPA_DW01_inc_4)          0.00       3.14 f
  B1/add_0_root_add_89_ni/U2/Z (XOR2_X1)                  0.06       3.20 f
  B1/add_0_root_add_89_ni/SUM[23] (FPA_DW01_inc_4)        0.00       3.20 f
  B1/U336/ZN (AOI222_X1)                                  0.07       3.27 r
  B1/U335/ZN (AND2_X1)                                    0.06       3.33 r
  B1/U334/ZN (OAI22_X1)                                   0.04       3.37 f
  B1/N_instance/A_mantissa[22] (normalizer)               0.00       3.37 f
  B1/N_instance/U579/ZN (NOR2_X1)                         0.06       3.43 r
  B1/N_instance/U557/ZN (AND3_X1)                         0.06       3.49 r
  B1/N_instance/U221/ZN (AND2_X1)                         0.05       3.54 r
  B1/N_instance/U56/ZN (AND3_X1)                          0.06       3.60 r
  B1/N_instance/U53/ZN (AND2_X1)                          0.05       3.65 r
  B1/N_instance/U55/ZN (AND3_X1)                          0.06       3.70 r
  B1/N_instance/U52/ZN (AND2_X1)                          0.05       3.75 r
  B1/N_instance/U50/ZN (AND3_X1)                          0.06       3.81 r
  B1/N_instance/U54/ZN (AND3_X1)                          0.06       3.87 r
  B1/N_instance/U57/ZN (AND2_X1)                          0.04       3.91 r
  B1/N_instance/U51/ZN (AND2_X1)                          0.05       3.96 r
  B1/N_instance/U60/ZN (AND3_X1)                          0.06       4.02 r
  B1/N_instance/U59/ZN (AND3_X1)                          0.06       4.09 r
  B1/N_instance/U232/ZN (NAND4_X1)                        0.05       4.14 f
  B1/N_instance/U58/ZN (NAND3_X1)                         0.04       4.18 r
  B1/N_instance/U219/ZN (NOR4_X1)                         0.02       4.20 f
  B1/N_instance/U217/ZN (NAND3_X1)                        0.07       4.27 r
  B1/N_instance/U46/ZN (INV_X1)                           0.10       4.37 f
  B1/N_instance/U615/ZN (AOI222_X1)                       0.12       4.49 r
  B1/N_instance/U132/ZN (NAND4_X1)                        0.05       4.54 f
  B1/N_instance/U609/ZN (OR2_X1)                          0.05       4.59 f
  B1/N_instance/O_exponent[7] (normalizer)                0.00       4.59 f
  B1/Sum[30] (FPA)                                        0.00       4.59 f
  output_reg/in[30] (Registers_1)                         0.00       4.59 f
  output_reg/U38/ZN (AND2_X1)                             0.03       4.62 f
  output_reg/out_reg[30]/D (DFF_X1)                       0.01       4.63 f
  data arrival time                                                  4.63

  clock clk (rise edge)                                   5.54       5.54
  clock network delay (ideal)                             0.00       5.54
  clock uncertainty                                      -0.35       5.19
  output_reg/out_reg[30]/CK (DFF_X1)                      0.00       5.19 r
  library setup time                                     -0.03       5.16
  data required time                                                 5.16
  --------------------------------------------------------------------------
  data required time                                                 5.16
  data arrival time                                                 -4.63
  --------------------------------------------------------------------------
  slack (MET)                                                        0.53


  Startpoint: operand2_reg/out_reg[23]
              (rising edge-triggered flip-flop clocked by clk)
  Endpoint: output_reg/out_reg[27]
            (rising edge-triggered flip-flop clocked by clk)
  Path Group: clk
  Path Type: max

  Des/Clust/Port     Wire Load Model       Library
  ------------------------------------------------
  FPA_final          5K_hvratio_1_1        NangateOpenCellLibrary_ss0p95vn40c

  Point                                                   Incr       Path
  --------------------------------------------------------------------------
  clock clk (rise edge)                                   0.00       0.00
  clock network delay (ideal)                             0.00       0.00
  operand2_reg/out_reg[23]/CK (DFF_X1)                    0.00       0.00 r
  operand2_reg/out_reg[23]/Q (DFF_X1)                     0.10       0.10 f
  operand2_reg/out[23] (Registers_2)                      0.00       0.10 f
  B1/B[23] (FPA)                                          0.00       0.10 f
  B1/sub_53/A[0] (FPA_DW01_sub_1)                         0.00       0.10 f
  B1/sub_53/U4/ZN (INV_X1)                                0.04       0.14 r
  B1/sub_53/U3/ZN (NAND2_X1)                              0.03       0.16 f
  B1/sub_53/U2_1/CO (FA_X1)                               0.08       0.25 f
  B1/sub_53/U2_2/CO (FA_X1)                               0.08       0.33 f
  B1/sub_53/U2_3/CO (FA_X1)                               0.08       0.41 f
  B1/sub_53/U2_4/CO (FA_X1)                               0.08       0.49 f
  B1/sub_53/U2_5/CO (FA_X1)                               0.08       0.57 f
  B1/sub_53/U2_6/S (FA_X1)                                0.11       0.68 r
  B1/sub_53/DIFF[6] (FPA_DW01_sub_1)                      0.00       0.68 r
  B1/srl_55/SH[6] (FPA_DW_rash_1)                         0.00       0.68 r
  B1/srl_55/U155/ZN (OR2_X1)                              0.04       0.72 r
  B1/srl_55/U154/ZN (NOR2_X1)                             0.03       0.75 f
  B1/srl_55/U7/ZN (INV_X1)                                0.05       0.79 r
  B1/srl_55/U139/ZN (NAND2_X1)                            0.05       0.84 f
  B1/srl_55/U136/ZN (OAI222_X1)                           0.06       0.90 r
  B1/srl_55/U17/ZN (INV_X1)                               0.02       0.93 f
  B1/srl_55/U134/Z (MUX2_X1)                              0.06       0.98 f
  B1/srl_55/U129/ZN (AOI21_X1)                            0.03       1.01 r
  B1/srl_55/B[0] (FPA_DW_rash_1)                          0.00       1.01 r
  B1/U209/Z (MUX2_X1)                                     0.07       1.08 r
  B1/U83/ZN (INV_X1)                                      0.04       1.13 f
  B1/add_0_root_add_79_ni/A[0] (FPA_DW01_inc_2)           0.00       1.13 f
  B1/add_0_root_add_79_ni/U1_1_1/S (HA_X1)                0.08       1.21 f
  B1/add_0_root_add_79_ni/SUM[1] (FPA_DW01_inc_2)         0.00       1.21 f
  B1/add_81/A[1] (FPA_DW01_add_1)                         0.00       1.21 f
  B1/add_81/U1_1/CO (FA_X1)                               0.09       1.30 f
  B1/add_81/U1_2/CO (FA_X1)                               0.08       1.38 f
  B1/add_81/U1_3/CO (FA_X1)                               0.08       1.46 f
  B1/add_81/U1_4/CO (FA_X1)                               0.08       1.54 f
  B1/add_81/U1_5/CO (FA_X1)                               0.08       1.62 f
  B1/add_81/U1_6/CO (FA_X1)                               0.08       1.70 f
  B1/add_81/U1_7/CO (FA_X1)                               0.08       1.78 f
  B1/add_81/U1_8/CO (FA_X1)                               0.08       1.86 f
  B1/add_81/U1_9/CO (FA_X1)                               0.08       1.94 f
  B1/add_81/U1_10/CO (FA_X1)                              0.08       2.02 f
  B1/add_81/U1_11/CO (FA_X1)                              0.08       2.10 f
  B1/add_81/U1_12/CO (FA_X1)                              0.08       2.18 f
  B1/add_81/U1_13/CO (FA_X1)                              0.08       2.27 f
  B1/add_81/U1_14/CO (FA_X1)                              0.08       2.35 f
  B1/add_81/U1_15/CO (FA_X1)                              0.08       2.43 f
  B1/add_81/U1_16/CO (FA_X1)                              0.08       2.51 f
  B1/add_81/U1_17/CO (FA_X1)                              0.08       2.59 f
  B1/add_81/U1_18/CO (FA_X1)                              0.08       2.67 f
  B1/add_81/U1_19/CO (FA_X1)                              0.08       2.75 f
  B1/add_81/U1_20/CO (FA_X1)                              0.08       2.83 f
  B1/add_81/U1_21/CO (FA_X1)                              0.08       2.91 f
  B1/add_81/U1_22/CO (FA_X1)                              0.08       2.99 f
  B1/add_81/U1_23/S (FA_X1)                               0.12       3.11 r
  B1/add_81/SUM[23] (FPA_DW01_add_1)                      0.00       3.11 r
  B1/U17/ZN (INV_X1)                                      0.03       3.14 f
  B1/add_0_root_add_89_ni/A[23] (FPA_DW01_inc_4)          0.00       3.14 f
  B1/add_0_root_add_89_ni/U2/Z (XOR2_X1)                  0.06       3.20 f
  B1/add_0_root_add_89_ni/SUM[23] (FPA_DW01_inc_4)        0.00       3.20 f
  B1/U336/ZN (AOI222_X1)                                  0.07       3.27 r
  B1/U335/ZN (AND2_X1)                                    0.06       3.33 r
  B1/U334/ZN (OAI22_X1)                                   0.04       3.37 f
  B1/N_instance/A_mantissa[22] (normalizer)               0.00       3.37 f
  B1/N_instance/U579/ZN (NOR2_X1)                         0.06       3.43 r
  B1/N_instance/U557/ZN (AND3_X1)                         0.06       3.49 r
  B1/N_instance/U221/ZN (AND2_X1)                         0.05       3.54 r
  B1/N_instance/U56/ZN (AND3_X1)                          0.06       3.60 r
  B1/N_instance/U53/ZN (AND2_X1)                          0.05       3.65 r
  B1/N_instance/U55/ZN (AND3_X1)                          0.06       3.70 r
  B1/N_instance/U52/ZN (AND2_X1)                          0.05       3.75 r
  B1/N_instance/U50/ZN (AND3_X1)                          0.06       3.81 r
  B1/N_instance/U54/ZN (AND3_X1)                          0.06       3.87 r
  B1/N_instance/U57/ZN (AND2_X1)                          0.04       3.91 r
  B1/N_instance/U51/ZN (AND2_X1)                          0.05       3.96 r
  B1/N_instance/U60/ZN (AND3_X1)                          0.06       4.02 r
  B1/N_instance/U59/ZN (AND3_X1)                          0.06       4.09 r
  B1/N_instance/U232/ZN (NAND4_X1)                        0.05       4.14 f
  B1/N_instance/U58/ZN (NAND3_X1)                         0.04       4.18 r
  B1/N_instance/U219/ZN (NOR4_X1)                         0.02       4.20 f
  B1/N_instance/U217/ZN (NAND3_X1)                        0.07       4.27 r
  B1/N_instance/U46/ZN (INV_X1)                           0.10       4.37 f
  B1/N_instance/U618/ZN (AOI222_X1)                       0.12       4.49 r
  B1/N_instance/U120/ZN (NAND4_X1)                        0.05       4.54 f
  B1/N_instance/U611/ZN (OR2_X1)                          0.05       4.59 f
  B1/N_instance/O_exponent[4] (normalizer)                0.00       4.59 f
  B1/Sum[27] (FPA)                                        0.00       4.59 f
  output_reg/in[27] (Registers_1)                         0.00       4.59 f
  output_reg/U35/ZN (AND2_X1)                             0.03       4.62 f
  output_reg/out_reg[27]/D (DFF_X1)                       0.01       4.63 f
  data arrival time                                                  4.63

  clock clk (rise edge)                                   5.54       5.54
  clock network delay (ideal)                             0.00       5.54
  clock uncertainty                                      -0.35       5.19
  output_reg/out_reg[27]/CK (DFF_X1)                      0.00       5.19 r
  library setup time                                     -0.03       5.16
  data required time                                                 5.16
  --------------------------------------------------------------------------
  data required time                                                 5.16
  data arrival time                                                 -4.63
  --------------------------------------------------------------------------
  slack (MET)                                                        0.53


  Startpoint: operand2_reg/out_reg[23]
              (rising edge-triggered flip-flop clocked by clk)
  Endpoint: output_reg/out_reg[23]
            (rising edge-triggered flip-flop clocked by clk)
  Path Group: clk
  Path Type: max

  Des/Clust/Port     Wire Load Model       Library
  ------------------------------------------------
  FPA_final          5K_hvratio_1_1        NangateOpenCellLibrary_ss0p95vn40c

  Point                                                   Incr       Path
  --------------------------------------------------------------------------
  clock clk (rise edge)                                   0.00       0.00
  clock network delay (ideal)                             0.00       0.00
  operand2_reg/out_reg[23]/CK (DFF_X1)                    0.00       0.00 r
  operand2_reg/out_reg[23]/Q (DFF_X1)                     0.10       0.10 f
  operand2_reg/out[23] (Registers_2)                      0.00       0.10 f
  B1/B[23] (FPA)                                          0.00       0.10 f
  B1/sub_53/A[0] (FPA_DW01_sub_1)                         0.00       0.10 f
  B1/sub_53/U4/ZN (INV_X1)                                0.04       0.14 r
  B1/sub_53/U3/ZN (NAND2_X1)                              0.03       0.16 f
  B1/sub_53/U2_1/CO (FA_X1)                               0.08       0.25 f
  B1/sub_53/U2_2/CO (FA_X1)                               0.08       0.33 f
  B1/sub_53/U2_3/CO (FA_X1)                               0.08       0.41 f
  B1/sub_53/U2_4/CO (FA_X1)                               0.08       0.49 f
  B1/sub_53/U2_5/CO (FA_X1)                               0.08       0.57 f
  B1/sub_53/U2_6/S (FA_X1)                                0.11       0.68 r
  B1/sub_53/DIFF[6] (FPA_DW01_sub_1)                      0.00       0.68 r
  B1/srl_55/SH[6] (FPA_DW_rash_1)                         0.00       0.68 r
  B1/srl_55/U155/ZN (OR2_X1)                              0.04       0.72 r
  B1/srl_55/U154/ZN (NOR2_X1)                             0.03       0.75 f
  B1/srl_55/U7/ZN (INV_X1)                                0.05       0.79 r
  B1/srl_55/U139/ZN (NAND2_X1)                            0.05       0.84 f
  B1/srl_55/U136/ZN (OAI222_X1)                           0.06       0.90 r
  B1/srl_55/U17/ZN (INV_X1)                               0.02       0.93 f
  B1/srl_55/U134/Z (MUX2_X1)                              0.06       0.98 f
  B1/srl_55/U129/ZN (AOI21_X1)                            0.03       1.01 r
  B1/srl_55/B[0] (FPA_DW_rash_1)                          0.00       1.01 r
  B1/U209/Z (MUX2_X1)                                     0.07       1.08 r
  B1/U83/ZN (INV_X1)                                      0.04       1.13 f
  B1/add_0_root_add_79_ni/A[0] (FPA_DW01_inc_2)           0.00       1.13 f
  B1/add_0_root_add_79_ni/U1_1_1/S (HA_X1)                0.08       1.21 f
  B1/add_0_root_add_79_ni/SUM[1] (FPA_DW01_inc_2)         0.00       1.21 f
  B1/add_81/A[1] (FPA_DW01_add_1)                         0.00       1.21 f
  B1/add_81/U1_1/CO (FA_X1)                               0.09       1.30 f
  B1/add_81/U1_2/CO (FA_X1)                               0.08       1.38 f
  B1/add_81/U1_3/CO (FA_X1)                               0.08       1.46 f
  B1/add_81/U1_4/CO (FA_X1)                               0.08       1.54 f
  B1/add_81/U1_5/CO (FA_X1)                               0.08       1.62 f
  B1/add_81/U1_6/CO (FA_X1)                               0.08       1.70 f
  B1/add_81/U1_7/CO (FA_X1)                               0.08       1.78 f
  B1/add_81/U1_8/CO (FA_X1)                               0.08       1.86 f
  B1/add_81/U1_9/CO (FA_X1)                               0.08       1.94 f
  B1/add_81/U1_10/CO (FA_X1)                              0.08       2.02 f
  B1/add_81/U1_11/CO (FA_X1)                              0.08       2.10 f
  B1/add_81/U1_12/CO (FA_X1)                              0.08       2.18 f
  B1/add_81/U1_13/CO (FA_X1)                              0.08       2.27 f
  B1/add_81/U1_14/CO (FA_X1)                              0.08       2.35 f
  B1/add_81/U1_15/CO (FA_X1)                              0.08       2.43 f
  B1/add_81/U1_16/CO (FA_X1)                              0.08       2.51 f
  B1/add_81/U1_17/CO (FA_X1)                              0.08       2.59 f
  B1/add_81/U1_18/CO (FA_X1)                              0.08       2.67 f
  B1/add_81/U1_19/CO (FA_X1)                              0.08       2.75 f
  B1/add_81/U1_20/CO (FA_X1)                              0.08       2.83 f
  B1/add_81/U1_21/CO (FA_X1)                              0.08       2.91 f
  B1/add_81/U1_22/CO (FA_X1)                              0.08       2.99 f
  B1/add_81/U1_23/S (FA_X1)                               0.12       3.11 r
  B1/add_81/SUM[23] (FPA_DW01_add_1)                      0.00       3.11 r
  B1/U17/ZN (INV_X1)                                      0.03       3.14 f
  B1/add_0_root_add_89_ni/A[23] (FPA_DW01_inc_4)          0.00       3.14 f
  B1/add_0_root_add_89_ni/U2/Z (XOR2_X1)                  0.06       3.20 f
  B1/add_0_root_add_89_ni/SUM[23] (FPA_DW01_inc_4)        0.00       3.20 f
  B1/U336/ZN (AOI222_X1)                                  0.07       3.27 r
  B1/U335/ZN (AND2_X1)                                    0.06       3.33 r
  B1/U334/ZN (OAI22_X1)                                   0.04       3.37 f
  B1/N_instance/A_mantissa[22] (normalizer)               0.00       3.37 f
  B1/N_instance/U579/ZN (NOR2_X1)                         0.06       3.43 r
  B1/N_instance/U557/ZN (AND3_X1)                         0.06       3.49 r
  B1/N_instance/U221/ZN (AND2_X1)                         0.05       3.54 r
  B1/N_instance/U56/ZN (AND3_X1)                          0.06       3.60 r
  B1/N_instance/U53/ZN (AND2_X1)                          0.05       3.65 r
  B1/N_instance/U55/ZN (AND3_X1)                          0.06       3.70 r
  B1/N_instance/U52/ZN (AND2_X1)                          0.05       3.75 r
  B1/N_instance/U50/ZN (AND3_X1)                          0.06       3.81 r
  B1/N_instance/U54/ZN (AND3_X1)                          0.06       3.87 r
  B1/N_instance/U57/ZN (AND2_X1)                          0.04       3.91 r
  B1/N_instance/U51/ZN (AND2_X1)                          0.05       3.96 r
  B1/N_instance/U60/ZN (AND3_X1)                          0.06       4.02 r
  B1/N_instance/U59/ZN (AND3_X1)                          0.06       4.09 r
  B1/N_instance/U232/ZN (NAND4_X1)                        0.05       4.14 f
  B1/N_instance/U58/ZN (NAND3_X1)                         0.04       4.18 r
  B1/N_instance/U219/ZN (NOR4_X1)                         0.02       4.20 f
  B1/N_instance/U217/ZN (NAND3_X1)                        0.07       4.27 r
  B1/N_instance/U46/ZN (INV_X1)                           0.10       4.37 f
  B1/N_instance/U622/ZN (AOI222_X1)                       0.12       4.49 r
  B1/N_instance/U381/ZN (NAND4_X1)                        0.05       4.54 f
  B1/N_instance/U610/ZN (OR2_X1)                          0.05       4.59 f
  B1/N_instance/O_exponent[0] (normalizer)                0.00       4.59 f
  B1/Sum[23] (FPA)                                        0.00       4.59 f
  output_reg/in[23] (Registers_1)                         0.00       4.59 f
  output_reg/U31/ZN (AND2_X1)                             0.03       4.62 f
  output_reg/out_reg[23]/D (DFF_X1)                       0.01       4.63 f
  data arrival time                                                  4.63

  clock clk (rise edge)                                   5.54       5.54
  clock network delay (ideal)                             0.00       5.54
  clock uncertainty                                      -0.35       5.19
  output_reg/out_reg[23]/CK (DFF_X1)                      0.00       5.19 r
  library setup time                                     -0.03       5.16
  data required time                                                 5.16
  --------------------------------------------------------------------------
  data required time                                                 5.16
  data arrival time                                                 -4.63
  --------------------------------------------------------------------------
  slack (MET)                                                        0.53


  Startpoint: operand2_reg/out_reg[23]
              (rising edge-triggered flip-flop clocked by clk)
  Endpoint: output_reg/out_reg[4]
            (rising edge-triggered flip-flop clocked by clk)
  Path Group: clk
  Path Type: max

  Des/Clust/Port     Wire Load Model       Library
  ------------------------------------------------
  FPA_final          5K_hvratio_1_1        NangateOpenCellLibrary_ss0p95vn40c

  Point                                                   Incr       Path
  --------------------------------------------------------------------------
  clock clk (rise edge)                                   0.00       0.00
  clock network delay (ideal)                             0.00       0.00
  operand2_reg/out_reg[23]/CK (DFF_X1)                    0.00       0.00 r
  operand2_reg/out_reg[23]/Q (DFF_X1)                     0.10       0.10 f
  operand2_reg/out[23] (Registers_2)                      0.00       0.10 f
  B1/B[23] (FPA)                                          0.00       0.10 f
  B1/sub_53/A[0] (FPA_DW01_sub_1)                         0.00       0.10 f
  B1/sub_53/U4/ZN (INV_X1)                                0.04       0.14 r
  B1/sub_53/U3/ZN (NAND2_X1)                              0.03       0.16 f
  B1/sub_53/U2_1/CO (FA_X1)                               0.08       0.25 f
  B1/sub_53/U2_2/CO (FA_X1)                               0.08       0.33 f
  B1/sub_53/U2_3/CO (FA_X1)                               0.08       0.41 f
  B1/sub_53/U2_4/CO (FA_X1)                               0.08       0.49 f
  B1/sub_53/U2_5/CO (FA_X1)                               0.08       0.57 f
  B1/sub_53/U2_6/S (FA_X1)                                0.11       0.68 r
  B1/sub_53/DIFF[6] (FPA_DW01_sub_1)                      0.00       0.68 r
  B1/srl_55/SH[6] (FPA_DW_rash_1)                         0.00       0.68 r
  B1/srl_55/U155/ZN (OR2_X1)                              0.04       0.72 r
  B1/srl_55/U154/ZN (NOR2_X1)                             0.03       0.75 f
  B1/srl_55/U7/ZN (INV_X1)                                0.05       0.79 r
  B1/srl_55/U139/ZN (NAND2_X1)                            0.05       0.84 f
  B1/srl_55/U136/ZN (OAI222_X1)                           0.06       0.90 r
  B1/srl_55/U17/ZN (INV_X1)                               0.02       0.93 f
  B1/srl_55/U134/Z (MUX2_X1)                              0.06       0.98 f
  B1/srl_55/U129/ZN (AOI21_X1)                            0.03       1.01 r
  B1/srl_55/B[0] (FPA_DW_rash_1)                          0.00       1.01 r
  B1/U209/Z (MUX2_X1)                                     0.07       1.08 r
  B1/U83/ZN (INV_X1)                                      0.04       1.13 f
  B1/add_0_root_add_79_ni/A[0] (FPA_DW01_inc_2)           0.00       1.13 f
  B1/add_0_root_add_79_ni/U1_1_1/S (HA_X1)                0.08       1.21 f
  B1/add_0_root_add_79_ni/SUM[1] (FPA_DW01_inc_2)         0.00       1.21 f
  B1/add_81/A[1] (FPA_DW01_add_1)                         0.00       1.21 f
  B1/add_81/U1_1/CO (FA_X1)                               0.09       1.30 f
  B1/add_81/U1_2/CO (FA_X1)                               0.08       1.38 f
  B1/add_81/U1_3/CO (FA_X1)                               0.08       1.46 f
  B1/add_81/U1_4/CO (FA_X1)                               0.08       1.54 f
  B1/add_81/U1_5/CO (FA_X1)                               0.08       1.62 f
  B1/add_81/U1_6/CO (FA_X1)                               0.08       1.70 f
  B1/add_81/U1_7/CO (FA_X1)                               0.08       1.78 f
  B1/add_81/U1_8/CO (FA_X1)                               0.08       1.86 f
  B1/add_81/U1_9/CO (FA_X1)                               0.08       1.94 f
  B1/add_81/U1_10/CO (FA_X1)                              0.08       2.02 f
  B1/add_81/U1_11/CO (FA_X1)                              0.08       2.10 f
  B1/add_81/U1_12/CO (FA_X1)                              0.08       2.18 f
  B1/add_81/U1_13/CO (FA_X1)                              0.08       2.27 f
  B1/add_81/U1_14/CO (FA_X1)                              0.08       2.35 f
  B1/add_81/U1_15/CO (FA_X1)                              0.08       2.43 f
  B1/add_81/U1_16/CO (FA_X1)                              0.08       2.51 f
  B1/add_81/U1_17/CO (FA_X1)                              0.08       2.59 f
  B1/add_81/U1_18/CO (FA_X1)                              0.08       2.67 f
  B1/add_81/U1_19/CO (FA_X1)                              0.08       2.75 f
  B1/add_81/U1_20/CO (FA_X1)                              0.08       2.83 f
  B1/add_81/U1_21/CO (FA_X1)                              0.08       2.91 f
  B1/add_81/U1_22/CO (FA_X1)                              0.08       2.99 f
  B1/add_81/U1_23/S (FA_X1)                               0.12       3.11 r
  B1/add_81/SUM[23] (FPA_DW01_add_1)                      0.00       3.11 r
  B1/U17/ZN (INV_X1)                                      0.03       3.14 f
  B1/add_0_root_add_89_ni/A[23] (FPA_DW01_inc_4)          0.00       3.14 f
  B1/add_0_root_add_89_ni/U2/Z (XOR2_X1)                  0.06       3.20 f
  B1/add_0_root_add_89_ni/SUM[23] (FPA_DW01_inc_4)        0.00       3.20 f
  B1/U336/ZN (AOI222_X1)                                  0.07       3.27 r
  B1/U335/ZN (AND2_X1)                                    0.06       3.33 r
  B1/U334/ZN (OAI22_X1)                                   0.04       3.37 f
  B1/N_instance/A_mantissa[22] (normalizer)               0.00       3.37 f
  B1/N_instance/U579/ZN (NOR2_X1)                         0.06       3.43 r
  B1/N_instance/U557/ZN (AND3_X1)                         0.06       3.49 r
  B1/N_instance/U221/ZN (AND2_X1)                         0.05       3.54 r
  B1/N_instance/U56/ZN (AND3_X1)                          0.06       3.60 r
  B1/N_instance/U53/ZN (AND2_X1)                          0.05       3.65 r
  B1/N_instance/U55/ZN (AND3_X1)                          0.06       3.70 r
  B1/N_instance/U52/ZN (AND2_X1)                          0.05       3.75 r
  B1/N_instance/U50/ZN (AND3_X1)                          0.06       3.81 r
  B1/N_instance/U54/ZN (AND3_X1)                          0.06       3.87 r
  B1/N_instance/U57/ZN (AND2_X1)                          0.04       3.91 r
  B1/N_instance/U51/ZN (AND2_X1)                          0.05       3.96 r
  B1/N_instance/U60/ZN (AND3_X1)                          0.06       4.02 r
  B1/N_instance/U59/ZN (AND3_X1)                          0.06       4.09 r
  B1/N_instance/U232/ZN (NAND4_X1)                        0.05       4.14 f
  B1/N_instance/U58/ZN (NAND3_X1)                         0.04       4.18 r
  B1/N_instance/U219/ZN (NOR4_X1)                         0.02       4.20 f
  B1/N_instance/U217/ZN (NAND3_X1)                        0.07       4.27 r
  B1/N_instance/U46/ZN (INV_X1)                           0.10       4.37 f
  B1/N_instance/U231/ZN (AOI222_X1)                       0.11       4.48 r
  B1/N_instance/U589/ZN (OAI221_X1)                       0.05       4.53 f
  B1/N_instance/O_mantissa[4] (normalizer)                0.00       4.53 f
  B1/Sum[4] (FPA)                                         0.00       4.53 f
  output_reg/in[4] (Registers_1)                          0.00       4.53 f
  output_reg/U11/ZN (AND2_X1)                             0.04       4.57 f
  output_reg/out_reg[4]/D (DFF_X1)                        0.01       4.58 f
  data arrival time                                                  4.58

  clock clk (rise edge)                                   5.54       5.54
  clock network delay (ideal)                             0.00       5.54
  clock uncertainty                                      -0.35       5.19
  output_reg/out_reg[4]/CK (DFF_X1)                       0.00       5.19 r
  library setup time                                     -0.03       5.16
  data required time                                                 5.16
  --------------------------------------------------------------------------
  data required time                                                 5.16
  data arrival time                                                 -4.58
  --------------------------------------------------------------------------
  slack (MET)                                                        0.58


  Startpoint: operand2_reg/out_reg[23]
              (rising edge-triggered flip-flop clocked by clk)
  Endpoint: output_reg/out_reg[11]
            (rising edge-triggered flip-flop clocked by clk)
  Path Group: clk
  Path Type: max

  Des/Clust/Port     Wire Load Model       Library
  ------------------------------------------------
  FPA_final          5K_hvratio_1_1        NangateOpenCellLibrary_ss0p95vn40c

  Point                                                   Incr       Path
  --------------------------------------------------------------------------
  clock clk (rise edge)                                   0.00       0.00
  clock network delay (ideal)                             0.00       0.00
  operand2_reg/out_reg[23]/CK (DFF_X1)                    0.00       0.00 r
  operand2_reg/out_reg[23]/Q (DFF_X1)                     0.10       0.10 f
  operand2_reg/out[23] (Registers_2)                      0.00       0.10 f
  B1/B[23] (FPA)                                          0.00       0.10 f
  B1/sub_53/A[0] (FPA_DW01_sub_1)                         0.00       0.10 f
  B1/sub_53/U4/ZN (INV_X1)                                0.04       0.14 r
  B1/sub_53/U3/ZN (NAND2_X1)                              0.03       0.16 f
  B1/sub_53/U2_1/CO (FA_X1)                               0.08       0.25 f
  B1/sub_53/U2_2/CO (FA_X1)                               0.08       0.33 f
  B1/sub_53/U2_3/CO (FA_X1)                               0.08       0.41 f
  B1/sub_53/U2_4/CO (FA_X1)                               0.08       0.49 f
  B1/sub_53/U2_5/CO (FA_X1)                               0.08       0.57 f
  B1/sub_53/U2_6/S (FA_X1)                                0.11       0.68 r
  B1/sub_53/DIFF[6] (FPA_DW01_sub_1)                      0.00       0.68 r
  B1/srl_55/SH[6] (FPA_DW_rash_1)                         0.00       0.68 r
  B1/srl_55/U155/ZN (OR2_X1)                              0.04       0.72 r
  B1/srl_55/U154/ZN (NOR2_X1)                             0.03       0.75 f
  B1/srl_55/U7/ZN (INV_X1)                                0.05       0.79 r
  B1/srl_55/U139/ZN (NAND2_X1)                            0.05       0.84 f
  B1/srl_55/U136/ZN (OAI222_X1)                           0.06       0.90 r
  B1/srl_55/U17/ZN (INV_X1)                               0.02       0.93 f
  B1/srl_55/U134/Z (MUX2_X1)                              0.06       0.98 f
  B1/srl_55/U129/ZN (AOI21_X1)                            0.03       1.01 r
  B1/srl_55/B[0] (FPA_DW_rash_1)                          0.00       1.01 r
  B1/U209/Z (MUX2_X1)                                     0.07       1.08 r
  B1/U83/ZN (INV_X1)                                      0.04       1.13 f
  B1/add_0_root_add_79_ni/A[0] (FPA_DW01_inc_2)           0.00       1.13 f
  B1/add_0_root_add_79_ni/U1_1_1/S (HA_X1)                0.08       1.21 f
  B1/add_0_root_add_79_ni/SUM[1] (FPA_DW01_inc_2)         0.00       1.21 f
  B1/add_81/A[1] (FPA_DW01_add_1)                         0.00       1.21 f
  B1/add_81/U1_1/CO (FA_X1)                               0.09       1.30 f
  B1/add_81/U1_2/CO (FA_X1)                               0.08       1.38 f
  B1/add_81/U1_3/CO (FA_X1)                               0.08       1.46 f
  B1/add_81/U1_4/CO (FA_X1)                               0.08       1.54 f
  B1/add_81/U1_5/CO (FA_X1)                               0.08       1.62 f
  B1/add_81/U1_6/CO (FA_X1)                               0.08       1.70 f
  B1/add_81/U1_7/CO (FA_X1)                               0.08       1.78 f
  B1/add_81/U1_8/CO (FA_X1)                               0.08       1.86 f
  B1/add_81/U1_9/CO (FA_X1)                               0.08       1.94 f
  B1/add_81/U1_10/CO (FA_X1)                              0.08       2.02 f
  B1/add_81/U1_11/CO (FA_X1)                              0.08       2.10 f
  B1/add_81/U1_12/CO (FA_X1)                              0.08       2.18 f
  B1/add_81/U1_13/CO (FA_X1)                              0.08       2.27 f
  B1/add_81/U1_14/CO (FA_X1)                              0.08       2.35 f
  B1/add_81/U1_15/CO (FA_X1)                              0.08       2.43 f
  B1/add_81/U1_16/CO (FA_X1)                              0.08       2.51 f
  B1/add_81/U1_17/CO (FA_X1)                              0.08       2.59 f
  B1/add_81/U1_18/CO (FA_X1)                              0.08       2.67 f
  B1/add_81/U1_19/CO (FA_X1)                              0.08       2.75 f
  B1/add_81/U1_20/CO (FA_X1)                              0.08       2.83 f
  B1/add_81/U1_21/CO (FA_X1)                              0.08       2.91 f
  B1/add_81/U1_22/CO (FA_X1)                              0.08       2.99 f
  B1/add_81/U1_23/S (FA_X1)                               0.12       3.11 r
  B1/add_81/SUM[23] (FPA_DW01_add_1)                      0.00       3.11 r
  B1/U17/ZN (INV_X1)                                      0.03       3.14 f
  B1/add_0_root_add_89_ni/A[23] (FPA_DW01_inc_4)          0.00       3.14 f
  B1/add_0_root_add_89_ni/U2/Z (XOR2_X1)                  0.06       3.20 f
  B1/add_0_root_add_89_ni/SUM[23] (FPA_DW01_inc_4)        0.00       3.20 f
  B1/U336/ZN (AOI222_X1)                                  0.07       3.27 r
  B1/U335/ZN (AND2_X1)                                    0.06       3.33 r
  B1/U334/ZN (OAI22_X1)                                   0.04       3.37 f
  B1/N_instance/A_mantissa[22] (normalizer)               0.00       3.37 f
  B1/N_instance/U579/ZN (NOR2_X1)                         0.06       3.43 r
  B1/N_instance/U557/ZN (AND3_X1)                         0.06       3.49 r
  B1/N_instance/U221/ZN (AND2_X1)                         0.05       3.54 r
  B1/N_instance/U56/ZN (AND3_X1)                          0.06       3.60 r
  B1/N_instance/U53/ZN (AND2_X1)                          0.05       3.65 r
  B1/N_instance/U55/ZN (AND3_X1)                          0.06       3.70 r
  B1/N_instance/U52/ZN (AND2_X1)                          0.05       3.75 r
  B1/N_instance/U50/ZN (AND3_X1)                          0.06       3.81 r
  B1/N_instance/U54/ZN (AND3_X1)                          0.06       3.87 r
  B1/N_instance/U57/ZN (AND2_X1)                          0.04       3.91 r
  B1/N_instance/U51/ZN (AND2_X1)                          0.05       3.96 r
  B1/N_instance/U60/ZN (AND3_X1)                          0.06       4.02 r
  B1/N_instance/U59/ZN (AND3_X1)                          0.06       4.09 r
  B1/N_instance/U232/ZN (NAND4_X1)                        0.05       4.14 f
  B1/N_instance/U58/ZN (NAND3_X1)                         0.04       4.18 r
  B1/N_instance/U219/ZN (NOR4_X1)                         0.02       4.20 f
  B1/N_instance/U217/ZN (NAND3_X1)                        0.07       4.27 r
  B1/N_instance/U46/ZN (INV_X1)                           0.10       4.37 f
  B1/N_instance/U233/ZN (AOI222_X1)                       0.11       4.48 r
  B1/N_instance/U590/ZN (NAND4_X1)                        0.05       4.53 f
  B1/N_instance/O_mantissa[11] (normalizer)               0.00       4.53 f
  B1/Sum[11] (FPA)                                        0.00       4.53 f
  output_reg/in[11] (Registers_1)                         0.00       4.53 f
  output_reg/U12/ZN (AND2_X1)                             0.04       4.57 f
  output_reg/out_reg[11]/D (DFF_X1)                       0.01       4.58 f
  data arrival time                                                  4.58

  clock clk (rise edge)                                   5.54       5.54
  clock network delay (ideal)                             0.00       5.54
  clock uncertainty                                      -0.35       5.19
  output_reg/out_reg[11]/CK (DFF_X1)                      0.00       5.19 r
  library setup time                                     -0.03       5.16
  data required time                                                 5.16
  --------------------------------------------------------------------------
  data required time                                                 5.16
  data arrival time                                                 -4.58
  --------------------------------------------------------------------------
  slack (MET)                                                        0.58


  Startpoint: operand2_reg/out_reg[23]
              (rising edge-triggered flip-flop clocked by clk)
  Endpoint: output_reg/out_reg[21]
            (rising edge-triggered flip-flop clocked by clk)
  Path Group: clk
  Path Type: max

  Des/Clust/Port     Wire Load Model       Library
  ------------------------------------------------
  FPA_final          5K_hvratio_1_1        NangateOpenCellLibrary_ss0p95vn40c

  Point                                                   Incr       Path
  --------------------------------------------------------------------------
  clock clk (rise edge)                                   0.00       0.00
  clock network delay (ideal)                             0.00       0.00
  operand2_reg/out_reg[23]/CK (DFF_X1)                    0.00       0.00 r
  operand2_reg/out_reg[23]/Q (DFF_X1)                     0.10       0.10 f
  operand2_reg/out[23] (Registers_2)                      0.00       0.10 f
  B1/B[23] (FPA)                                          0.00       0.10 f
  B1/sub_53/A[0] (FPA_DW01_sub_1)                         0.00       0.10 f
  B1/sub_53/U4/ZN (INV_X1)                                0.04       0.14 r
  B1/sub_53/U3/ZN (NAND2_X1)                              0.03       0.16 f
  B1/sub_53/U2_1/CO (FA_X1)                               0.08       0.25 f
  B1/sub_53/U2_2/CO (FA_X1)                               0.08       0.33 f
  B1/sub_53/U2_3/CO (FA_X1)                               0.08       0.41 f
  B1/sub_53/U2_4/CO (FA_X1)                               0.08       0.49 f
  B1/sub_53/U2_5/CO (FA_X1)                               0.08       0.57 f
  B1/sub_53/U2_6/S (FA_X1)                                0.11       0.68 r
  B1/sub_53/DIFF[6] (FPA_DW01_sub_1)                      0.00       0.68 r
  B1/srl_55/SH[6] (FPA_DW_rash_1)                         0.00       0.68 r
  B1/srl_55/U155/ZN (OR2_X1)                              0.04       0.72 r
  B1/srl_55/U154/ZN (NOR2_X1)                             0.03       0.75 f
  B1/srl_55/U7/ZN (INV_X1)                                0.05       0.79 r
  B1/srl_55/U139/ZN (NAND2_X1)                            0.05       0.84 f
  B1/srl_55/U136/ZN (OAI222_X1)                           0.06       0.90 r
  B1/srl_55/U17/ZN (INV_X1)                               0.02       0.93 f
  B1/srl_55/U134/Z (MUX2_X1)                              0.06       0.98 f
  B1/srl_55/U129/ZN (AOI21_X1)                            0.03       1.01 r
  B1/srl_55/B[0] (FPA_DW_rash_1)                          0.00       1.01 r
  B1/U209/Z (MUX2_X1)                                     0.07       1.08 r
  B1/U83/ZN (INV_X1)                                      0.04       1.13 f
  B1/add_0_root_add_79_ni/A[0] (FPA_DW01_inc_2)           0.00       1.13 f
  B1/add_0_root_add_79_ni/U1_1_1/S (HA_X1)                0.08       1.21 f
  B1/add_0_root_add_79_ni/SUM[1] (FPA_DW01_inc_2)         0.00       1.21 f
  B1/add_81/A[1] (FPA_DW01_add_1)                         0.00       1.21 f
  B1/add_81/U1_1/CO (FA_X1)                               0.09       1.30 f
  B1/add_81/U1_2/CO (FA_X1)                               0.08       1.38 f
  B1/add_81/U1_3/CO (FA_X1)                               0.08       1.46 f
  B1/add_81/U1_4/CO (FA_X1)                               0.08       1.54 f
  B1/add_81/U1_5/CO (FA_X1)                               0.08       1.62 f
  B1/add_81/U1_6/CO (FA_X1)                               0.08       1.70 f
  B1/add_81/U1_7/CO (FA_X1)                               0.08       1.78 f
  B1/add_81/U1_8/CO (FA_X1)                               0.08       1.86 f
  B1/add_81/U1_9/CO (FA_X1)                               0.08       1.94 f
  B1/add_81/U1_10/CO (FA_X1)                              0.08       2.02 f
  B1/add_81/U1_11/CO (FA_X1)                              0.08       2.10 f
  B1/add_81/U1_12/CO (FA_X1)                              0.08       2.18 f
  B1/add_81/U1_13/CO (FA_X1)                              0.08       2.27 f
  B1/add_81/U1_14/CO (FA_X1)                              0.08       2.35 f
  B1/add_81/U1_15/CO (FA_X1)                              0.08       2.43 f
  B1/add_81/U1_16/CO (FA_X1)                              0.08       2.51 f
  B1/add_81/U1_17/CO (FA_X1)                              0.08       2.59 f
  B1/add_81/U1_18/CO (FA_X1)                              0.08       2.67 f
  B1/add_81/U1_19/CO (FA_X1)                              0.08       2.75 f
  B1/add_81/U1_20/CO (FA_X1)                              0.08       2.83 f
  B1/add_81/U1_21/CO (FA_X1)                              0.08       2.91 f
  B1/add_81/U1_22/CO (FA_X1)                              0.08       2.99 f
  B1/add_81/U1_23/S (FA_X1)                               0.12       3.11 r
  B1/add_81/SUM[23] (FPA_DW01_add_1)                      0.00       3.11 r
  B1/U17/ZN (INV_X1)                                      0.03       3.14 f
  B1/add_0_root_add_89_ni/A[23] (FPA_DW01_inc_4)          0.00       3.14 f
  B1/add_0_root_add_89_ni/U2/Z (XOR2_X1)                  0.06       3.20 f
  B1/add_0_root_add_89_ni/SUM[23] (FPA_DW01_inc_4)        0.00       3.20 f
  B1/U336/ZN (AOI222_X1)                                  0.07       3.27 r
  B1/U335/ZN (AND2_X1)                                    0.06       3.33 r
  B1/U334/ZN (OAI22_X1)                                   0.04       3.37 f
  B1/N_instance/A_mantissa[22] (normalizer)               0.00       3.37 f
  B1/N_instance/U579/ZN (NOR2_X1)                         0.06       3.43 r
  B1/N_instance/U557/ZN (AND3_X1)                         0.06       3.49 r
  B1/N_instance/U221/ZN (AND2_X1)                         0.05       3.54 r
  B1/N_instance/U56/ZN (AND3_X1)                          0.06       3.60 r
  B1/N_instance/U53/ZN (AND2_X1)                          0.05       3.65 r
  B1/N_instance/U55/ZN (AND3_X1)                          0.06       3.70 r
  B1/N_instance/U52/ZN (AND2_X1)                          0.05       3.75 r
  B1/N_instance/U50/ZN (AND3_X1)                          0.06       3.81 r
  B1/N_instance/U54/ZN (AND3_X1)                          0.06       3.87 r
  B1/N_instance/U57/ZN (AND2_X1)                          0.04       3.91 r
  B1/N_instance/U51/ZN (AND2_X1)                          0.05       3.96 r
  B1/N_instance/U60/ZN (AND3_X1)                          0.06       4.02 r
  B1/N_instance/U59/ZN (AND3_X1)                          0.06       4.09 r
  B1/N_instance/U232/ZN (NAND4_X1)                        0.05       4.14 f
  B1/N_instance/U58/ZN (NAND3_X1)                         0.04       4.18 r
  B1/N_instance/U219/ZN (NOR4_X1)                         0.02       4.20 f
  B1/N_instance/U217/ZN (NAND3_X1)                        0.07       4.27 r
  B1/N_instance/U46/ZN (INV_X1)                           0.10       4.37 f
  B1/N_instance/U629/ZN (AOI222_X1)                       0.11       4.48 r
  B1/N_instance/U591/ZN (NAND4_X1)                        0.05       4.53 f
  B1/N_instance/O_mantissa[21] (normalizer)               0.00       4.53 f
  B1/Sum[21] (FPA)                                        0.00       4.53 f
  output_reg/in[21] (Registers_1)                         0.00       4.53 f
  output_reg/U13/ZN (AND2_X1)                             0.04       4.57 f
  output_reg/out_reg[21]/D (DFF_X1)                       0.01       4.58 f
  data arrival time                                                  4.58

  clock clk (rise edge)                                   5.54       5.54
  clock network delay (ideal)                             0.00       5.54
  clock uncertainty                                      -0.35       5.19
  output_reg/out_reg[21]/CK (DFF_X1)                      0.00       5.19 r
  library setup time                                     -0.03       5.16
  data required time                                                 5.16
  --------------------------------------------------------------------------
  data required time                                                 5.16
  data arrival time                                                 -4.58
  --------------------------------------------------------------------------
  slack (MET)                                                        0.58


1
