Report Physical info: 
------------------------+-------------+-----------+------------
                        |             |Area (squm)|Leakage (uW)
------------------------+-------------+-----------+------------
Design Name             |CBA          |           |            
  Total Instances       |           59|         81|       0.372
    Macros              |            0|          0|       0.000
    Pads                |            0|          0|       0.000
    Phys                |            0|          0|       0.000
    Blackboxes          |            8|          0|       0.000
    Cells               |           51|         81|       0.372
      Buffers           |            0|          0|       0.000
      Inverters         |            0|          0|       0.000
      Clock-Gates       |            0|          0|       0.000
      Combinational     |           51|         81|       0.372
      Latches           |            0|          0|       0.000
      FlipFlops         |            0|          0|       0.000
       Single-Bit FF    |            0|          0|       0.000
       Multi-Bit FF     |            0|          0|       0.000
       Clock-Gated      |            0|           |            
       Bits             |            0|          0|       0.000
         Load-Enabled   |            0|           |            
         Clock-Gated    |            0|           |            
  Tristate Pin Count    |            0|           |            
Physical Info           |Placed       |           |            
  Chip Size (mm x mm)   |0.072 x 0.072|       5125|            
  Fixed Cell Area       |             |          0|            
    Phys Only           |            0|          0|            
  Placeable Area        |             |        130|            
  Movable Cell Area     |             |         81|            
  Utilization (%)       |           62|           |            
  Chip Utilization (%)  |           62|           |            
  Total Wire Length (mm)|        2.291|           |            
  Longest Wire (mm)     |        0.036|           |            
  Average Wire (mm)     |        0.020|           |            
------------------------+-------------+-----------+------------
