warning: No library characterized for (process = 1.00 voltage = 0.85 temperature = -40.00) can be found in the database for power domain '/PD_TOP'  [NL-174]
Report Power (instances with prefix '*' are included in total) : 
-----+----------+--------------------+---------------------+-------------------+-----------------
     | Instance | Internal Power(uw) | Switching Power(uw) | Leakage Power(uw) | Total Power(uw) 
-----+----------+--------------------+---------------------+-------------------+-----------------
1    |*i_0_0_0  |            0.053716|             0.050633|           0.008181|         0.112530
2    |*i_0_0_1  |            0.019036|             0.128630|           0.005012|         0.152679
3    |*i_0_0_2  |            0.055130|             0.093489|           0.007821|         0.156440
4    |*i_0_0_3  |            0.054555|             0.171405|           0.007821|         0.233781
5    |*i_0_0_4  |            0.040881|             0.272215|           0.008128|         0.321224
6    |*i_0_0_5  |            0.016747|             0.095113|           0.002775|         0.114636
7    |*i_0_0_6  |            0.055130|             0.093489|           0.007821|         0.156440
8    |*i_0_0_7  |            0.056080|             0.172109|           0.007821|         0.236010
9    |*i_0_0_8  |            0.039965|             0.268367|           0.008128|         0.316459
10   |*i_0_0_9  |            0.016510|             0.093768|           0.002775|         0.113054
11   |*i_0_0_10 |            0.055130|             0.093489|           0.007821|         0.156440
12   |*i_0_0_11 |            0.056665|             0.171993|           0.007821|         0.236480
13   |*i_0_0_12 |            0.039554|             0.266610|           0.008128|         0.314292
14   |*i_0_0_13 |            0.016402|             0.093155|           0.002775|         0.112333
15   |*i_0_0_14 |            0.055130|             0.093489|           0.007821|         0.156440
16   |*i_0_0_15 |            0.056887|             0.172109|           0.007821|         0.236818
17   |*i_0_0_16 |            0.039390|             0.265908|           0.008128|         0.313425
18   |*i_0_0_17 |            0.016359|             0.092909|           0.002775|         0.112044
19   |*i_0_0_18 |            0.055130|             0.093489|           0.007821|         0.156440
20   |*i_0_0_19 |            0.056971|             0.171993|           0.007821|         0.236785
21   |*i_0_0_20 |            0.039327|             0.265638|           0.008128|         0.313092
22   |*i_0_0_21 |            0.016343|             0.092815|           0.002775|         0.111933
23   |*i_0_0_22 |            0.055130|             0.093489|           0.007821|         0.156440
24   |*i_0_0_23 |            0.057002|             0.172029|           0.007821|         0.236853
25   |*i_0_0_24 |            0.039303|             0.265536|           0.008128|         0.312967
26   |*i_0_0_25 |            0.016336|             0.092779|           0.002775|         0.111891
27   |*i_0_0_26 |            0.055130|             0.093489|           0.007821|         0.156440
28   |*i_0_0_27 |            0.057014|             0.171913|           0.007821|         0.236749
29   |*i_0_0_28 |            0.039294|             0.265498|           0.008128|         0.312919
30   |*i_0_0_29 |            0.016334|             0.092766|           0.002775|         0.111875
31   |*i_0_0_30 |            0.055130|             0.093489|           0.007821|         0.156440
32   |*i_0_0_31 |            0.057018|             0.171928|           0.007821|         0.236768
33   |*i_0_0_32 |            0.039291|             0.265483|           0.008128|         0.312901
34   |*i_0_0_33 |            0.016333|             0.092761|           0.002775|         0.111869
35   |*i_0_0_34 |            0.055130|             0.093489|           0.007821|         0.156440
36   |*i_0_0_35 |            0.057020|             0.171812|           0.007821|         0.236653
37   |*i_0_0_36 |            0.039289|             0.265478|           0.008128|         0.312895
38   |*i_0_0_37 |            0.016333|             0.092759|           0.002775|         0.111867
39   |*i_0_0_38 |            0.055130|             0.093489|           0.007821|         0.156440
40   |*i_0_0_39 |            0.057020|             0.172516|           0.007821|         0.237358
41   |*i_0_0_40 |            0.039289|             0.265476|           0.008128|         0.312892
42   |*i_0_0_41 |            0.016333|             0.092758|           0.002775|         0.111866
43   |*i_0_0_42 |            0.055130|             0.093489|           0.007821|         0.156440
44   |*i_0_0_43 |            0.057021|             0.172400|           0.007821|         0.237242
45   |*i_0_0_44 |            0.039289|             0.265475|           0.008128|         0.312891
46   |*i_0_0_45 |            0.016333|             0.092758|           0.002775|         0.111866
47   |*i_0_0_46 |            0.055130|             0.093489|           0.007821|         0.156440
48   |*i_0_0_47 |            0.057021|             0.172516|           0.007821|         0.237358
49   |*i_0_0_48 |            0.039289|             0.265475|           0.008128|         0.312891
50   |*i_0_0_49 |            0.016333|             0.092758|           0.002775|         0.111866
51   |*i_0_0_50 |            0.055130|             0.093489|           0.007821|         0.156440
52   |*i_0_0_51 |            0.057021|             0.172400|           0.007821|         0.237242
53   |*i_0_0_52 |            0.039289|             0.265474|           0.008128|         0.312891
54   |*i_0_0_53 |            0.016333|             0.092758|           0.002775|         0.111866
55   |*i_0_0_54 |            0.055130|             0.093489|           0.007821|         0.156440
56   |*i_0_0_55 |            0.057021|             0.172436|           0.007821|         0.237278
57   |*i_0_0_56 |            0.039289|             0.265474|           0.008128|         0.312891
58   |*i_0_0_57 |            0.016333|             0.092758|           0.002775|         0.111866
59   |*i_0_0_58 |            0.055130|             0.093489|           0.007821|         0.156440
60   |*i_0_0_59 |            0.057021|             0.172320|           0.007821|         0.237162
61   |*i_0_0_60 |            0.039289|             0.265474|           0.008128|         0.312891
62   |*i_0_0_61 |            0.016333|             0.092758|           0.002775|         0.111866
63   |*i_0_0_62 |            0.055130|             0.093489|           0.007821|         0.156440
64   |*i_0_0_63 |            0.057021|             0.172335|           0.007821|         0.237177
65   |*i_0_0_64 |            0.039289|             0.265474|           0.008128|         0.312891
66   |*i_0_0_65 |            0.016333|             0.092758|           0.002775|         0.111866
67   |*i_0_0_66 |            0.055130|             0.093489|           0.007821|         0.156440
68   |*i_0_0_67 |            0.057021|             0.172218|           0.007821|         0.237061
69   |*i_0_0_68 |            0.039289|             0.265474|           0.008128|         0.312891
70   |*i_0_0_69 |            0.016333|             0.092758|           0.002775|         0.111866
71   |*i_0_0_70 |            0.055130|             0.093489|           0.007821|         0.156440
72   |*i_0_0_71 |            0.057021|             0.172923|           0.007821|         0.237765
73   |*i_0_0_72 |            0.039289|             0.265474|           0.008128|         0.312891
74   |*i_0_0_73 |            0.016333|             0.092758|           0.002775|         0.111866
75   |*i_0_0_74 |            0.055130|             0.093489|           0.007821|         0.156440
76   |*i_0_0_75 |            0.057021|             0.172807|           0.007821|         0.237648
77   |*i_0_0_76 |            0.039289|             0.265474|           0.008128|         0.312891
78   |*i_0_0_77 |            0.016333|             0.092758|           0.002775|         0.111866
79   |*i_0_0_78 |            0.055130|             0.093489|           0.007821|         0.156440
80   |*i_0_0_79 |            0.057021|             0.172923|           0.007821|         0.237765
81   |*i_0_0_80 |            0.039289|             0.265474|           0.008128|         0.312891
82   |*i_0_0_81 |            0.016333|             0.092758|           0.002775|         0.111866
83   |*i_0_0_82 |            0.055130|             0.093489|           0.007821|         0.156440
84   |*i_0_0_83 |            0.057021|             0.172807|           0.007821|         0.237648
85   |*i_0_0_84 |            0.039289|             0.265474|           0.008128|         0.312891
86   |*i_0_0_85 |            0.016333|             0.092758|           0.002775|         0.111866
87   |*i_0_0_86 |            0.055130|             0.093489|           0.007821|         0.156440
88   |*i_0_0_87 |            0.057021|             0.172843|           0.007821|         0.237685
89   |*i_0_0_88 |            0.039289|             0.265474|           0.008128|         0.312891
90   |*i_0_0_89 |            0.016333|             0.092758|           0.002775|         0.111866
91   |*i_0_0_90 |            0.055130|             0.093489|           0.007821|         0.156440
92   |*i_0_0_91 |            0.057021|             0.172727|           0.007821|         0.237569
93   |*i_0_0_92 |            0.039289|             0.265474|           0.008128|         0.312891
94   |*i_0_0_93 |            0.016333|             0.092758|           0.002775|         0.111866
95   |*i_0_0_94 |            0.055130|             0.093489|           0.007821|         0.156440
96   |*i_0_0_95 |            0.057021|             0.172741|           0.007821|         0.237583
97   |*i_0_0_96 |            0.039289|             0.265474|           0.008128|         0.312891
98   |*i_0_0_97 |            0.016333|             0.092758|           0.002775|         0.111866
99   |*i_0_0_98 |            0.055130|             0.093489|           0.007821|         0.156440
100  |*i_0_0_99 |            0.057021|             0.172625|           0.007821|         0.237467
101  |*i_0_0_100|            0.039289|             0.265474|           0.008128|         0.312891
102  |*i_0_0_101|            0.016333|             0.092758|           0.002775|         0.111866
103  |*i_0_0_102|            0.055130|             0.093489|           0.007821|         0.156440
104  |*i_0_0_103|            0.057020|             0.173329|           0.007821|         0.238171
105  |*i_0_0_104|            0.039289|             0.265474|           0.008128|         0.312891
106  |*i_0_0_105|            0.016333|             0.092758|           0.002775|         0.111866
107  |*i_0_0_106|            0.055130|             0.093489|           0.007821|         0.156440
108  |*i_0_0_107|            0.057020|             0.173213|           0.007821|         0.238055
109  |*i_0_0_108|            0.039289|             0.265474|           0.008128|         0.312891
110  |*i_0_0_109|            0.016333|             0.092758|           0.002775|         0.111866
111  |*i_0_0_110|            0.055130|             0.093489|           0.007821|         0.156440
112  |*i_0_0_111|            0.057020|             0.173329|           0.007821|         0.238171
113  |*i_0_0_112|            0.039289|             0.265474|           0.008128|         0.312891
114  |*i_0_0_113|            0.016333|             0.092758|           0.002775|         0.111866
115  |*i_0_0_114|            0.055130|             0.093489|           0.007821|         0.156440
116  |*i_0_0_115|            0.057020|             0.173213|           0.007821|         0.238055
117  |*i_0_0_116|            0.039289|             0.265474|           0.008128|         0.312891
118  |*i_0_0_117|            0.016333|             0.092758|           0.002775|         0.111866
119  |*i_0_0_118|            0.055130|             0.093489|           0.007821|         0.156440
120  |*i_0_0_119|            0.057020|             0.173250|           0.007821|         0.238091
121  |*i_0_0_120|            0.039289|             0.265474|           0.008128|         0.312891
122  |*i_0_0_121|            0.016333|             0.092758|           0.002775|         0.111866
123  |*i_0_0_122|            0.055130|             0.093489|           0.007821|         0.156440
124  |*i_0_0_123|            0.057020|             0.173134|           0.007821|         0.237975
125  |*i_0_0_124|            0.039289|             0.265474|           0.008128|         0.312891
126  |*i_0_0_125|            0.016333|             0.092758|           0.002775|         0.111866
127  |*i_0_0_126|            0.056936|             0.220942|           0.007821|         0.285700
128  |*i_0_0_127|            0.039259|             0.265474|           0.008128|         0.312861
129  |*i_0_0_128|            0.016084|             0.164660|           0.002775|         0.183520
130  |*i_0_0_129|            0.054636|             0.137563|           0.007821|         0.200020
131  |          |                    |                     |                   |                 
132  |*TOTAL    |            5.440020|            20.335012|           0.862652|        26.637684
-----+----------+--------------------+---------------------+-------------------+-----------------
