Report for group default
Report for group I2R
Report for group I2O
------------------------------------------------------------------------------------------------------------------------------------------------------------
Startpoint: b[0]
    (Clocked by vsysclk R)
Endpoint: of
    (Clocked by vsysclk R)
Path Group: I2O
Data required time: 19500.0
    (Clock shift: 20000.0, minus Uncertainty: 0.0, plus Latency 0.0, minus Out delay: 500.0)
Data arrival time: 1285.2
Slack: 18214.8
Logic depth: 66
------------------------------------------------------------------------------------------------------------------------------------------------------------
                                                     Arrival               Arc      Net               Net    Total   fan-                                   
Path                     Module/Cell           Edge     Time    Delay    Delay    Delay     Slew     Load     Load    out     Location Power Domain      (V)
                                                        (ps)     (ps)     (ps)     (ps)     (ps)     (ff)     (ff)    (#)      (um,um)                      
------------------------------------------------------------------------------------------------------------------------------------------------------------
b[0]                     {set_input_delay}        r   1000.0   1000.0   1000.0                        4.9     12.6      2    38,    0                       
i_0_0_2/B->Z             XOR2_X2_LVT             rf   1003.1      3.1      2.7      0.4      0.0      1.4      8.3      2    38,   38  /PD_TOP        (0.95)
i_0_0_4/B1->ZN           AOI22_X4_LVT            fr   1010.3      7.6      7.2      0.4      1.8      0.7     24.5      1    38,   38  /PD_TOP        (0.95)
i_0_0_5/A->ZN            INV_X8_LVT              rf   1011.4      1.5      1.1      0.4      4.9      1.4      8.6      2    38,   38  /PD_TOP        (0.95)
i_0_0_8/B2->ZN           AOI22_X4_LVT            fr   1018.9      7.5      7.5      0.0      0.4      0.7     24.5      1    38,   38  /PD_TOP        (0.95)
i_0_0_9/A->ZN            INV_X8_LVT              rf   1020.0      1.1      1.1      0.0      4.9      1.4      8.6      2    38,   38  /PD_TOP        (0.95)
i_0_0_12/B2->ZN          AOI22_X4_LVT            fr   1027.5      7.5      7.5      0.0      0.4      0.7     24.5      1    38,   38  /PD_TOP        (0.95)
i_0_0_13/A->ZN           INV_X8_LVT              rf   1028.6      1.1      1.1      0.0      4.9      1.4      8.6      2    38,   38  /PD_TOP        (0.95)
i_0_0_16/B2->ZN          AOI22_X4_LVT            fr   1036.1      7.5      7.5      0.0      0.4      0.7     24.5      1    38,   38  /PD_TOP        (0.95)
i_0_0_17/A->ZN           INV_X8_LVT              rf   1037.2      1.1      1.1      0.0      4.9      1.4      8.6      2    38,   38  /PD_TOP        (0.95)
i_0_0_20/B2->ZN          AOI22_X4_LVT            fr   1044.7      7.5      7.5      0.0      0.4      0.7     24.5      1    38,   38  /PD_TOP        (0.95)
i_0_0_21/A->ZN           INV_X8_LVT              rf   1045.8      1.1      1.1      0.0      4.9      1.4      8.6      2    38,   38  /PD_TOP        (0.95)
i_0_0_24/B2->ZN          AOI22_X4_LVT            fr   1053.3      7.5      7.5      0.0      0.4      0.7     24.5      1    38,   38  /PD_TOP        (0.95)
i_0_0_25/A->ZN           INV_X8_LVT              rf   1054.4      1.1      1.1      0.0      4.9      1.4      8.6      2    38,   38  /PD_TOP        (0.95)
i_0_0_28/B2->ZN          AOI22_X4_LVT            fr   1061.9      7.5      7.5      0.0      0.4      0.7     24.5      1    38,   38  /PD_TOP        (0.95)
i_0_0_29/A->ZN           INV_X8_LVT              rf   1063.0      1.1      1.1      0.0      4.9      1.4      8.6      2    38,   38  /PD_TOP        (0.95)
i_0_0_32/B2->ZN          AOI22_X4_LVT            fr   1070.5      7.5      7.5      0.0      0.4      0.7     24.5      1    38,   38  /PD_TOP        (0.95)
i_0_0_33/A->ZN           INV_X8_LVT              rf   1071.6      1.1      1.1      0.0      4.9      1.4      8.6      2    38,   38  /PD_TOP        (0.95)
i_0_0_36/B2->ZN          AOI22_X4_LVT            fr   1079.1      7.5      7.5      0.0      0.4      0.7     24.5      1    38,   38  /PD_TOP        (0.95)
i_0_0_37/A->ZN           INV_X8_LVT              rf   1080.2      1.1      1.1      0.0      4.9      1.4      8.6      2    38,   38  /PD_TOP        (0.95)
i_0_0_40/B2->ZN          AOI22_X4_LVT            fr   1087.7      7.5      7.5      0.0      0.4      0.7     24.5      1    38,   38  /PD_TOP        (0.95)
i_0_0_41/A->ZN           INV_X8_LVT              rf   1088.8      1.1      1.1      0.0      4.9      1.4      8.6      2    38,   38  /PD_TOP        (0.95)
i_0_0_44/B2->ZN          AOI22_X4_LVT            fr   1096.3      7.5      7.5      0.0      0.4      0.7     24.5      1    38,   38  /PD_TOP        (0.95)
i_0_0_45/A->ZN           INV_X8_LVT              rf   1097.4      1.1      1.1      0.0      4.9      1.4      8.6      2    38,   38  /PD_TOP        (0.95)
i_0_0_48/B2->ZN          AOI22_X4_LVT            fr   1104.9      7.5      7.5      0.0      0.4      0.7     24.5      1    38,   38  /PD_TOP        (0.95)
i_0_0_49/A->ZN           INV_X8_LVT              rf   1106.0      1.1      1.1      0.0      4.9      1.4      8.6      2    38,   38  /PD_TOP        (0.95)
i_0_0_52/B2->ZN          AOI22_X4_LVT            fr   1113.5      7.5      7.5      0.0      0.4      0.7     24.5      1    38,   38  /PD_TOP        (0.95)
i_0_0_53/A->ZN           INV_X8_LVT              rf   1114.6      1.1      1.1      0.0      4.9      1.4      8.6      2    38,   38  /PD_TOP        (0.95)
i_0_0_56/B2->ZN          AOI22_X4_LVT            fr   1122.1      7.5      7.5      0.0      0.4      0.7     24.5      1    38,   38  /PD_TOP        (0.95)
i_0_0_57/A->ZN           INV_X8_LVT              rf   1123.2      1.1      1.1      0.0      4.9      1.4      8.6      2    38,   38  /PD_TOP        (0.95)
i_0_0_60/B2->ZN          AOI22_X4_LVT            fr   1130.7      7.5      7.5      0.0      0.4      0.7     24.5      1    38,   38  /PD_TOP        (0.95)
i_0_0_61/A->ZN           INV_X8_LVT              rf   1131.8      1.1      1.1      0.0      4.9      1.4      8.6      2    38,   38  /PD_TOP        (0.95)
i_0_0_64/B2->ZN          AOI22_X4_LVT            fr   1139.3      7.5      7.5      0.0      0.4      0.7     24.5      1    38,   38  /PD_TOP        (0.95)
i_0_0_65/A->ZN           INV_X8_LVT              rf   1140.4      1.1      1.1      0.0      4.9      1.4      8.6      2    38,   38  /PD_TOP        (0.95)
i_0_0_68/B2->ZN          AOI22_X4_LVT            fr   1147.9      7.5      7.5      0.0      0.4      0.7     24.5      1    38,   38  /PD_TOP        (0.95)
i_0_0_69/A->ZN           INV_X8_LVT              rf   1149.0      1.1      1.1      0.0      4.9      1.4      8.6      2    38,   38  /PD_TOP        (0.95)
i_0_0_72/B2->ZN          AOI22_X4_LVT            fr   1156.5      7.5      7.5      0.0      0.4      0.7     24.5      1    38,   38  /PD_TOP        (0.95)
i_0_0_73/A->ZN           INV_X8_LVT              rf   1157.6      1.1      1.1      0.0      4.9      1.4      8.6      2    38,   38  /PD_TOP        (0.95)
i_0_0_76/B2->ZN          AOI22_X4_LVT            fr   1165.1      7.5      7.5      0.0      0.4      0.7     24.5      1    38,   38  /PD_TOP        (0.95)
i_0_0_77/A->ZN           INV_X8_LVT              rf   1166.2      1.1      1.1      0.0      4.9      1.4      8.6      2    38,   38  /PD_TOP        (0.95)
i_0_0_80/B2->ZN          AOI22_X4_LVT            fr   1173.7      7.5      7.5      0.0      0.4      0.7     24.5      1    38,   38  /PD_TOP        (0.95)
i_0_0_81/A->ZN           INV_X8_LVT              rf   1174.8      1.1      1.1      0.0      4.9      1.4      8.6      2    38,   38  /PD_TOP        (0.95)
i_0_0_84/B2->ZN          AOI22_X4_LVT            fr   1182.3      7.5      7.5      0.0      0.4      0.7     24.5      1    38,   38  /PD_TOP        (0.95)
i_0_0_85/A->ZN           INV_X8_LVT              rf   1183.4      1.1      1.1      0.0      4.9      1.4      8.6      2    38,   38  /PD_TOP        (0.95)
i_0_0_88/B2->ZN          AOI22_X4_LVT            fr   1190.9      7.5      7.5      0.0      0.4      0.7     24.5      1    38,   38  /PD_TOP        (0.95)
i_0_0_89/A->ZN           INV_X8_LVT              rf   1192.0      1.1      1.1      0.0      4.9      1.4      8.6      2    38,   38  /PD_TOP        (0.95)
i_0_0_92/B2->ZN          AOI22_X4_LVT            fr   1199.5      7.5      7.5      0.0      0.4      0.7     24.5      1    38,   38  /PD_TOP        (0.95)
i_0_0_93/A->ZN           INV_X8_LVT              rf   1200.6      1.1      1.1      0.0      4.9      1.4      8.6      2    38,   38  /PD_TOP        (0.95)
i_0_0_96/B2->ZN          AOI22_X4_LVT            fr   1208.1      7.5      7.5      0.0      0.4      0.7     24.5      1    38,   38  /PD_TOP        (0.95)
i_0_0_97/A->ZN           INV_X8_LVT              rf   1209.2      1.1      1.1      0.0      4.9      1.4      8.6      2    38,   38  /PD_TOP        (0.95)
i_0_0_100/B2->ZN         AOI22_X4_LVT            fr   1216.7      7.5      7.5      0.0      0.4      0.7     24.5      1    38,   38  /PD_TOP        (0.95)
i_0_0_101/A->ZN          INV_X8_LVT              rf   1217.8      1.1      1.1      0.0      4.9      1.4      8.6      2    38,   38  /PD_TOP        (0.95)
i_0_0_104/B2->ZN         AOI22_X4_LVT            fr   1225.3      7.5      7.5      0.0      0.4      0.7     24.5      1    38,   38  /PD_TOP        (0.95)
i_0_0_105/A->ZN          INV_X8_LVT              rf   1226.4      1.1      1.1      0.0      4.9      1.4      8.6      2    38,   38  /PD_TOP        (0.95)
i_0_0_108/B2->ZN         AOI22_X4_LVT            fr   1233.9      7.5      7.5      0.0      0.4      0.7     24.5      1    38,   38  /PD_TOP        (0.95)
i_0_0_109/A->ZN          INV_X8_LVT              rf   1235.0      1.1      1.1      0.0      4.9      1.4      8.6      2    38,   38  /PD_TOP        (0.95)
i_0_0_112/B2->ZN         AOI22_X4_LVT            fr   1242.5      7.5      7.5      0.0      0.4      0.7     24.5      1    38,   38  /PD_TOP        (0.95)
i_0_0_113/A->ZN          INV_X8_LVT              rf   1243.6      1.1      1.1      0.0      4.9      1.4      8.6      2    38,   38  /PD_TOP        (0.95)
i_0_0_116/B2->ZN         AOI22_X4_LVT            fr   1251.1      7.5      7.5      0.0      0.4      0.7     24.5      1    38,   38  /PD_TOP        (0.95)
i_0_0_117/A->ZN          INV_X8_LVT              rf   1252.2      1.1      1.1      0.0      4.9      1.4      8.6      2    38,   38  /PD_TOP        (0.95)
i_0_0_120/B2->ZN         AOI22_X4_LVT            fr   1259.7      7.5      7.5      0.0      0.4      0.7     24.5      1    38,   38  /PD_TOP        (0.95)
i_0_0_121/A->ZN          INV_X8_LVT              rf   1260.8      1.1      1.1      0.0      4.9      1.4      8.6      2    38,   38  /PD_TOP        (0.95)
i_0_0_124/B2->ZN         AOI22_X4_LVT            fr   1268.3      7.5      7.5      0.0      0.4      0.7     24.5      1    38,   38  /PD_TOP        (0.95)
i_0_0_125/A->ZN          INV_X8_LVT              rf   1269.4      1.1      1.1      0.0      4.9      1.4      8.6      2    38,   38  /PD_TOP        (0.95)
i_0_0_126/B->Z           XOR2_X2_LVT             fr   1277.4      8.0      8.0      0.0      0.4      0.6     19.6      2    38,   38  /PD_TOP        (0.95)
i_0_0_0/B->ZN            XNOR2_X2_LVT            rr   1282.9      5.5      5.5      0.0      6.4      5.8      4.5      1    38,   38  /PD_TOP        (0.95)
i_0_0_1/A2->ZN           NOR2_X4_LVT             rf   1284.7      1.8      1.8      0.0      2.5      5.2     15.2      1    38,   38  /PD_TOP        (0.95)
of                                                f   1285.2      0.5               0.5      1.1                             76,   39                       
------------------------------------------------------------------------------------------------------------------------------------------------------------
Report for group R2O
