warning: No library characterized for (process = 1.00 voltage = 0.85 temperature = -40.00) can be found in the database for power domain '/PD_TOP'  [NL-174]
Report Power (instances with prefix '*' are included in total) : 
-----+-----------+--------------------+---------------------+-------------------+-----------------
     | Instance  | Internal Power(uw) | Switching Power(uw) | Leakage Power(uw) | Total Power(uw) 
-----+-----------+--------------------+---------------------+-------------------+-----------------
1    |*c1        |            0.000000|             4.374259|           0.194599|         4.568858
2    |*N_instance|            0.000000|             0.000000|           0.000000|         0.000000
3    |*i_0_17    |           17.811211|            30.951752|           0.242196|        49.005157
4    |*i_0_25    |            1.042303|             1.408344|           0.295591|         2.746238
5    |*i_0_28    |            1.047125|             1.584622|           0.295591|         2.927337
6    |*i_0_0_0   |            0.087395|             0.076079|           0.013429|         0.176902
7    |*i_0_0_1   |            0.080792|             0.061764|           0.013429|         0.155984
8    |*i_0_0_2   |            0.078793|             0.054072|           0.013429|         0.146293
9    |*i_0_0_3   |            0.078906|             0.050432|           0.013429|         0.142766
10   |*i_0_0_4   |            0.079341|             0.048787|           0.013429|         0.141557
11   |*i_0_0_5   |            0.079636|             0.048024|           0.013429|         0.141088
12   |*i_0_0_6   |            0.035644|             0.193953|           0.009224|         0.238821
13   |*i_0_0_7   |            0.029348|             0.029131|           0.006839|         0.065319
14   |*i_0_0_8   |            0.025826|             0.000000|           0.005333|         0.031159
15   |*i_0_0_9   |            0.009030|             0.017904|           0.003931|         0.030865
16   |*i_0_0_10  |            0.027528|             0.000000|           0.005333|         0.032861
17   |*i_0_0_11  |            0.011770|             0.023157|           0.003931|         0.038858
18   |*i_0_0_12  |            0.027595|             0.000000|           0.005333|         0.032928
19   |*i_0_0_13  |            0.011845|             0.023515|           0.003931|         0.039291
20   |*i_0_0_14  |            0.027970|             0.000000|           0.005333|         0.033303
21   |*i_0_0_15  |            0.012654|             0.025081|           0.003931|         0.041667
22   |*i_0_0_16  |            0.028221|             0.000000|           0.005333|         0.033554
23   |*i_0_0_17  |            0.013223|             0.026135|           0.003931|         0.043290
24   |*i_0_0_18  |            0.028438|             0.000000|           0.005333|         0.033771
25   |*i_0_0_19  |            0.013619|             0.026875|           0.003931|         0.044425
26   |*i_0_0_20  |            0.028535|             0.000000|           0.005333|         0.033869
27   |*i_0_0_21  |            0.013885|             0.027394|           0.003931|         0.045211
28   |*i_0_0_22  |            0.028595|             0.000000|           0.005333|         0.033928
29   |*i_0_0_23  |            0.014134|             0.027849|           0.003931|         0.045914
30   |*i_0_0_24  |            0.028712|             0.000000|           0.005333|         0.034045
31   |*i_0_0_25  |            0.014557|             0.028391|           0.003931|         0.046878
32   |*i_0_0_26  |            0.028699|             0.000000|           0.005333|         0.034032
33   |*i_0_0_27  |            0.014381|             0.028295|           0.003931|         0.046607
34   |*i_0_0_28  |            0.028727|             0.000000|           0.005333|         0.034060
35   |*i_0_0_29  |            0.014458|             0.028433|           0.003931|         0.046822
36   |*i_0_0_30  |            0.028706|             0.000000|           0.005333|         0.034039
37   |*i_0_0_31  |            0.014537|             0.028576|           0.003931|         0.047044
38   |*i_0_0_32  |            0.028675|             0.000000|           0.005333|         0.034008
39   |*i_0_0_33  |            0.014929|             0.029052|           0.003931|         0.047912
40   |*i_0_0_34  |            0.028489|             0.000000|           0.005333|         0.033822
41   |*i_0_0_35  |            0.015030|             0.029443|           0.003931|         0.048404
42   |*i_0_0_36  |            0.028527|             0.000000|           0.005333|         0.033860
43   |*i_0_0_37  |            0.015087|             0.029516|           0.003931|         0.048534
44   |*i_0_0_38  |            0.028485|             0.000000|           0.005333|         0.033818
45   |*i_0_0_39  |            0.015188|             0.029690|           0.003931|         0.048809
46   |*i_0_0_40  |            0.028468|             0.000000|           0.005333|         0.033801
47   |*i_0_0_41  |            0.015193|             0.029725|           0.003931|         0.048850
48   |*i_0_0_42  |            0.028452|             0.000000|           0.005333|         0.033786
49   |*i_0_0_43  |            0.015222|             0.029774|           0.003931|         0.048927
50   |*i_0_0_44  |            0.028553|             0.000000|           0.005333|         0.033886
51   |*i_0_0_45  |            0.015378|             0.029832|           0.003931|         0.049141
52   |*i_0_0_46  |            0.032494|             0.000000|           0.006839|         0.039333
53   |*i_0_0_47  |            0.024676|             0.047911|           0.005012|         0.077600
54   |*i_0_0_48  |            0.028589|             0.000000|           0.005333|         0.033923
55   |*i_0_0_49  |            0.015294|             0.029873|           0.003931|         0.049099
56   |*i_0_0_50  |            0.028561|             0.000000|           0.005333|         0.033895
57   |*i_0_0_51  |            0.015334|             0.029940|           0.003931|         0.049205
58   |*i_0_0_52  |            0.030444|             0.000000|           0.005333|         0.035777
59   |*i_0_0_53  |            0.011264|             0.022351|           0.003931|         0.037547
60   |*i_0_0_54  |            0.026135|             0.000000|           0.005333|         0.031468
61   |*i_0_0_55  |            0.009215|             0.018319|           0.003931|         0.031465
62   |*i_0_0_56  |            0.027624|             0.000000|           0.005333|         0.032958
63   |*i_0_0_57  |            0.011885|             0.023430|           0.003931|         0.039246
64   |*i_0_0_58  |            0.027717|             0.000000|           0.005333|         0.033050
65   |*i_0_0_59  |            0.011901|             0.023676|           0.003931|         0.039508
66   |*i_0_0_60  |            0.027955|             0.000000|           0.005333|         0.033289
67   |*i_0_0_61  |            0.012714|             0.025250|           0.003931|         0.041896
68   |*i_0_0_62  |            0.028226|             0.000000|           0.005333|         0.033559
69   |*i_0_0_63  |            0.013259|             0.026259|           0.003931|         0.043449
70   |*i_0_0_64  |            0.028348|             0.000000|           0.005333|         0.033681
71   |*i_0_0_65  |            0.013641|             0.026975|           0.003931|         0.044547
72   |*i_0_0_66  |            0.028379|             0.000000|           0.005333|         0.033712
73   |*i_0_0_67  |            0.014035|             0.027729|           0.003931|         0.045695
74   |*i_0_0_68  |            0.028406|             0.000000|           0.005333|         0.033739
75   |*i_0_0_69  |            0.014308|             0.028227|           0.003931|         0.046466
76   |*i_0_0_70  |            0.028691|             0.000000|           0.005333|         0.034024
77   |*i_0_0_71  |            0.014531|             0.028407|           0.003931|         0.046869
78   |*i_0_0_72  |            0.028641|             0.000000|           0.005333|         0.033974
79   |*i_0_0_73  |            0.014358|             0.028316|           0.003931|         0.046606
80   |*i_0_0_74  |            0.028678|             0.000000|           0.005333|         0.034011
81   |*i_0_0_75  |            0.014434|             0.028453|           0.003931|         0.046819
82   |*i_0_0_76  |            0.028678|             0.000000|           0.005333|         0.034011
83   |*i_0_0_77  |            0.014507|             0.028584|           0.003931|         0.047022
84   |*i_0_0_78  |            0.028594|             0.000000|           0.005333|         0.033927
85   |*i_0_0_79  |            0.014897|             0.029060|           0.003931|         0.047888
86   |*i_0_0_80  |            0.028471|             0.000000|           0.005333|         0.033804
87   |*i_0_0_81  |            0.015007|             0.029467|           0.003931|         0.048405
88   |*i_0_0_82  |            0.028433|             0.000000|           0.005333|         0.033766
89   |*i_0_0_83  |            0.015065|             0.029543|           0.003931|         0.048540
90   |*i_0_0_84  |            0.028404|             0.000000|           0.005333|         0.033737
91   |*i_0_0_85  |            0.015127|             0.029651|           0.003931|         0.048709
92   |*i_0_0_86  |            0.028428|             0.000000|           0.005333|         0.033761
93   |*i_0_0_87  |            0.015134|             0.029688|           0.003931|         0.048753
94   |*i_0_0_88  |            0.028417|             0.000000|           0.005333|         0.033750
95   |*i_0_0_89  |            0.015168|             0.029747|           0.003931|         0.048846
96   |*i_0_0_90  |            0.028393|             0.000000|           0.005333|         0.033727
97   |*i_0_0_91  |            0.015326|             0.029808|           0.003931|         0.049066
98   |*i_0_0_92  |            0.028052|             0.000000|           0.005333|         0.033386
99   |*i_0_0_93  |            0.015256|             0.029899|           0.003931|         0.049087
100  |*i_0_0_94  |            0.028053|             0.000000|           0.005333|         0.033386
101  |*i_0_0_95  |            0.015372|             0.030072|           0.003931|         0.049376
102  |*i_0_0_96  |            0.015943|             0.000000|           0.002775|         0.018719
103  |*i_0_0_97  |            0.035122|             0.272553|           0.008593|         0.316268
104  |*i_0_0_98  |            0.030366|             0.000000|           0.005333|         0.035699
105  |*i_0_0_99  |            0.011274|             0.022419|           0.003931|         0.037624
106  |*i_0_0_100 |            0.011438|             0.000000|           0.005012|         0.016451
107  |*i_0_0_101 |            0.034846|             0.000000|           0.008593|         0.043439
108  |*i_0_0_102 |            0.037486|             0.000000|           0.008593|         0.046079
109  |*i_0_0_103 |            0.042106|             0.000000|           0.008593|         0.050698
110  |*i_0_0_104 |            0.041971|             0.000000|           0.008593|         0.050564
111  |*i_0_0_105 |            0.041971|             0.000000|           0.008593|         0.050564
112  |*i_0_0_106 |            0.037366|             0.000000|           0.008593|         0.045959
113  |*i_0_0_107 |            0.037366|             0.000000|           0.008593|         0.045959
114  |*i_0_0_108 |            0.041971|             0.000000|           0.008593|         0.050564
115  |*i_0_0_109 |            0.037367|             0.000000|           0.008593|         0.045960
116  |*i_0_0_110 |            0.041973|             0.000000|           0.008593|         0.050566
117  |*i_0_0_111 |            0.041971|             0.000000|           0.008593|         0.050564
118  |*i_0_0_112 |            0.037366|             0.000000|           0.008593|         0.045959
119  |*i_0_0_113 |            0.037366|             0.000000|           0.008593|         0.045959
120  |*i_0_0_114 |            0.041971|             0.000000|           0.008593|         0.050564
121  |*i_0_0_115 |            0.037366|             0.000000|           0.008593|         0.045959
122  |*i_0_0_116 |            0.041971|             0.000000|           0.008593|         0.050564
123  |*i_0_0_117 |            0.041971|             0.000000|           0.008593|         0.050564
124  |*i_0_0_118 |            0.037366|             0.000000|           0.008593|         0.045959
125  |*i_0_0_119 |            0.037369|             0.000000|           0.008593|         0.045962
126  |*i_0_0_120 |            0.026396|             0.000000|           0.006839|         0.033235
127  |*i_0_0_121 |            0.034534|             0.000000|           0.008128|         0.042662
128  |*i_0_0_122 |            0.016691|             0.095739|           0.002775|         0.115205
129  |*i_0_0_123 |            0.041561|             0.322001|           0.008128|         0.371690
130  |*i_0_0_124 |            0.015617|             0.000000|           0.002775|         0.018393
131  |*i_0_0_125 |            0.045015|             0.266885|           0.008128|         0.320028
132  |*i_0_0_126 |            0.033063|             0.094784|           0.005333|         0.133180
133  |*i_0_0_127 |            0.019695|             0.037965|           0.003931|         0.061591
134  |*i_0_0_128 |            0.015544|             0.000000|           0.002775|         0.018319
135  |*i_0_0_129 |            0.044900|             0.265629|           0.008128|         0.318656
136  |*i_0_0_130 |            0.032847|             0.094784|           0.005333|         0.132964
137  |*i_0_0_131 |            0.018436|             0.035605|           0.003931|         0.057971
138  |*i_0_0_132 |            0.015510|             0.000000|           0.002775|         0.018286
139  |*i_0_0_133 |            0.044851|             0.265055|           0.008128|         0.318034
140  |*i_0_0_134 |            0.032847|             0.094784|           0.005333|         0.132964
141  |*i_0_0_135 |            0.018436|             0.035605|           0.003931|         0.057971
142  |*i_0_0_136 |            0.015495|             0.000000|           0.002775|         0.018271
143  |*i_0_0_137 |            0.044830|             0.264799|           0.008128|         0.317757
144  |*i_0_0_138 |            0.033067|             0.094784|           0.005333|         0.133185
145  |*i_0_0_139 |            0.019695|             0.037965|           0.003931|         0.061591
146  |*i_0_0_140 |            0.015489|             0.000000|           0.002775|         0.018264
147  |*i_0_0_141 |            0.044820|             0.264686|           0.008128|         0.317635
148  |*i_0_0_142 |            0.032851|             0.094784|           0.005333|         0.132969
149  |*i_0_0_143 |            0.018436|             0.035605|           0.003931|         0.057971
150  |*i_0_0_144 |            0.015486|             0.000000|           0.002775|         0.018261
151  |*i_0_0_145 |            0.044816|             0.264637|           0.008128|         0.317581
152  |*i_0_0_146 |            0.033067|             0.094784|           0.005333|         0.133185
153  |*i_0_0_147 |            0.019695|             0.037965|           0.003931|         0.061591
154  |*i_0_0_148 |            0.029878|             0.000000|           0.005333|         0.035211
155  |*i_0_0_149 |            0.016590|             0.032443|           0.003931|         0.052963
156  |*i_0_0_150 |            0.027928|             0.036605|           0.008181|         0.072715
157  |*i_0_0_151 |            0.014463|             0.282023|           0.002775|         0.299261
158  |*i_0_0_152 |            0.017826|             1.119764|           0.003931|         1.141522
159  |*i_0_0_153 |            0.014175|             0.082189|           0.002775|         0.099139
160  |*i_0_0_154 |            0.040986|             0.474874|           0.006839|         0.522700
161  |*i_0_0_155 |            0.000088|             0.000127|           0.007124|         0.007339
162  |*i_0_0_156 |            0.000208|             0.000284|           0.007124|         0.007616
163  |*i_0_0_157 |            0.020577|             0.036247|           0.003931|         0.060755
164  |*i_0_0_158 |            0.009814|             0.009663|           0.004800|         0.024278
165  |*i_0_0_159 |            0.013639|             0.016158|           0.004800|         0.034597
166  |*i_0_0_160 |            0.013621|             0.014515|           0.004800|         0.032936
167  |*i_0_0_161 |            0.013610|             0.013474|           0.004800|         0.031884
168  |*i_0_0_162 |            0.013637|             0.016156|           0.004800|         0.034594
169  |*i_0_0_163 |            0.035642|             0.151023|           0.008128|         0.194792
170  |*i_0_0_164 |            0.035634|             0.149686|           0.008128|         0.193447
171  |*i_0_0_165 |            0.035672|             0.151661|           0.008128|         0.195461
172  |*i_0_0_166 |            0.035634|             0.148571|           0.008128|         0.192333
173  |*i_0_0_167 |            0.035604|             0.143654|           0.008128|         0.187386
174  |*i_0_0_168 |            0.035628|             0.148636|           0.008128|         0.192391
175  |*i_0_0_169 |            0.035689|             0.151726|           0.008128|         0.195543
176  |*i_0_0_170 |            0.035674|             0.148240|           0.008128|         0.192042
177  |*i_0_0_171 |            0.035628|             0.148636|           0.008128|         0.192391
178  |*i_0_0_172 |            0.035632|             0.149274|           0.008128|         0.193033
179  |*i_0_0_173 |            0.035632|             0.148237|           0.008128|         0.191996
180  |*i_0_0_174 |            0.035638|             0.150389|           0.008128|         0.194155
181  |*i_0_0_175 |            0.036255|             0.149949|           0.008128|         0.194332
182  |*i_0_0_176 |            0.035647|             0.151726|           0.008128|         0.195500
183  |*i_0_0_177 |            0.035632|             0.148172|           0.008128|         0.191931
184  |*i_0_0_178 |            0.035634|             0.149686|           0.008128|         0.193447
185  |*i_0_0_179 |            0.035642|             0.150958|           0.008128|         0.194727
186  |*i_0_0_180 |            0.035620|             0.147468|           0.008128|         0.191216
187  |*i_0_0_181 |            0.035623|             0.146706|           0.008128|         0.190456
188  |*i_0_0_182 |            0.007698|             0.737360|           0.002775|         0.747834
189  |*i_0_0_183 |            0.031892|             0.900165|           0.008128|         0.940184
190  |*i_0_0_184 |            0.020277|             0.076072|           0.003931|         0.100280
191  |*i_0_0_185 |            0.000720|             0.001123|           0.005333|         0.007177
192  |*i_0_0_186 |            0.015501|             0.041407|           0.002775|         0.059684
193  |*i_0_0_187 |            0.035647|             0.298973|           0.006839|         0.341459
194  |*i_0_0_188 |            0.018041|             0.036306|           0.003931|         0.058278
195  |*i_0_0_189 |            0.016295|             0.063221|           0.003931|         0.083447
196  |*i_0_0_190 |            0.001260|             0.002628|           0.011090|         0.014978
197  |*i_0_0_191 |            0.015535|             0.044515|           0.002775|         0.062825
198  |*i_0_0_192 |            0.032569|             0.295803|           0.006839|         0.335212
199  |*i_0_0_193 |            0.035271|             0.047993|           0.005333|         0.088597
200  |*i_0_0_194 |            0.029811|             0.029375|           0.008801|         0.067987
201  |*i_0_0_195 |            0.047786|             0.033934|           0.006336|         0.088056
202  |*i_0_0_196 |            0.029682|             0.027481|           0.006839|         0.064002
203  |*i_0_0_197 |            0.039059|             0.035239|           0.009224|         0.083522
204  |*i_0_0_198 |            0.027765|             0.017543|           0.006336|         0.051644
205  |*i_0_0_199 |            0.032832|             0.048405|           0.006839|         0.088076
206  |*i_0_0_200 |            0.040428|             0.041383|           0.008593|         0.090404
207  |*i_0_0_201 |            0.033222|             0.030305|           0.009224|         0.072752
208  |*i_0_0_202 |            0.053076|             0.033562|           0.008801|         0.095438
209  |*i_0_0_203 |            0.043894|             0.028810|           0.006336|         0.079040
210  |*i_0_0_204 |            0.054759|             0.033276|           0.008801|         0.096836
211  |*i_0_0_205 |            0.016587|             0.022684|           0.003931|         0.043202
212  |*i_0_0_206 |            0.031697|             0.028410|           0.005333|         0.065440
213  |*i_0_0_207 |            0.034021|             0.051009|           0.006839|         0.091869
214  |*i_0_0_208 |            0.031844|             0.046187|           0.005333|         0.083365
215  |*i_0_0_209 |            0.001907|             0.003629|           0.004800|         0.010336
216  |*i_0_0_210 |            0.026082|             0.066304|           0.007124|         0.099511
217  |*i_0_0_211 |            0.028510|             0.043650|           0.006839|         0.078999
218  |*i_0_0_212 |            0.029460|             0.027565|           0.006336|         0.063361
219  |*i_0_0_213 |            0.016615|             0.053306|           0.003931|         0.073852
220  |*i_0_0_214 |            0.028964|             0.027137|           0.006336|         0.062437
221  |*i_0_0_215 |            0.016560|             0.053276|           0.003931|         0.073766
222  |*i_0_0_216 |            0.032577|             0.044161|           0.004505|         0.081243
223  |*i_0_0_217 |            0.035998|             0.037315|           0.008593|         0.081905
224  |*i_0_0_218 |            0.016512|             0.053803|           0.003931|         0.074246
225  |*i_0_0_219 |            0.011200|             0.030333|           0.002775|         0.044309
226  |*i_0_0_220 |            0.016393|             0.203728|           0.003931|         0.224053
227  |*i_0_0_221 |            0.017486|             0.029546|           0.004505|         0.051537
228  |*i_0_0_222 |            0.016730|             0.061049|           0.003931|         0.081710
229  |*i_0_0_223 |            0.010720|             0.019649|           0.002775|         0.033145
230  |*i_0_0_224 |            0.015802|             0.207304|           0.003931|         0.227037
231  |*i_0_0_225 |            0.016503|             0.050571|           0.003931|         0.071005
232  |*i_0_0_226 |            0.018470|             0.052741|           0.006839|         0.078051
233  |*i_0_0_227 |            0.031244|             0.037340|           0.008801|         0.077385
234  |*i_0_0_228 |            0.030845|             0.076529|           0.006839|         0.114213
235  |*i_0_0_229 |            0.051676|             0.046694|           0.011299|         0.109669
236  |*i_0_0_230 |            0.015445|             0.021070|           0.003931|         0.040446
237  |*i_0_0_231 |            0.015611|             0.050808|           0.005012|         0.071431
238  |*i_0_0_232 |            0.039313|             0.069615|           0.008128|         0.117056
239  |*i_0_0_233 |            0.014924|             0.027320|           0.002775|         0.045020
240  |*i_0_0_234 |            0.036173|             0.287524|           0.009224|         0.332921
241  |*i_0_0_235 |            0.050989|             0.029416|           0.013242|         0.093647
242  |*i_0_0_236 |            0.015765|             0.036569|           0.005012|         0.057347
243  |*i_0_0_237 |            0.031578|             0.060746|           0.008593|         0.100917
244  |*i_0_0_238 |            0.015433|             0.034987|           0.003931|         0.054351
245  |*i_0_0_239 |            0.016155|             0.015673|           0.005012|         0.036840
246  |*i_0_0_240 |            0.030042|             0.029851|           0.005333|         0.065226
247  |*i_0_0_241 |            0.015730|             0.050382|           0.003931|         0.070043
248  |*i_0_0_242 |            0.019515|             0.787029|           0.003931|         0.810476
249  |*i_0_0_243 |            0.019225|             0.070349|           0.005012|         0.094586
250  |*i_0_0_244 |            0.013805|             0.197588|           0.002775|         0.214169
251  |*i_0_0_245 |            0.033029|             0.299264|           0.005475|         0.337768
252  |*i_0_0_246 |            0.030941|             1.770641|           0.005012|         1.806594
253  |*i_0_0_247 |            0.000418|             1.735824|           0.002775|         1.739018
254  |*i_0_0_248 |            0.018895|             0.285326|           0.003931|         0.308151
255  |*i_0_0_249 |            0.000541|             0.008375|           0.002775|         0.011692
256  |*i_0_0_250 |            0.001755|             0.011479|           0.012505|         0.025739
257  |*i_0_0_251 |            0.000000|             0.000000|           0.006705|         0.006705
258  |*i_0_0_252 |            0.000000|             0.000000|           0.006705|         0.006705
259  |*i_0_0_253 |            0.013092|             0.007548|           0.006705|         0.027345
260  |*i_0_0_254 |            0.013073|             0.007380|           0.006705|         0.027158
261  |*i_0_0_255 |            0.013204|             0.008566|           0.006705|         0.028475
262  |*i_0_0_256 |            0.013160|             0.008167|           0.006705|         0.028031
263  |*i_0_0_257 |            0.013655|             0.138002|           0.002775|         0.154432
264  |*i_0_0_258 |            0.046295|             0.264193|           0.012505|         0.322994
265  |*i_0_0_259 |            0.013865|             0.025475|           0.002775|         0.042116
266  |*i_0_0_260 |            0.034099|             0.228184|           0.008128|         0.270410
267  |*i_0_0_261 |            0.028500|             0.043492|           0.005333|         0.077325
268  |*i_0_0_262 |            0.035768|             0.030604|           0.012505|         0.078878
269  |*i_0_0_263 |            0.013889|             0.135620|           0.002775|         0.152285
270  |*i_0_0_264 |            0.047400|             0.294373|           0.012505|         0.354278
271  |*i_0_0_265 |            0.014831|             0.062538|           0.002775|         0.080144
272  |*i_0_0_266 |            0.036806|             0.241058|           0.008128|         0.285991
273  |*i_0_0_267 |            0.028500|             0.043492|           0.005333|         0.077325
274  |*i_0_0_268 |            0.035768|             0.030604|           0.012505|         0.078878
275  |*i_0_0_269 |            0.014305|             0.100138|           0.002775|         0.117218
276  |*i_0_0_270 |            0.047374|             0.297101|           0.012505|         0.356981
277  |*i_0_0_271 |            0.031390|             0.062362|           0.006839|         0.100591
278  |*i_0_0_272 |            0.023833|             0.046608|           0.005012|         0.075453
279  |*i_0_0_273 |            0.028626|             0.090331|           0.005333|         0.124290
280  |*i_0_0_274 |            0.035768|             0.030604|           0.012505|         0.078878
281  |*i_0_0_275 |            0.014361|             0.060405|           0.002775|         0.077541
282  |*i_0_0_276 |            0.047407|             0.337708|           0.012505|         0.397621
283  |*i_0_0_277 |            0.031821|             0.067812|           0.006839|         0.106472
284  |*i_0_0_278 |            0.022810|             0.044077|           0.005012|         0.071900
285  |*i_0_0_279 |            0.025024|             0.099703|           0.003931|         0.128659
286  |*i_0_0_280 |            0.030818|             0.043319|           0.008128|         0.082265
287  |*i_0_0_281 |            0.018571|             0.020987|           0.008128|         0.047686
288  |*i_0_0_282 |            0.014859|             0.073692|           0.007124|         0.095675
289  |*i_0_0_283 |            0.014121|             0.154463|           0.002775|         0.171360
290  |*i_0_0_284 |            0.048260|             0.306663|           0.012505|         0.367428
291  |*i_0_0_285 |            0.035926|             0.070587|           0.008128|         0.114641
292  |*i_0_0_286 |            0.052273|             0.077480|           0.012505|         0.142259
293  |*i_0_0_287 |            0.015173|             0.031311|           0.002775|         0.049259
294  |*i_0_0_288 |            0.054254|             0.291836|           0.012505|         0.358595
295  |*i_0_0_289 |            0.014298|             0.074853|           0.002775|         0.091926
296  |*i_0_0_290 |            0.048856|             0.335837|           0.012505|         0.397199
297  |*i_0_0_291 |            0.036433|             0.067611|           0.008128|         0.112172
298  |*i_0_0_292 |            0.052273|             0.077480|           0.012505|         0.142259
299  |*i_0_0_293 |            0.015173|             0.031311|           0.002775|         0.049259
300  |*i_0_0_294 |            0.054254|             0.291836|           0.012505|         0.358595
301  |*i_0_0_295 |            0.014221|             0.345777|           0.002775|         0.362773
302  |*i_0_0_296 |            0.047729|             0.267929|           0.012505|         0.328163
303  |*i_0_0_297 |            0.035496|             0.065684|           0.008128|         0.109308
304  |*i_0_0_298 |            0.052330|             0.083145|           0.012505|         0.147980
305  |*i_0_0_299 |            0.015173|             0.031311|           0.002775|         0.049259
306  |*i_0_0_300 |            0.054254|             0.291836|           0.012505|         0.358595
307  |*i_0_0_301 |            0.019393|             0.072779|           0.005012|         0.097185
308  |*i_0_0_302 |            0.014175|             0.100102|           0.002775|         0.117053
309  |*i_0_0_303 |            0.048666|             0.312300|           0.012505|         0.373471
310  |*i_0_0_304 |            0.037558|             0.067687|           0.008128|         0.113373
311  |*i_0_0_305 |            0.064195|             0.098394|           0.012505|         0.175094
312  |*i_0_0_306 |            0.010232|             0.059088|           0.005012|         0.074332
313  |*i_0_0_307 |            0.035894|             0.086729|           0.008128|         0.130751
314  |*i_0_0_308 |            0.013917|             0.139796|           0.002775|         0.156488
315  |*i_0_0_309 |            0.047072|             0.306098|           0.012505|         0.365676
316  |*i_0_0_310 |            0.034244|             0.060307|           0.008128|         0.102679
317  |*i_0_0_311 |            0.040473|             0.072139|           0.012505|         0.125117
318  |*i_0_0_312 |            0.014162|             0.065550|           0.002775|         0.082487
319  |*i_0_0_313 |            0.048533|             0.335333|           0.012505|         0.396371
320  |*i_0_0_314 |            0.034895|             0.069491|           0.008128|         0.112513
321  |*i_0_0_315 |            0.040473|             0.072139|           0.012505|         0.125117
322  |*i_0_0_316 |            0.014062|             0.099255|           0.002775|         0.116093
323  |*i_0_0_317 |            0.047086|             0.305700|           0.012505|         0.365291
324  |*i_0_0_318 |            0.033845|             0.059679|           0.008128|         0.101651
325  |*i_0_0_319 |            0.040473|             0.072139|           0.012505|         0.125117
326  |*i_0_0_320 |            0.014132|             0.078993|           0.002775|         0.095900
327  |*i_0_0_321 |            0.046650|             0.294242|           0.012505|         0.353397
328  |*i_0_0_322 |            0.035442|             0.065423|           0.008128|         0.108993
329  |*i_0_0_323 |            0.049935|             0.085753|           0.012505|         0.148193
330  |*i_0_0_324 |            0.013822|             0.140734|           0.002775|         0.157332
331  |*i_0_0_325 |            0.047292|             0.335232|           0.012505|         0.395030
332  |*i_0_0_326 |            0.032951|             0.062492|           0.008128|         0.103570
333  |*i_0_0_327 |            0.035481|             0.062462|           0.012505|         0.110448
334  |*i_0_0_328 |            0.013636|             0.107182|           0.002775|         0.123594
335  |*i_0_0_329 |            0.044605|             0.257940|           0.012505|         0.315051
336  |*i_0_0_330 |            0.033938|             0.064154|           0.008128|         0.106220
337  |*i_0_0_331 |            0.035481|             0.062462|           0.012505|         0.110448
338  |*i_0_0_332 |            0.013161|             0.106206|           0.002775|         0.122142
339  |*i_0_0_333 |            0.046253|             0.326990|           0.012505|         0.385748
340  |*i_0_0_334 |            0.020910|             0.036942|           0.008593|         0.066445
341  |*i_0_0_335 |            0.035614|             0.063855|           0.012505|         0.111974
342  |*i_0_0_336 |            0.011241|             0.112280|           0.005012|         0.128533
343  |*i_0_0_337 |            0.013060|             0.133774|           0.002775|         0.149609
344  |*i_0_0_338 |            0.046184|             0.248948|           0.012505|         0.307638
345  |*i_0_0_339 |            0.027017|             0.044012|           0.008593|         0.079622
346  |*i_0_0_340 |            0.026609|             0.084562|           0.006839|         0.118009
347  |*i_0_0_341 |            0.022545|             0.034543|           0.006839|         0.063927
348  |*i_0_0_342 |            0.019231|             0.072260|           0.003931|         0.095423
349  |*i_0_0_343 |            0.012782|             0.184716|           0.002775|         0.200274
350  |*i_0_0_344 |            0.018500|             0.311074|           0.003931|         0.333506
351  |*i_0_0_345 |            0.013882|             0.183998|           0.007124|         0.205005
352  |*i_0_0_346 |            0.013049|             0.317350|           0.002775|         0.333175
353  |*i_0_0_347 |            0.044900|             0.245864|           0.012505|         0.303270
354  |*i_0_0_348 |            0.013309|             0.026845|           0.005333|         0.045488
355  |*i_0_0_349 |            0.006337|             0.012011|           0.003931|         0.022279
356  |*i_0_0_350 |            0.016720|             0.080185|           0.002775|         0.099680
357  |*i_0_0_351 |            0.040876|             0.324241|           0.008128|         0.373245
358  |*i_0_0_352 |            0.013016|             0.089738|           0.002775|         0.105530
359  |*i_0_0_353 |            0.044822|             0.282782|           0.012505|         0.340109
360  |*i_0_0_354 |            0.016240|             0.031098|           0.005333|         0.052670
361  |*i_0_0_355 |            0.006337|             0.012011|           0.003931|         0.022279
362  |*i_0_0_356 |            0.016720|             0.080185|           0.002775|         0.099680
363  |*i_0_0_357 |            0.040876|             0.324241|           0.008128|         0.373245
364  |*i_0_0_358 |            0.012855|             0.118211|           0.002775|         0.133842
365  |*i_0_0_359 |            0.045385|             0.283463|           0.012505|         0.341353
366  |*i_0_0_360 |            0.014595|             0.186686|           0.005607|         0.206889
367  |*i_0_0_361 |            0.005682|             0.023395|           0.002775|         0.031852
368  |*i_0_0_362 |            0.015277|             0.092374|           0.008128|         0.115779
369  |*i_0_0_363 |            0.016730|             0.084322|           0.002775|         0.103827
370  |*i_0_0_364 |            0.040868|             0.322374|           0.008128|         0.371370
371  |*i_0_0_365 |            0.012862|             0.125185|           0.002775|         0.140822
372  |*i_0_0_366 |            0.025335|             0.243958|           0.011090|         0.280383
373  |*i_0_0_367 |            0.007993|             0.031008|           0.002775|         0.041776
374  |*i_0_0_368 |            0.021693|             0.130030|           0.008128|         0.159850
375  |*i_0_0_369 |            0.013113|             0.065762|           0.002775|         0.081651
376  |*i_0_0_370 |            0.020492|             0.249908|           0.005012|         0.275412
377  |*i_0_0_371 |            0.016395|             0.099325|           0.007124|         0.122844
378  |*i_0_0_372 |            0.005034|             0.021473|           0.005012|         0.031519
379  |*i_0_0_373 |            0.009658|             0.092423|           0.003931|         0.106012
380  |*i_0_0_374 |            0.018251|             0.248380|           0.005607|         0.272239
381  |*i_0_0_375 |            0.000524|             0.000652|           0.007124|         0.008300
382  |*i_0_0_376 |            0.041239|             0.044405|           0.008128|         0.093772
383  |*i_0_0_377 |            0.026945|             0.235118|           0.005333|         0.267397
384  |*i_0_0_378 |            0.018436|             0.035605|           0.003931|         0.057971
385  |*i_0_0_379 |            0.032684|             0.050628|           0.006839|         0.090151
386  |*i_0_0_380 |            0.028159|             0.042401|           0.006839|         0.077399
387  |*i_0_0_381 |            0.013037|             0.073803|           0.002775|         0.089615
388  |*i_0_0_382 |            0.032877|             0.337842|           0.008593|         0.379312
389  |*i_0_0_383 |            0.028192|             0.045153|           0.006839|         0.080184
390  |*i_0_0_384 |            0.012556|             0.107784|           0.002775|         0.123116
391  |*i_0_0_385 |            0.025082|             0.275058|           0.005333|         0.305473
392  |*i_0_0_386 |            0.018436|             0.035605|           0.003931|         0.057971
393  |*i_0_0_387 |            0.002386|             0.018220|           0.003931|         0.024537
394  |*i_0_0_388 |            0.021836|             0.065807|           0.009224|         0.096867
395  |*i_0_0_389 |            0.039532|             0.032295|           0.009224|         0.081051
396  |*i_0_0_390 |            0.017679|             0.011771|           0.011090|         0.040540
397  |*i_0_0_391 |            0.014732|             0.211455|           0.007124|         0.233312
398  |*i_0_0_392 |            0.016371|             0.495360|           0.002775|         0.514507
399  |*i_0_0_393 |            0.048376|             0.800150|           0.008181|         0.856707
400  |*i_0_0_394 |            0.019793|             0.162787|           0.005012|         0.187592
401  |*i_0_0_395 |            0.058739|             0.375649|           0.007821|         0.442210
402  |*i_0_0_396 |            0.017091|             0.179347|           0.002775|         0.199213
403  |*i_0_0_397 |            0.051874|             0.441691|           0.008181|         0.501746
404  |*i_0_0_398 |            0.016302|             0.499703|           0.002775|         0.518781
405  |*i_0_0_399 |            0.038066|             1.582967|           0.006839|         1.627872
406  |*i_0_0_400 |            0.037307|             0.042585|           0.005475|         0.085367
407  |*i_0_0_401 |            0.013512|             0.181774|           0.002775|         0.198062
408  |*i_0_0_402 |            0.050000|             0.231015|           0.011090|         0.292105
409  |*i_0_0_403 |            0.008064|             0.006167|           0.011090|         0.025321
410  |*i_0_0_404 |            0.026982|             0.025357|           0.008128|         0.060466
411  |*i_0_0_405 |            0.038873|             0.036548|           0.009224|         0.084646
412  |*i_0_0_406 |            0.013986|             0.009253|           0.006336|         0.029575
413  |*i_0_0_407 |            0.014166|             0.128022|           0.002775|         0.144963
414  |*i_0_0_408 |            0.047237|             0.308510|           0.012505|         0.368252
415  |*i_0_0_409 |            0.016738|             0.062243|           0.002775|         0.081757
416  |*i_0_0_410 |            0.032347|             0.271259|           0.006839|         0.310445
417  |*i_0_0_411 |            0.036589|             0.038433|           0.011090|         0.086112
418  |*i_0_0_412 |            0.052606|             0.032893|           0.012505|         0.098004
419  |*i_0_0_413 |            0.014451|             0.087742|           0.002775|         0.104969
420  |*i_0_0_414 |            0.048319|             0.309225|           0.012505|         0.370050
421  |*i_0_0_415 |            0.037366|             0.071849|           0.008128|         0.117343
422  |*i_0_0_416 |            0.045377|             0.074027|           0.011090|         0.130493
423  |*i_0_0_417 |            0.011295|             0.023068|           0.002775|         0.037138
424  |*i_0_0_418 |            0.025723|             0.185454|           0.008128|         0.219304
425  |*i_0_0_419 |            0.014333|             0.123635|           0.002775|         0.140743
426  |*i_0_0_420 |            0.046677|             0.271935|           0.012505|         0.331117
427  |*i_0_0_421 |            0.031545|             0.064036|           0.006839|         0.102420
428  |*i_0_0_422 |            0.018704|             0.036583|           0.005012|         0.060299
429  |*i_0_0_423 |            0.050584|             0.097662|           0.011090|         0.159336
430  |*i_0_0_424 |            0.029255|             0.032172|           0.006839|         0.068267
431  |*i_0_0_425 |            0.031201|             0.046968|           0.006839|         0.085009
432  |*i_0_0_426 |            0.014094|             0.150901|           0.002775|         0.167771
433  |*i_0_0_427 |            0.048280|             0.307090|           0.012505|         0.367876
434  |*i_0_0_428 |            0.036391|             0.070916|           0.008128|         0.115435
435  |*i_0_0_429 |            0.052947|             0.084546|           0.012505|         0.149999
436  |*i_0_0_430 |            0.014875|             0.077758|           0.002775|         0.095409
437  |*i_0_0_431 |            0.056117|             0.250778|           0.012505|         0.319400
438  |*i_0_0_432 |            0.014061|             0.136686|           0.002775|         0.153522
439  |*i_0_0_433 |            0.046620|             0.267934|           0.012505|         0.327060
440  |*i_0_0_434 |            0.036693|             0.063304|           0.008128|         0.108124
441  |*i_0_0_435 |            0.052889|             0.078787|           0.012505|         0.144181
442  |*i_0_0_436 |            0.015451|             0.031871|           0.002775|         0.050097
443  |*i_0_0_437 |            0.055070|             0.280114|           0.012505|         0.347689
444  |*i_0_0_438 |            0.014609|             0.261199|           0.002775|         0.278583
445  |*i_0_0_439 |            0.035618|             0.345087|           0.012505|         0.393210
446  |*i_0_0_440 |            0.035952|             0.070075|           0.008128|         0.114155
447  |*i_0_0_441 |            0.054017|             0.084546|           0.012505|         0.151069
448  |*i_0_0_442 |            0.014875|             0.077758|           0.002775|         0.095409
449  |*i_0_0_443 |            0.054794|             0.250778|           0.012505|         0.318077
450  |*i_0_0_444 |            0.013872|             0.098774|           0.002775|         0.115422
451  |*i_0_0_445 |            0.048829|             0.299849|           0.012505|         0.361183
452  |*i_0_0_446 |            0.037320|             0.070544|           0.008128|         0.115992
453  |*i_0_0_447 |            0.046004|             0.095131|           0.011090|         0.152224
454  |*i_0_0_448 |            0.012327|             0.025960|           0.002775|         0.041063
455  |*i_0_0_449 |            0.041050|             0.209083|           0.011090|         0.261222
456  |*i_0_0_450 |            0.012158|             0.051016|           0.007124|         0.070299
457  |*i_0_0_451 |            0.024411|             0.033443|           0.005607|         0.063462
458  |*i_0_0_452 |            0.041025|             0.158310|           0.005607|         0.204943
459  |*i_0_0_453 |            0.013555|             0.134316|           0.002775|         0.150646
460  |*i_0_0_454 |            0.047229|             0.296204|           0.012505|         0.355938
461  |*i_0_0_455 |            0.028319|             0.043134|           0.008593|         0.080046
462  |*i_0_0_456 |            0.040778|             0.074679|           0.012505|         0.127962
463  |*i_0_0_457 |            0.013935|             0.133350|           0.002775|         0.150061
464  |*i_0_0_458 |            0.046434|             0.265382|           0.012505|         0.324321
465  |*i_0_0_459 |            0.035198|             0.065369|           0.008128|         0.108694
466  |*i_0_0_460 |            0.040764|             0.073050|           0.012505|         0.126319
467  |*i_0_0_461 |            0.014053|             0.097329|           0.002775|         0.114158
468  |*i_0_0_462 |            0.047924|             0.303539|           0.012505|         0.363968
469  |*i_0_0_463 |            0.034384|             0.068025|           0.008128|         0.110537
470  |*i_0_0_464 |            0.040738|             0.072694|           0.012505|         0.125937
471  |*i_0_0_465 |            0.014095|             0.085942|           0.002775|         0.102812
472  |*i_0_0_466 |            0.047967|             0.287099|           0.012505|         0.347572
473  |*i_0_0_467 |            0.035521|             0.065191|           0.008128|         0.108840
474  |*i_0_0_468 |            0.032485|             0.082358|           0.008128|         0.122971
475  |*i_0_0_469 |            0.016650|             0.051498|           0.002775|         0.070924
476  |*i_0_0_470 |            0.041513|             0.317562|           0.008128|         0.367203
477  |*i_0_0_471 |            0.013965|             0.164622|           0.002775|         0.181363
478  |*i_0_0_472 |            0.046872|             0.302057|           0.012505|         0.361434
479  |*i_0_0_473 |            0.033494|             0.059095|           0.008128|         0.100716
480  |*i_0_0_474 |            0.035982|             0.064832|           0.012505|         0.113319
481  |*i_0_0_475 |            0.013753|             0.063622|           0.002775|         0.080151
482  |*i_0_0_476 |            0.048515|             0.302428|           0.012505|         0.363448
483  |*i_0_0_477 |            0.034247|             0.068140|           0.008128|         0.110515
484  |*i_0_0_478 |            0.035982|             0.064832|           0.012505|         0.113319
485  |*i_0_0_479 |            0.013309|             0.175527|           0.002775|         0.191611
486  |*i_0_0_480 |            0.045160|             0.249290|           0.012505|         0.306955
487  |*i_0_0_481 |            0.021790|             0.034289|           0.008593|         0.064672
488  |*i_0_0_482 |            0.037546|             0.066278|           0.012505|         0.116328
489  |*i_0_0_483 |            0.012986|             0.091427|           0.007124|         0.111537
490  |*i_0_0_484 |            0.018050|             0.203256|           0.005012|         0.226318
491  |*i_0_0_485 |            0.013242|             0.069324|           0.002775|         0.085341
492  |*i_0_0_486 |            0.046648|             0.307006|           0.012505|         0.366158
493  |*i_0_0_487 |            0.025530|             0.044733|           0.008593|         0.078856
494  |*i_0_0_488 |            0.024434|             0.079048|           0.006839|         0.110322
495  |*i_0_0_489 |            0.023001|             0.030783|           0.009224|         0.063009
496  |*i_0_0_490 |            0.015304|             0.206533|           0.007124|         0.228962
497  |*i_0_0_491 |            0.013475|             0.240934|           0.002775|         0.257184
498  |*i_0_0_492 |            0.045888|             0.318853|           0.012505|         0.377246
499  |*i_0_0_493 |            0.007383|             0.029268|           0.002775|         0.039426
500  |*i_0_0_494 |            0.017644|             0.120085|           0.008128|         0.145856
501  |*i_0_0_495 |            0.016730|             0.084323|           0.002775|         0.103828
502  |*i_0_0_496 |            0.041543|             0.324246|           0.008128|         0.373917
503  |*i_0_0_497 |            0.013056|             0.090420|           0.002775|         0.106251
504  |*i_0_0_498 |            0.046046|             0.280309|           0.012505|         0.338860
505  |*i_0_0_499 |            0.009124|             0.036168|           0.002775|         0.048067
506  |*i_0_0_500 |            0.020349|             0.148395|           0.008128|         0.176872
507  |*i_0_0_501 |            0.016730|             0.084323|           0.002775|         0.103828
508  |*i_0_0_502 |            0.041543|             0.324246|           0.008128|         0.373917
509  |*i_0_0_503 |            0.012862|             0.125410|           0.002775|         0.141047
510  |*i_0_0_504 |            0.045318|             0.270513|           0.012505|         0.328335
511  |*i_0_0_505 |            0.006282|             0.024902|           0.002775|         0.033959
512  |*i_0_0_506 |            0.016761|             0.102172|           0.008128|         0.127061
513  |*i_0_0_507 |            0.033168|             0.135543|           0.005333|         0.174044
514  |*i_0_0_508 |            0.019596|             0.037845|           0.003931|         0.061372
515  |*i_0_0_509 |            0.013036|             0.060338|           0.002775|         0.076149
516  |*i_0_0_510 |            0.050099|             0.307302|           0.011090|         0.368491
517  |*i_0_0_511 |            0.001088|             0.000741|           0.006336|         0.008165
518  |*i_0_0_512 |            0.014694|             0.194915|           0.005607|         0.215217
519  |*i_0_0_513 |            0.008712|             0.032085|           0.002775|         0.043573
520  |*i_0_0_514 |            0.023521|             0.141813|           0.008128|         0.173462
521  |*i_0_0_515 |            0.038804|             0.152736|           0.004361|         0.195902
522  |*i_0_0_516 |            0.017775|             0.111705|           0.007124|         0.136604
523  |*i_0_0_517 |            0.005895|             0.024932|           0.005012|         0.035840
524  |*i_0_0_518 |            0.007657|             0.042700|           0.002775|         0.053133
525  |*i_0_0_519 |            0.010906|             0.186784|           0.003931|         0.201621
526  |*i_0_0_520 |            0.005498|             0.236051|           0.002775|         0.244325
527  |*i_0_0_521 |            0.008907|             0.113495|           0.003931|         0.126333
528  |*i_0_0_522 |            0.012486|             0.135855|           0.002775|         0.151117
529  |*i_0_0_523 |            0.023343|             0.307018|           0.008128|         0.338489
530  |*i_0_0_524 |            0.029439|             0.051055|           0.006839|         0.087333
531  |*i_0_0_525 |            0.010689|             0.021068|           0.005012|         0.036769
532  |*i_0_0_526 |            0.016500|             0.029120|           0.002775|         0.048396
533  |*i_0_0_527 |            0.042195|             0.317705|           0.008128|         0.368028
534  |*i_0_0_528 |            0.012344|             0.135807|           0.002775|         0.150926
535  |*i_0_0_529 |            0.036859|             0.262393|           0.008128|         0.307380
536  |*i_0_0_530 |            0.034285|             0.045701|           0.008593|         0.088579
537  |*i_0_0_531 |            0.018850|             0.076711|           0.003931|         0.099493
538  |*i_0_0_532 |            0.005378|             0.010540|           0.005607|         0.021526
539  |*i_0_0_533 |            0.029660|             0.064756|           0.005607|         0.100023
540  |*i_0_0_534 |            0.026501|             0.194945|           0.006839|         0.228286
541  |*i_0_0_535 |            0.003767|             0.005292|           0.004505|         0.013563
542  |*i_0_0_536 |            0.016383|             0.245929|           0.007124|         0.269436
543  |*i_0_0_537 |            0.021576|             0.202894|           0.005012|         0.229483
544  |*i_0_0_538 |            0.053184|             0.435427|           0.008181|         0.496793
545  |*i_0_0_539 |            0.016926|             0.206396|           0.002775|         0.226098
546  |*i_0_0_540 |            0.042427|             0.503993|           0.008128|         0.554548
547  |*i_0_0_541 |            0.016545|             0.478236|           0.002775|         0.497556
548  |*i_0_0_542 |            0.046749|             0.834520|           0.008181|         0.889450
549  |*i_0_0_543 |            0.010341|             1.020987|           0.002775|         1.034104
550  |*i_0_0_544 |            0.042390|             0.948950|           0.008128|         0.999467
551  |*i_0_0_545 |            0.009296|             1.101578|           0.002775|         1.113649
552  |*i_0_0_546 |            0.046577|             1.037838|           0.008128|         1.092542
553  |*i_0_0_547 |            0.028789|             0.078081|           0.006839|         0.113709
554  |*i_0_0_548 |            0.049030|             0.049208|           0.011090|         0.109328
555  |*i_0_0_549 |            0.019629|             0.044894|           0.004505|         0.069028
556  |*i_0_0_550 |            0.018451|             0.019737|           0.006839|         0.045028
557  |*i_0_0_551 |            0.028698|             0.102773|           0.006839|         0.138310
558  |*i_0_0_552 |            0.025063|             0.083014|           0.003931|         0.112008
559  |*i_0_0_553 |            0.016764|             0.079449|           0.002775|         0.098988
560  |*i_0_0_554 |            0.032485|             0.303148|           0.006839|         0.342472
561  |*i_0_0_555 |            0.031826|             0.092327|           0.006839|         0.130992
562  |*i_0_0_556 |            0.016920|             0.130225|           0.002775|         0.149921
563  |*i_0_0_557 |            0.032637|             0.275796|           0.006839|         0.315272
564  |*i_0_0_558 |            0.031390|             0.091673|           0.006839|         0.129902
565  |*i_0_0_559 |            0.016143|             0.090804|           0.002775|         0.109722
566  |*i_0_0_560 |            0.032111|             0.312606|           0.006839|         0.351556
567  |*i_0_0_561 |            0.022938|             0.082438|           0.005012|         0.110388
568  |*i_0_0_562 |            0.040022|             0.051296|           0.008128|         0.099446
569  |*i_0_0_563 |            0.016755|             0.087605|           0.002775|         0.107135
570  |*i_0_0_564 |            0.032655|             0.315155|           0.006839|         0.354649
571  |*i_0_0_565 |            0.016692|             0.092344|           0.002775|         0.111811
572  |*i_0_0_566 |            0.032699|             0.362941|           0.006839|         0.402479
573  |*i_0_0_567 |            0.016755|             0.087605|           0.002775|         0.107135
574  |*i_0_0_568 |            0.032640|             0.315155|           0.006839|         0.354634
575  |*i_0_0_569 |            0.031603|             0.046834|           0.006839|         0.085276
576  |*i_0_0_570 |            0.017243|             0.247642|           0.002775|         0.267661
577  |*i_0_0_571 |            0.033436|             0.576405|           0.006839|         0.616680
578  |*i_0_0_572 |            0.017227|             0.211213|           0.002775|         0.231215
579  |*i_0_0_573 |            0.038066|             1.196354|           0.006839|         1.241259
580  |*i_0_0_574 |            0.049457|             0.045968|           0.006336|         0.101760
581  |*i_0_0_575 |            0.019076|             0.118247|           0.003931|         0.141255
582  |*i_0_0_576 |            0.012752|             0.055765|           0.002775|         0.071292
583  |*i_0_0_577 |            0.020292|             0.279880|           0.005012|         0.305184
584  |*i_0_0_578 |            0.036567|             0.029762|           0.005475|         0.071804
585  |*i_0_0_579 |            0.012804|             0.066126|           0.002775|         0.081705
586  |*i_0_0_580 |            0.019994|             0.242965|           0.005012|         0.267972
587  |*i_0_0_581 |            0.012907|             0.058108|           0.002775|         0.073791
588  |*i_0_0_582 |            0.018845|             0.311824|           0.003931|         0.334601
589  |*i_0_0_583 |            0.025789|             0.113619|           0.005012|         0.144420
590  |*i_0_0_584 |            0.030168|             0.046832|           0.006839|         0.083839
591  |*i_0_0_585 |            0.042501|             0.092095|           0.008128|         0.142724
592  |*i_0_0_586 |            0.024726|             0.091422|           0.005012|         0.121160
593  |*i_0_0_587 |            0.032845|             0.051342|           0.006839|         0.091026
594  |*i_0_0_588 |            0.033800|             0.084748|           0.008593|         0.127141
595  |*i_0_0_589 |            0.016485|             0.151494|           0.002775|         0.170754
596  |*i_0_0_590 |            0.032894|             0.367337|           0.006839|         0.407070
597  |*i_0_0_591 |            0.012745|             0.072778|           0.002775|         0.088298
598  |*i_0_0_592 |            0.020261|             0.279342|           0.005012|         0.304616
599  |*i_0_0_593 |            0.019208|             0.069598|           0.005012|         0.093819
600  |*i_0_0_594 |            0.019048|             0.106533|           0.005012|         0.130593
601  |*i_0_0_595 |            0.012700|             0.037125|           0.002775|         0.052600
602  |*i_0_0_596 |            0.020292|             0.279880|           0.005012|         0.305184
603  |*i_0_0_597 |            0.019084|             0.106533|           0.005012|         0.130629
604  |*i_0_0_598 |            0.012620|             0.112184|           0.002775|         0.127580
605  |*i_0_0_599 |            0.020174|             0.264053|           0.005012|         0.289240
606  |*i_0_0_600 |            0.012422|             0.032524|           0.002775|         0.047721
607  |*i_0_0_601 |            0.345639|             2.756888|           0.002775|         3.105303
608  |*i_0_0_602 |            0.017126|             0.029048|           0.002775|         0.048949
609  |*i_0_0_603 |            0.017240|             0.035273|           0.002775|         0.055288
610  |*i_0_0_604 |            0.017108|             0.028034|           0.002775|         0.047917
611  |*i_0_0_605 |            0.017487|             0.092862|           0.002775|         0.113125
612  |*i_0_0_606 |            0.017254|             0.188162|           0.002775|         0.208192
613  |*i_0_0_607 |            0.017288|             0.192929|           0.002775|         0.212993
614  |*i_0_0_608 |            0.017249|             0.144987|           0.002775|         0.165012
615  |*i_0_0_609 |            0.017252|             0.187848|           0.002775|         0.207876
616  |*i_0_0_610 |            0.017398|             0.049499|           0.002775|         0.069673
617  |*i_0_0_611 |            0.017495|             0.091073|           0.002775|         0.111344
618  |*i_0_0_612 |            0.017280|             0.138256|           0.002775|         0.158312
619  |*i_0_0_613 |            0.017548|             0.229629|           0.002775|         0.249953
620  |*i_0_0_614 |            0.017185|             0.178376|           0.002775|         0.198337
621  |*i_0_0_615 |            0.017199|             0.180400|           0.002775|         0.200375
622  |*i_0_0_616 |            0.017148|             0.167314|           0.002775|         0.187237
623  |*i_0_0_617 |            0.031394|             0.042449|           0.005333|         0.079175
624  |           |                    |                     |                   |                 
625  |*TOTAL     |           36.721359|           119.275620|           4.962916|       160.959885
-----+-----------+--------------------+---------------------+-------------------+-----------------
