Report for group default
Report for group I2R
Report for group I2O
------------------------------------------------------------------------------------------------------------------------------------------------------------
Startpoint: B[24]
    (Clocked by vsysclk R)
Endpoint: Sum[31]
    (Clocked by vsysclk R)
Path Group: I2O
Data required time: 19500.0
    (Clock shift: 20000.0, minus Uncertainty: 0.0, plus Latency 0.0, minus Out delay: 500.0)
Data arrival time: 1132.8
Slack: 18367.2
Logic depth: 28
------------------------------------------------------------------------------------------------------------------------------------------------------------
                                                     Arrival               Arc      Net               Net    Total   fan-                                   
Path                     Module/Cell           Edge     Time    Delay    Delay    Delay     Slew     Load     Load    out     Location Power Domain      (V)
                                                        (ps)     (ps)     (ps)     (ps)     (ps)     (ff)     (ff)    (#)      (um,um)                      
------------------------------------------------------------------------------------------------------------------------------------------------------------
B[24]                    {set_input_delay}        r   1000.0   1000.0   1000.0                        6.5     30.6      6     0,   52                       
i_0_0_593/A2->ZN         NOR2_X4_LVT             rf   1001.9      1.9      1.2      0.7      0.0      1.3      8.2      2    50,   51  /PD_TOP        (0.95)
i_0_0_590/A->ZN          AOI21_X4_LVT            fr   1010.0      8.1      8.1      0.0      0.8      2.3     33.1      3    50,   51  /PD_TOP        (0.95)
i_0_0_589/A->ZN          INV_X8_LVT              rf   1011.3      1.3      1.3      0.0      5.7      2.3     13.6      3    50,   51  /PD_TOP        (0.95)
i_0_0_588/B2->ZN         OAI22_X4_LVT            fr   1016.1      4.8      4.8      0.0      0.5      1.5      8.2      2    50,   51  /PD_TOP        (0.95)
i_0_0_587/A->ZN          AOI21_X4_LVT            rf   1017.7      1.6      1.6      0.0      3.0      0.7      4.6      1    50,   51  /PD_TOP        (0.95)
i_0_0_586/A2->ZN         NOR2_X4_LVT             fr   1021.1      3.4      3.4      0.0      1.0      1.4      8.5      2    50,   51  /PD_TOP        (0.95)
i_0_0_585/B2->ZN         AOI22_X4_LVT            rf   1024.1      3.0      3.0      0.0      2.1      1.5      8.2      2    50,   51  /PD_TOP        (0.95)
i_0_0_397/A->ZN          XNOR2_X2_LVT*           fr   1034.6     10.5     10.5      0.0      1.7      3.3     39.2      5    50,   51  /PD_TOP        (0.95)
i_0_0_396/A->ZN          INV_X8_LVT              rf   1035.7      1.1      1.0      0.1      1.2      2.5     15.9      4    50,   51  /PD_TOP        (0.95)
i_0_0_344/A1->ZN         NAND2_X4_LVT            fr   1039.3      3.6      3.6      0.0      0.5      2.5     37.3      4    50,   51  /PD_TOP        (0.95)
i_0_0_343/A->ZN          INV_X8_LVT              rf   1040.6      1.3      1.3      0.0      3.0      6.2     22.1      7    50,   51  /PD_TOP        (0.95)
i_0_0_300/B2->ZN         AOI222_X4_LVT           fr   1057.7     17.1     16.9      0.2      0.6      1.5     29.1      2    50,   51  /PD_TOP        (0.95)
i_0_0_299/A->ZN          INV_X4_LVT              rf   1058.5      0.8      0.8      0.0      2.2      0.8      3.1      1    50,   51  /PD_TOP        (0.95)
i_0_0_298/C2->ZN         AOI222_X2_LVT           fr   1071.2     12.7     12.7      0.0      0.3      1.7      9.3      2    50,   51  /PD_TOP        (0.95)
i_0_0_297/A2->ZN         AOI22_X4_LVT            rf   1073.6      2.4      2.4      0.0      7.0      1.8      6.1      2    50,   51  /PD_TOP        (0.95)
i_0_0_296/C2->ZN         AOI222_X4_LVT           fr   1091.5     17.9     17.9      0.0      1.6      1.5     28.7      2    50,   51  /PD_TOP        (0.95)
i_0_0_295/A->ZN          INV_X8_LVT              rf   1093.1      1.6      1.6      0.0      2.2      2.6     37.0      4    50,   51  /PD_TOP        (0.95)
i_0_0_215/A2->ZN         NAND2_X4_LVT            fr   1094.8      1.7      1.7      0.0      1.0      1.4      7.2      2    50,   51  /PD_TOP        (0.95)
i_0_0_214/A3->ZN         AND3_X4_LVT             rr   1100.3      5.5      5.5      0.0      1.1      0.7      4.4      1    50,   51  /PD_TOP        (0.95)
i_0_0_210/A3->ZN         NOR3_X4_LVT             rf   1101.7      1.4      1.4      0.0      1.1      1.6      7.0      2    50,   51  /PD_TOP        (0.95)
i_0_0_201/C1->ZN         AOI211_X2_LVT           fr   1105.9      4.2      4.2      0.0      1.0      0.9      3.1      1    50,   51  /PD_TOP        (0.95)
i_0_0_194/C2->ZN         OAI221_X2_LVT           rf   1109.8      3.9      3.9      0.0      3.7      0.8      4.2      1    50,   51  /PD_TOP        (0.95)
i_0_0_192/B2->ZN         AOI21_X4_LVT            fr   1116.5      6.7      6.7      0.0      2.4      1.3     28.6      2    50,   51  /PD_TOP        (0.95)
i_0_0_191/A->ZN          INV_X8_LVT              rf   1117.5      1.0      1.0      0.0      5.1      0.6      4.3      1    50,   51  /PD_TOP        (0.95)
i_0_0_187/A->ZN          AOI21_X4_LVT            fr   1124.9      7.4      7.4      0.0      0.3      1.4     28.9      2    50,   51  /PD_TOP        (0.95)
i_0_0_186/A->ZN          INV_X8_LVT              rf   1125.9      1.0      1.0      0.0      5.2      0.6      4.0      1    50,   51  /PD_TOP        (0.95)
i_0_0_7/B2->ZN           AOI21_X4_LVT            fr   1128.7      2.8      2.8      0.0      0.3      0.8      2.9      1    50,   51  /PD_TOP        (0.95)
i_0_0_6/B->ZN            AOI211_X2_LVT           rf   1131.8      3.1      3.1      0.0      2.0      7.4     17.4      1    50,   51  /PD_TOP        (0.95)
Sum[31]                                           f   1132.8      1.0               1.0      3.0                              0,   59                       
------------------------------------------------------------------------------------------------------------------------------------------------------------
Report for group R2O
