Report for group default
Report for group I2R
Report for group I2O
------------------------------------------------------------------------------------------------------------------------------------------------------------
Startpoint: A[0]
    (Clocked by vsysclk R)
Endpoint: Cout
    (Clocked by vsysclk R)
Path Group: I2O
Data required time: 19500.0
    (Clock shift: 20000.0, minus Uncertainty: 0.0, plus Latency 0.0, minus Out delay: 500.0)
Data arrival time: 1063.5
Slack: 18436.5
Logic depth: 10
------------------------------------------------------------------------------------------------------------------------------------------------------------
                                                     Arrival               Arc      Net               Net    Total   fan-                                   
Path                     Module/Cell           Edge     Time    Delay    Delay    Delay     Slew     Load     Load    out     Location Power Domain      (V)
                                                        (ps)     (ps)     (ps)     (ps)     (ps)     (ff)     (ff)    (#)      (um,um)                      
------------------------------------------------------------------------------------------------------------------------------------------------------------
A[0]                     {set_input_delay}        r   1000.0   1000.0   1000.0                        4.1      7.3      1    32,    0                       
loop_0_CBA_4bits_i/i_0_0_0/A->Z
                         XOR2_X2_LVT             rr   1006.5      6.5      6.2      0.3      0.0      0.7      4.5      1    33,   31  /PD_TOP        (0.95)
loop_0_CBA_4bits_i/i_0_0_4/A4->ZN
                         NAND4_X4_LVT            rf   1010.6      4.1      4.1      0.0      2.7      0.8      3.0      1    33,   31  /PD_TOP        (0.95)
loop_0_CBA_4bits_i/i_0_0_5/S->Z
                         MUX2_X1_LVT             ff   1016.4      5.8      5.8      0.0      1.9      0.6      1.8      1    33,   31  /PD_TOP        (0.95)
loop_1_CBA_4bits_i/i_0_0_5/A->Z
                         MUX2_X2_LVT             ff   1022.7      6.3      6.3      0.0      1.1      0.6      1.8      1    33,   36  /PD_TOP        (0.95)
loop_2_CBA_4bits_i/i_0_0_5/A->Z
                         MUX2_X2_LVT             ff   1029.3      6.6      6.6      0.0      1.1      1.8      3.0      1    33,   40  /PD_TOP        (0.95)
loop_3_CBA_4bits_i/i_0_0_5/A->Z
                         MUX2_X2_LVT             ff   1035.8      6.5      6.4      0.1      1.3      0.9      2.1      1    38,   32  /PD_TOP        (0.95)
loop_4_CBA_4bits_i/i_0_0_5/A->Z
                         MUX2_X2_LVT             ff   1042.1      6.3      6.3      0.0      1.2      0.6      1.8      1    33,   33  /PD_TOP        (0.95)
loop_5_CBA_4bits_i/i_0_0_5/A->Z
                         MUX2_X2_LVT             ff   1048.5      6.4      6.4      0.0      1.1      1.1      2.3      1    33,   38  /PD_TOP        (0.95)
loop_6_CBA_4bits_i/i_0_0_5/A->Z
                         MUX2_X2_LVT             ff   1054.9      6.4      6.4      0.0      1.2      0.6      1.9      1    38,   35  /PD_TOP        (0.95)
loop_7_CBA_4bits_i/i_0_0_5/A->Z
                         MUX2_X2_LVT             ff   1063.2      8.3      8.3      0.0      1.2      4.3     14.3      1    38,   40  /PD_TOP        (0.95)
Cout                                              f   1063.5      0.3               0.3      2.0                             40,   71                       
------------------------------------------------------------------------------------------------------------------------------------------------------------
Report for group R2O
