Report Physical info: 
------------------------+-------------+-----------+------------
                        |             |Area (squm)|Leakage (uW)
------------------------+-------------+-----------+------------
Design Name             |RCA          |           |            
  Total Instances       |          130|        164|       0.863
    Macros              |            0|          0|       0.000
    Pads                |            0|          0|       0.000
    Phys                |            0|          0|       0.000
    Blackboxes          |            0|          0|       0.000
    Cells               |          130|        164|       0.863
      Buffers           |            0|          0|       0.000
      Inverters         |           32|         17|       0.089
      Clock-Gates       |            0|          0|       0.000
      Combinational     |           98|        147|       0.774
      Latches           |            0|          0|       0.000
      FlipFlops         |            0|          0|       0.000
       Single-Bit FF    |            0|          0|       0.000
       Multi-Bit FF     |            0|          0|       0.000
       Clock-Gated      |            0|           |            
       Bits             |            0|          0|       0.000
         Load-Enabled   |            0|           |            
         Clock-Gated    |            0|           |            
  Tristate Pin Count    |            0|           |            
Physical Info           |Placed       |           |            
  Chip Size (mm x mm)   |0.077 x 0.077|       5858|            
  Fixed Cell Area       |             |          0|            
    Phys Only           |            0|          0|            
  Placeable Area        |             |        255|            
  Movable Cell Area     |             |        164|            
  Utilization (%)       |           64|           |            
  Chip Utilization (%)  |           64|           |            
  Total Wire Length (mm)|        3.951|           |            
  Longest Wire (mm)     |        0.042|           |            
  Average Wire (mm)     |        0.040|           |            
------------------------+-------------+-----------+------------
