Report Instance Areas: 
-----+------------+--------------------+-----+---------
     |Instance    |Module              |Cells|Cell Area
-----+------------+--------------------+-----+---------
1    |top         |                    |   39|       69
2    |  A_inst    |four_bit_adder__0_13|    0|        0
3    |  loop1_6_A0|four_bit_adder__0_18|    0|        0
4    |  loop1_6_A1|four_bit_adder__0_23|    0|        0
5    |  loop1_5_A0|four_bit_adder__0_28|    0|        0
6    |  loop1_5_A1|four_bit_adder__0_33|    0|        0
7    |  loop1_4_A0|four_bit_adder__0_38|    0|        0
8    |  loop1_4_A1|four_bit_adder__0_43|    0|        0
9    |  loop1_3_A0|four_bit_adder__0_48|    0|        0
10   |  loop1_3_A1|four_bit_adder__0_53|    0|        0
11   |  loop1_2_A0|four_bit_adder__0_58|    0|        0
12   |  loop1_2_A1|four_bit_adder__0_63|    0|        0
13   |  loop1_1_A0|four_bit_adder__0_68|    0|        0
14   |  loop1_1_A1|four_bit_adder__0_73|    0|        0
15   |  loop1_0_A0|four_bit_adder__0_78|    0|        0
16   |  loop1_0_A1|four_bit_adder      |    0|        0
-----+------------+--------------------+-----+---------
