warning: No library characterized for (process = 1.00 voltage = 0.85 temperature = -40.00) can be found in the database for power domain '/PD_TOP'  [NL-174]
Report Power (instances with prefix '*' are included in total) : 
-----+-----------+--------------------+---------------------+-------------------+-----------------
     | Instance  | Internal Power(uw) | Switching Power(uw) | Leakage Power(uw) | Total Power(uw) 
-----+-----------+--------------------+---------------------+-------------------+-----------------
1    |*A_inst    |            0.000000|             0.000000|           0.000000|         0.000000
2    |*loop1_6_A0|            0.000000|             0.000000|           0.000000|         0.000000
3    |*loop1_6_A1|            0.000000|             0.000000|           0.000000|         0.000000
4    |*loop1_5_A0|            0.000000|             0.000000|           0.000000|         0.000000
5    |*loop1_5_A1|            0.000000|             0.000000|           0.000000|         0.000000
6    |*loop1_4_A0|            0.000000|             0.000000|           0.000000|         0.000000
7    |*loop1_4_A1|            0.000000|             0.000000|           0.000000|         0.000000
8    |*loop1_3_A0|            0.000000|             0.000000|           0.000000|         0.000000
9    |*loop1_3_A1|            0.000000|             0.000000|           0.000000|         0.000000
10   |*loop1_2_A0|            0.000000|             0.000000|           0.000000|         0.000000
11   |*loop1_2_A1|            0.000000|             0.000000|           0.000000|         0.000000
12   |*loop1_1_A0|            0.000000|             0.000000|           0.000000|         0.000000
13   |*loop1_1_A1|            0.000000|             0.000000|           0.000000|         0.000000
14   |*loop1_0_A0|            0.000000|             0.000000|           0.000000|         0.000000
15   |*loop1_0_A1|            0.000000|             0.000000|           0.000000|         0.000000
16   |*i_0_0_0   |            0.000000|             0.000000|           0.007784|         0.007784
17   |*i_0_0_1   |            0.020321|             0.125116|           0.005333|         0.150770
18   |*i_0_0_2   |            0.000000|             0.000000|           0.003931|         0.003931
19   |*i_0_0_3   |            0.019145|             0.034288|           0.003931|         0.057364
20   |*i_0_0_4   |            0.019045|             0.036441|           0.005012|         0.060498
21   |*i_0_0_5   |            0.000000|             0.000000|           0.007784|         0.007784
22   |*i_0_0_6   |            0.000000|             0.000000|           0.007784|         0.007784
23   |*i_0_0_7   |            0.000000|             0.000000|           0.007784|         0.007784
24   |*i_0_0_8   |            0.000000|             0.000000|           0.007784|         0.007784
25   |*i_0_0_9   |            0.000000|             0.000000|           0.007784|         0.007784
26   |*i_0_0_10  |            0.000000|             0.000000|           0.007784|         0.007784
27   |*i_0_0_11  |            0.000000|             0.000000|           0.007784|         0.007784
28   |*i_0_0_12  |            0.000000|             0.000000|           0.007784|         0.007784
29   |*i_0_0_13  |            0.000000|             0.000000|           0.007784|         0.007784
30   |*i_0_0_14  |            0.000000|             0.000000|           0.007784|         0.007784
31   |*i_0_0_15  |            0.000000|             0.000000|           0.007784|         0.007784
32   |*i_0_0_16  |            0.000000|             0.000000|           0.007784|         0.007784
33   |*i_0_0_17  |            0.000000|             0.000000|           0.007784|         0.007784
34   |*i_0_0_18  |            0.000000|             0.000000|           0.007784|         0.007784
35   |*i_0_0_19  |            0.000000|             0.000000|           0.007784|         0.007784
36   |*i_0_0_20  |            0.000000|             0.000000|           0.007784|         0.007784
37   |*i_0_0_21  |            0.000000|             0.000000|           0.007784|         0.007784
38   |*i_0_0_22  |            0.000000|             0.000000|           0.007784|         0.007784
39   |*i_0_0_23  |            0.000000|             0.000000|           0.007784|         0.007784
40   |*i_0_0_24  |            0.000000|             0.000000|           0.007784|         0.007784
41   |*i_0_0_25  |            0.000000|             0.000000|           0.007784|         0.007784
42   |*i_0_0_26  |            0.000000|             0.000000|           0.007784|         0.007784
43   |*i_0_0_27  |            0.000000|             0.000000|           0.007784|         0.007784
44   |*i_0_0_28  |            0.000000|             0.000000|           0.007784|         0.007784
45   |*i_0_0_29  |            0.000000|             0.000000|           0.007784|         0.007784
46   |*i_0_0_30  |            0.000000|             0.000000|           0.007784|         0.007784
47   |*i_0_0_31  |            0.000000|             0.000000|           0.007784|         0.007784
48   |*i_0_0_32  |            0.000000|             0.000000|           0.007784|         0.007784
49   |*i_0_0_33  |            0.000000|             0.000000|           0.007784|         0.007784
50   |*i_0_0_34  |            0.000000|             0.000000|           0.007784|         0.007784
51   |*i_0_0_35  |            0.000000|             0.000000|           0.007784|         0.007784
52   |*i_0_0_36  |            0.000000|             0.000000|           0.007784|         0.007784
53   |*i_0_0_37  |            0.000000|             0.000000|           0.007784|         0.007784
54   |*i_0_0_38  |            0.000000|             0.000000|           0.007784|         0.007784
55   |           |                    |                     |                   |                 
56   |*TOTAL     |            0.058510|             0.195845|           0.290646|         0.545002
-----+-----------+--------------------+---------------------+-------------------+-----------------
