Report for group default
Report for group I2R
Report for group I2O
------------------------------------------------------------------------------------------------------------------------------------------------------------
Startpoint: B[31]
    (Clocked by vsysclk R)
Endpoint: Overflow
    (Clocked by vsysclk R)
Path Group: I2O
Data required time: 19500.0
    (Clock shift: 20000.0, minus Uncertainty: 0.0, plus Latency 0.0, minus Out delay: 500.0)
Data arrival time: 1006.5
Slack: 18493.5
Logic depth: 3
------------------------------------------------------------------------------------------------------------------------------------------------------------
                                                     Arrival               Arc      Net               Net    Total   fan-                                   
Path                     Module/Cell           Edge     Time    Delay    Delay    Delay     Slew     Load     Load    out     Location Power Domain      (V)
                                                        (ps)     (ps)     (ps)     (ps)     (ps)     (ff)     (ff)    (#)      (um,um)                      
------------------------------------------------------------------------------------------------------------------------------------------------------------
B[31]                    {set_input_delay}        r   1000.0   1000.0   1000.0                        4.7     12.9      2     0,   36                       
i_0_0_4/A2->ZN           NOR2_X4_LVT             rf   1001.4      1.4      1.0      0.4      0.0      0.6      4.3      1    35,   35  /PD_TOP        (0.95)
i_0_0_2/A2->ZN           NAND2_X4_LVT            fr   1002.9      1.5      1.5      0.0      0.6      0.7      4.4      1    35,   35  /PD_TOP        (0.95)
i_0_0_1/A->ZN            OAI21_X4_LVT            rf   1006.1      3.2      3.2      0.0      0.9      4.8     14.8      1    35,   35  /PD_TOP        (0.95)
Overflow                                          f   1006.5      0.4               0.4      1.9                             33,    0                       
------------------------------------------------------------------------------------------------------------------------------------------------------------
Report for group R2O
