warning: No library characterized for (process = 1.00 voltage = 0.85 temperature = -40.00) can be found in the database for power domain '/PD_TOP'  [NL-174]
Report Power (instances with prefix '*' are included in total) : 
-----+----------+--------------------+---------------------+-------------------+-----------------
     | Instance | Internal Power(uw) | Switching Power(uw) | Leakage Power(uw) | Total Power(uw) 
-----+----------+--------------------+---------------------+-------------------+-----------------
1    |*i_0_0_0  |            0.032503|             0.167168|           0.005333|         0.205005
2    |*i_0_0_1  |            0.034601|             0.117295|           0.005607|         0.157504
3    |*i_0_0_2  |            0.056377|             0.030340|           0.008181|         0.094898
4    |*i_0_0_3  |            0.054517|             0.171586|           0.007821|         0.233925
5    |*i_0_0_4  |            0.054463|             0.171971|           0.008181|         0.234616
6    |*i_0_0_5  |            0.054932|             0.171855|           0.008181|         0.234969
7    |*i_0_0_6  |            0.055112|             0.171870|           0.008181|         0.235163
8    |*i_0_0_7  |            0.055181|             0.171753|           0.008181|         0.235116
9    |*i_0_0_8  |            0.055205|             0.172109|           0.008181|         0.235496
10   |*i_0_0_9  |            0.055215|             0.171993|           0.008181|         0.235390
11   |*i_0_0_10 |            0.055218|             0.172109|           0.008181|         0.235509
12   |*i_0_0_11 |            0.055220|             0.171993|           0.008181|         0.235395
13   |*i_0_0_12 |            0.055219|             0.172378|           0.008181|         0.235779
14   |*i_0_0_13 |            0.055220|             0.172262|           0.008181|         0.235663
15   |*i_0_0_14 |            0.055220|             0.172276|           0.008181|         0.235678
16   |*i_0_0_15 |            0.055220|             0.172160|           0.008181|         0.235562
17   |*i_0_0_16 |            0.055219|             0.172516|           0.008181|         0.235917
18   |*i_0_0_17 |            0.055220|             0.172400|           0.008181|         0.235801
19   |*i_0_0_18 |            0.055219|             0.172516|           0.008181|         0.235917
20   |*i_0_0_19 |            0.055220|             0.172400|           0.008181|         0.235801
21   |*i_0_0_20 |            0.055218|             0.172785|           0.008181|         0.236185
22   |*i_0_0_21 |            0.055219|             0.172669|           0.008181|         0.236069
23   |*i_0_0_22 |            0.055219|             0.172683|           0.008181|         0.236083
24   |*i_0_0_23 |            0.055219|             0.172567|           0.008181|         0.235968
25   |*i_0_0_24 |            0.055218|             0.172923|           0.008181|         0.236322
26   |*i_0_0_25 |            0.055218|             0.172807|           0.008181|         0.236206
27   |*i_0_0_26 |            0.055218|             0.172923|           0.008181|         0.236322
28   |*i_0_0_27 |            0.055218|             0.172807|           0.008181|         0.236206
29   |*i_0_0_28 |            0.055217|             0.173192|           0.008181|         0.236590
30   |*i_0_0_29 |            0.055217|             0.173075|           0.008181|         0.236474
31   |*i_0_0_30 |            0.055217|             0.173090|           0.008181|         0.236489
32   |*i_0_0_31 |            0.055218|             0.172974|           0.008181|         0.236373
33   |*i_0_0_32 |            0.055217|             0.173329|           0.008181|         0.236728
34   |*i_0_0_33 |            0.055217|             0.173213|           0.008181|         0.236612
35   |*i_0_0_34 |            0.053724|             0.173221|           0.007821|         0.234767
36   |*i_0_0_35 |            0.033119|             0.121591|           0.005333|         0.160043
37   |*i_0_0_36 |            0.019161|             0.073993|           0.003931|         0.097085
38   |*i_0_0_37 |            0.037913|             0.133825|           0.008128|         0.179866
39   |*i_0_0_38 |            0.055047|             0.100881|           0.007821|         0.163749
40   |*i_0_0_39 |            0.016230|             0.047519|           0.002775|         0.066525
41   |*i_0_0_40 |            0.038756|             0.305800|           0.008128|         0.352684
42   |*i_0_0_41 |            0.055047|             0.100881|           0.007821|         0.163749
43   |*i_0_0_42 |            0.016230|             0.047519|           0.002775|         0.066525
44   |*i_0_0_43 |            0.038756|             0.305800|           0.008128|         0.352684
45   |*i_0_0_44 |            0.055047|             0.100881|           0.007821|         0.163749
46   |*i_0_0_45 |            0.016230|             0.047519|           0.002775|         0.066525
47   |*i_0_0_46 |            0.038756|             0.305800|           0.008128|         0.352684
48   |*i_0_0_47 |            0.055047|             0.100881|           0.007821|         0.163749
49   |*i_0_0_48 |            0.016230|             0.047519|           0.002775|         0.066525
50   |*i_0_0_49 |            0.038756|             0.305800|           0.008128|         0.352684
51   |*i_0_0_50 |            0.055047|             0.100881|           0.007821|         0.163749
52   |*i_0_0_51 |            0.016230|             0.047519|           0.002775|         0.066525
53   |*i_0_0_52 |            0.038756|             0.305800|           0.008128|         0.352684
54   |*i_0_0_53 |            0.055047|             0.100881|           0.007821|         0.163749
55   |*i_0_0_54 |            0.016230|             0.047519|           0.002775|         0.066525
56   |*i_0_0_55 |            0.038756|             0.305800|           0.008128|         0.352684
57   |*i_0_0_56 |            0.055047|             0.100881|           0.007821|         0.163749
58   |*i_0_0_57 |            0.016230|             0.047519|           0.002775|         0.066525
59   |*i_0_0_58 |            0.038756|             0.305800|           0.008128|         0.352684
60   |*i_0_0_59 |            0.055047|             0.100881|           0.007821|         0.163749
61   |*i_0_0_60 |            0.016230|             0.047519|           0.002775|         0.066525
62   |*i_0_0_61 |            0.038756|             0.305800|           0.008128|         0.352684
63   |*i_0_0_62 |            0.055047|             0.100881|           0.007821|         0.163749
64   |*i_0_0_63 |            0.016230|             0.047519|           0.002775|         0.066525
65   |*i_0_0_64 |            0.038756|             0.305800|           0.008128|         0.352684
66   |*i_0_0_65 |            0.055047|             0.100881|           0.007821|         0.163749
67   |*i_0_0_66 |            0.016230|             0.047519|           0.002775|         0.066525
68   |*i_0_0_67 |            0.038756|             0.305800|           0.008128|         0.352684
69   |*i_0_0_68 |            0.055047|             0.100881|           0.007821|         0.163749
70   |*i_0_0_69 |            0.016230|             0.047519|           0.002775|         0.066525
71   |*i_0_0_70 |            0.038756|             0.305800|           0.008128|         0.352684
72   |*i_0_0_71 |            0.055047|             0.100881|           0.007821|         0.163749
73   |*i_0_0_72 |            0.016230|             0.047519|           0.002775|         0.066525
74   |*i_0_0_73 |            0.038756|             0.305800|           0.008128|         0.352684
75   |*i_0_0_74 |            0.055047|             0.100881|           0.007821|         0.163749
76   |*i_0_0_75 |            0.016230|             0.047519|           0.002775|         0.066525
77   |*i_0_0_76 |            0.038756|             0.305800|           0.008128|         0.352684
78   |*i_0_0_77 |            0.055047|             0.100881|           0.007821|         0.163749
79   |*i_0_0_78 |            0.016230|             0.047519|           0.002775|         0.066525
80   |*i_0_0_79 |            0.038756|             0.305800|           0.008128|         0.352684
81   |*i_0_0_80 |            0.055047|             0.100881|           0.007821|         0.163749
82   |*i_0_0_81 |            0.016230|             0.047519|           0.002775|         0.066525
83   |*i_0_0_82 |            0.038756|             0.305800|           0.008128|         0.352684
84   |*i_0_0_83 |            0.055047|             0.100881|           0.007821|         0.163749
85   |*i_0_0_84 |            0.016230|             0.047519|           0.002775|         0.066525
86   |*i_0_0_85 |            0.038756|             0.305800|           0.008128|         0.352684
87   |*i_0_0_86 |            0.055047|             0.100881|           0.007821|         0.163749
88   |*i_0_0_87 |            0.016230|             0.047519|           0.002775|         0.066525
89   |*i_0_0_88 |            0.038756|             0.305800|           0.008128|         0.352684
90   |*i_0_0_89 |            0.055047|             0.100881|           0.007821|         0.163749
91   |*i_0_0_90 |            0.016230|             0.047519|           0.002775|         0.066525
92   |*i_0_0_91 |            0.038756|             0.305800|           0.008128|         0.352684
93   |*i_0_0_92 |            0.055047|             0.100881|           0.007821|         0.163749
94   |*i_0_0_93 |            0.016230|             0.047519|           0.002775|         0.066525
95   |*i_0_0_94 |            0.038756|             0.305800|           0.008128|         0.352684
96   |*i_0_0_95 |            0.055047|             0.100881|           0.007821|         0.163749
97   |*i_0_0_96 |            0.016230|             0.047520|           0.002775|         0.066525
98   |*i_0_0_97 |            0.038756|             0.305801|           0.008128|         0.352684
99   |*i_0_0_98 |            0.055047|             0.100881|           0.007821|         0.163749
100  |*i_0_0_99 |            0.016230|             0.047520|           0.002775|         0.066525
101  |*i_0_0_100|            0.038756|             0.305801|           0.008128|         0.352685
102  |*i_0_0_101|            0.055047|             0.100881|           0.007821|         0.163749
103  |*i_0_0_102|            0.016230|             0.047520|           0.002775|         0.066525
104  |*i_0_0_103|            0.038757|             0.305804|           0.008128|         0.352688
105  |*i_0_0_104|            0.055047|             0.100881|           0.007821|         0.163749
106  |*i_0_0_105|            0.016230|             0.047521|           0.002775|         0.066527
107  |*i_0_0_106|            0.038759|             0.305810|           0.008128|         0.352696
108  |*i_0_0_107|            0.055047|             0.100881|           0.007821|         0.163749
109  |*i_0_0_108|            0.016231|             0.047524|           0.002775|         0.066530
110  |*i_0_0_109|            0.038763|             0.305827|           0.008128|         0.352718
111  |*i_0_0_110|            0.055047|             0.100881|           0.007821|         0.163749
112  |*i_0_0_111|            0.016234|             0.047530|           0.002775|         0.066539
113  |*i_0_0_112|            0.038776|             0.305871|           0.008128|         0.352774
114  |*i_0_0_113|            0.055047|             0.100881|           0.007821|         0.163749
115  |*i_0_0_114|            0.016240|             0.047549|           0.002775|         0.066564
116  |*i_0_0_115|            0.038808|             0.305988|           0.008128|         0.352924
117  |*i_0_0_116|            0.055047|             0.100881|           0.007821|         0.163749
118  |*i_0_0_117|            0.016256|             0.047597|           0.002775|         0.066629
119  |*i_0_0_118|            0.038895|             0.306299|           0.008128|         0.353322
120  |*i_0_0_119|            0.055047|             0.100881|           0.007821|         0.163749
121  |*i_0_0_120|            0.016299|             0.047723|           0.002775|         0.066797
122  |*i_0_0_121|            0.039124|             0.307108|           0.008128|         0.354360
123  |*i_0_0_122|            0.055047|             0.100881|           0.007821|         0.163749
124  |*i_0_0_123|            0.016407|             0.048037|           0.002775|         0.067219
125  |*i_0_0_124|            0.039709|             0.309132|           0.008128|         0.356969
126  |*i_0_0_125|            0.055047|             0.100881|           0.007821|         0.163749
127  |*i_0_0_126|            0.016642|             0.048726|           0.002775|         0.068143
128  |*i_0_0_127|            0.041121|             0.313565|           0.008128|         0.362813
129  |*i_0_0_128|            0.055091|             0.096914|           0.007821|         0.159827
130  |          |                    |                     |                   |                 
131  |*TOTAL    |            5.337955|            19.902788|           0.867153|        26.107897
-----+----------+--------------------+---------------------+-------------------+-----------------
