Report for group default
Report for group I2R
Report for group I2O
------------------------------------------------------------------------------------------------------------------------------------------------------------
Startpoint: A[0]
    (Clocked by vsysclk R)
Endpoint: overflow
    (Clocked by vsysclk R)
Path Group: I2O
Data required time: 19500.0
    (Clock shift: 20000.0, minus Uncertainty: 0.0, plus Latency 0.0, minus Out delay: 500.0)
Data arrival time: 1273.8
Slack: 18226.2
Logic depth: 64
------------------------------------------------------------------------------------------------------------------------------------------------------------
                                                     Arrival               Arc      Net               Net    Total   fan-                                   
Path                     Module/Cell           Edge     Time    Delay    Delay    Delay     Slew     Load     Load    out     Location Power Domain      (V)
                                                        (ps)     (ps)     (ps)     (ps)     (ps)     (ff)     (ff)    (#)      (um,um)                      
------------------------------------------------------------------------------------------------------------------------------------------------------------
A[0]                     {set_input_delay}        r   1000.0   1000.0   1000.0                        5.1     12.8      2     0,   39                       
i_0_0_128/B->Z           XOR2_X2_LVT             rf   1003.2      3.2      2.8      0.4      0.0      1.4      8.6      2    38,   38  /PD_TOP        (0.95)
i_0_0_127/B2->ZN         AOI22_X4_LVT            fr   1011.4      8.2      8.2      0.0      1.8      1.4     28.2      2    38,   38  /PD_TOP        (0.95)
i_0_0_126/A->ZN          INV_X8_LVT              rf   1012.4      1.0      1.0      0.0      5.4      0.7      4.4      1    38,   38  /PD_TOP        (0.95)
i_0_0_124/B1->ZN         AOI22_X4_LVT            fr   1020.0      7.6      7.6      0.0      0.3      1.4     28.2      2    38,   38  /PD_TOP        (0.95)
i_0_0_123/A->ZN          INV_X8_LVT              rf   1021.0      1.0      1.0      0.0      5.4      0.7      4.4      1    38,   38  /PD_TOP        (0.95)
i_0_0_121/B1->ZN         AOI22_X4_LVT            fr   1028.6      7.6      7.6      0.0      0.3      1.4     28.2      2    38,   38  /PD_TOP        (0.95)
i_0_0_120/A->ZN          INV_X8_LVT              rf   1029.6      1.0      1.0      0.0      5.4      0.7      4.4      1    38,   38  /PD_TOP        (0.95)
i_0_0_118/B1->ZN         AOI22_X4_LVT            fr   1037.2      7.6      7.6      0.0      0.3      1.4     28.2      2    38,   38  /PD_TOP        (0.95)
i_0_0_117/A->ZN          INV_X8_LVT              rf   1038.2      1.0      1.0      0.0      5.4      0.7      4.4      1    38,   38  /PD_TOP        (0.95)
i_0_0_115/B1->ZN         AOI22_X4_LVT            fr   1045.8      7.6      7.6      0.0      0.3      1.4     28.2      2    38,   38  /PD_TOP        (0.95)
i_0_0_114/A->ZN          INV_X8_LVT              rf   1046.8      1.0      1.0      0.0      5.4      0.7      4.4      1    38,   38  /PD_TOP        (0.95)
i_0_0_112/B1->ZN         AOI22_X4_LVT            fr   1054.4      7.6      7.6      0.0      0.3      1.4     28.2      2    38,   38  /PD_TOP        (0.95)
i_0_0_111/A->ZN          INV_X8_LVT              rf   1055.4      1.0      1.0      0.0      5.4      0.7      4.4      1    38,   38  /PD_TOP        (0.95)
i_0_0_109/B1->ZN         AOI22_X4_LVT            fr   1063.0      7.6      7.6      0.0      0.3      1.4     28.2      2    38,   38  /PD_TOP        (0.95)
i_0_0_108/A->ZN          INV_X8_LVT              rf   1064.0      1.0      1.0      0.0      5.4      0.7      4.4      1    38,   38  /PD_TOP        (0.95)
i_0_0_106/B1->ZN         AOI22_X4_LVT            fr   1071.6      7.6      7.6      0.0      0.3      1.4     28.2      2    38,   38  /PD_TOP        (0.95)
i_0_0_105/A->ZN          INV_X8_LVT              rf   1072.6      1.0      1.0      0.0      5.4      0.7      4.4      1    38,   38  /PD_TOP        (0.95)
i_0_0_103/B1->ZN         AOI22_X4_LVT            fr   1080.2      7.6      7.6      0.0      0.3      1.4     28.2      2    38,   38  /PD_TOP        (0.95)
i_0_0_102/A->ZN          INV_X8_LVT              rf   1081.2      1.0      1.0      0.0      5.4      0.7      4.4      1    38,   38  /PD_TOP        (0.95)
i_0_0_100/B1->ZN         AOI22_X4_LVT            fr   1088.8      7.6      7.6      0.0      0.3      1.4     28.2      2    38,   38  /PD_TOP        (0.95)
i_0_0_99/A->ZN           INV_X8_LVT              rf   1089.8      1.0      1.0      0.0      5.4      0.7      4.4      1    38,   38  /PD_TOP        (0.95)
i_0_0_97/B1->ZN          AOI22_X4_LVT            fr   1097.4      7.6      7.6      0.0      0.3      1.4     28.2      2    38,   38  /PD_TOP        (0.95)
i_0_0_96/A->ZN           INV_X8_LVT              rf   1098.4      1.0      1.0      0.0      5.4      0.7      4.4      1    38,   38  /PD_TOP        (0.95)
i_0_0_94/B1->ZN          AOI22_X4_LVT            fr   1106.0      7.6      7.6      0.0      0.3      1.4     28.2      2    38,   38  /PD_TOP        (0.95)
i_0_0_93/A->ZN           INV_X8_LVT              rf   1107.0      1.0      1.0      0.0      5.4      0.7      4.4      1    38,   38  /PD_TOP        (0.95)
i_0_0_91/B1->ZN          AOI22_X4_LVT            fr   1114.6      7.6      7.6      0.0      0.3      1.4     28.2      2    38,   38  /PD_TOP        (0.95)
i_0_0_90/A->ZN           INV_X8_LVT              rf   1115.6      1.0      1.0      0.0      5.4      0.7      4.4      1    38,   38  /PD_TOP        (0.95)
i_0_0_88/B1->ZN          AOI22_X4_LVT            fr   1123.2      7.6      7.6      0.0      0.3      1.4     28.2      2    38,   38  /PD_TOP        (0.95)
i_0_0_87/A->ZN           INV_X8_LVT              rf   1124.2      1.0      1.0      0.0      5.4      0.7      4.4      1    38,   38  /PD_TOP        (0.95)
i_0_0_85/B1->ZN          AOI22_X4_LVT            fr   1131.8      7.6      7.6      0.0      0.3      1.4     28.2      2    38,   38  /PD_TOP        (0.95)
i_0_0_84/A->ZN           INV_X8_LVT              rf   1132.8      1.0      1.0      0.0      5.4      0.7      4.4      1    38,   38  /PD_TOP        (0.95)
i_0_0_82/B1->ZN          AOI22_X4_LVT            fr   1140.4      7.6      7.6      0.0      0.3      1.4     28.2      2    38,   38  /PD_TOP        (0.95)
i_0_0_81/A->ZN           INV_X8_LVT              rf   1141.4      1.0      1.0      0.0      5.4      0.7      4.4      1    38,   38  /PD_TOP        (0.95)
i_0_0_79/B1->ZN          AOI22_X4_LVT            fr   1149.0      7.6      7.6      0.0      0.3      1.4     28.2      2    38,   38  /PD_TOP        (0.95)
i_0_0_78/A->ZN           INV_X8_LVT              rf   1150.0      1.0      1.0      0.0      5.4      0.7      4.4      1    38,   38  /PD_TOP        (0.95)
i_0_0_76/B1->ZN          AOI22_X4_LVT            fr   1157.6      7.6      7.6      0.0      0.3      1.4     28.2      2    38,   38  /PD_TOP        (0.95)
i_0_0_75/A->ZN           INV_X8_LVT              rf   1158.6      1.0      1.0      0.0      5.4      0.7      4.4      1    38,   38  /PD_TOP        (0.95)
i_0_0_73/B1->ZN          AOI22_X4_LVT            fr   1166.2      7.6      7.6      0.0      0.3      1.4     28.2      2    38,   38  /PD_TOP        (0.95)
i_0_0_72/A->ZN           INV_X8_LVT              rf   1167.2      1.0      1.0      0.0      5.4      0.7      4.4      1    38,   38  /PD_TOP        (0.95)
i_0_0_70/B1->ZN          AOI22_X4_LVT            fr   1174.8      7.6      7.6      0.0      0.3      1.4     28.2      2    38,   38  /PD_TOP        (0.95)
i_0_0_69/A->ZN           INV_X8_LVT              rf   1175.8      1.0      1.0      0.0      5.4      0.7      4.4      1    38,   38  /PD_TOP        (0.95)
i_0_0_67/B1->ZN          AOI22_X4_LVT            fr   1183.4      7.6      7.6      0.0      0.3      1.4     28.2      2    38,   38  /PD_TOP        (0.95)
i_0_0_66/A->ZN           INV_X8_LVT              rf   1184.4      1.0      1.0      0.0      5.4      0.7      4.4      1    38,   38  /PD_TOP        (0.95)
i_0_0_64/B1->ZN          AOI22_X4_LVT            fr   1192.0      7.6      7.6      0.0      0.3      1.4     28.2      2    38,   38  /PD_TOP        (0.95)
i_0_0_63/A->ZN           INV_X8_LVT              rf   1193.0      1.0      1.0      0.0      5.4      0.7      4.4      1    38,   38  /PD_TOP        (0.95)
i_0_0_61/B1->ZN          AOI22_X4_LVT            fr   1200.6      7.6      7.6      0.0      0.3      1.4     28.2      2    38,   38  /PD_TOP        (0.95)
i_0_0_60/A->ZN           INV_X8_LVT              rf   1201.6      1.0      1.0      0.0      5.4      0.7      4.4      1    38,   38  /PD_TOP        (0.95)
i_0_0_58/B1->ZN          AOI22_X4_LVT            fr   1209.2      7.6      7.6      0.0      0.3      1.4     28.2      2    38,   38  /PD_TOP        (0.95)
i_0_0_57/A->ZN           INV_X8_LVT              rf   1210.2      1.0      1.0      0.0      5.4      0.7      4.4      1    38,   38  /PD_TOP        (0.95)
i_0_0_55/B1->ZN          AOI22_X4_LVT            fr   1217.8      7.6      7.6      0.0      0.3      1.4     28.2      2    38,   38  /PD_TOP        (0.95)
i_0_0_54/A->ZN           INV_X8_LVT              rf   1218.8      1.0      1.0      0.0      5.4      0.7      4.4      1    38,   38  /PD_TOP        (0.95)
i_0_0_52/B1->ZN          AOI22_X4_LVT            fr   1226.4      7.6      7.6      0.0      0.3      1.4     28.2      2    38,   38  /PD_TOP        (0.95)
i_0_0_51/A->ZN           INV_X8_LVT              rf   1227.4      1.0      1.0      0.0      5.4      0.7      4.4      1    38,   38  /PD_TOP        (0.95)
i_0_0_49/B1->ZN          AOI22_X4_LVT            fr   1235.0      7.6      7.6      0.0      0.3      1.4     28.2      2    38,   38  /PD_TOP        (0.95)
i_0_0_48/A->ZN           INV_X8_LVT              rf   1236.0      1.0      1.0      0.0      5.4      0.7      4.4      1    38,   38  /PD_TOP        (0.95)
i_0_0_46/B1->ZN          AOI22_X4_LVT            fr   1243.6      7.6      7.6      0.0      0.3      1.4     28.2      2    38,   38  /PD_TOP        (0.95)
i_0_0_45/A->ZN           INV_X8_LVT              rf   1244.6      1.0      1.0      0.0      5.4      0.7      4.4      1    38,   38  /PD_TOP        (0.95)
i_0_0_43/B1->ZN          AOI22_X4_LVT            fr   1252.2      7.6      7.6      0.0      0.3      1.4     28.2      2    38,   38  /PD_TOP        (0.95)
i_0_0_42/A->ZN           INV_X8_LVT              rf   1253.2      1.0      1.0      0.0      5.4      0.7      4.4      1    38,   38  /PD_TOP        (0.95)
i_0_0_40/B1->ZN          AOI22_X4_LVT            fr   1260.8      7.6      7.6      0.0      0.3      1.4     28.2      2    38,   38  /PD_TOP        (0.95)
i_0_0_39/A->ZN           INV_X8_LVT              rf   1261.8      1.0      1.0      0.0      5.4      0.7      4.4      1    38,   38  /PD_TOP        (0.95)
i_0_0_37/B1->ZN          AOI22_X4_LVT            fr   1267.1      5.3      5.3      0.0      0.3      2.1     12.4      3    38,   38  /PD_TOP        (0.95)
i_0_0_2/B->ZN            XNOR2_X2_LVT            rf   1269.3      2.2      2.2      0.0      3.4      0.6      2.7      1    38,   38  /PD_TOP        (0.95)
i_0_0_1/A2->ZN           AND2_X4_LVT             ff   1273.3      4.0      4.0      0.0      1.3      5.2     15.2      1    38,   38  /PD_TOP        (0.95)
overflow                                          f   1273.8      0.5               0.5      1.1                              0,   40                       
------------------------------------------------------------------------------------------------------------------------------------------------------------
Report for group R2O
