Report for group default
Report for group I2R
Report for group I2O
------------------------------------------------------------------------------------------------------------------------------------------------------------
Startpoint: A[0]
    (Clocked by vsysclk R)
Endpoint: overflow
    (Clocked by vsysclk R)
Path Group: I2O
Data required time: 19500.0
    (Clock shift: 20000.0, minus Uncertainty: 0.0, plus Latency 0.0, minus Out delay: 500.0)
Data arrival time: 1221.7
Slack: 18278.3
Logic depth: 34
------------------------------------------------------------------------------------------------------------------------------------------------------------
                                                     Arrival               Arc      Net               Net    Total   fan-                                   
Path                     Module/Cell           Edge     Time    Delay    Delay    Delay     Slew     Load     Load    out     Location Power Domain      (V)
                                                        (ps)     (ps)     (ps)     (ps)     (ps)     (ff)     (ff)    (#)      (um,um)                      
------------------------------------------------------------------------------------------------------------------------------------------------------------
A[0]                     {set_input_delay}        r   1000.0   1000.0   1000.0                        5.0      8.5      1    39,    0                       
i_0_0/i_0/B->CO          FA_X1_LVT               rr   1007.2      7.2      6.8      0.4      0.0      0.8      3.6      1    37,   37  /PD_TOP        (0.95)
i_0_0/i_1/CI->CO         FA_X1_LVT               rr   1013.6      6.4      6.4      0.0      1.7      0.8      3.6      1    37,   37  /PD_TOP        (0.95)
i_0_0/i_2/CI->CO         FA_X1_LVT               rr   1020.0      6.4      6.4      0.0      1.7      0.8      3.6      1    37,   37  /PD_TOP        (0.95)
i_0_0/i_3/CI->CO         FA_X1_LVT               rr   1026.4      6.4      6.4      0.0      1.7      0.8      3.6      1    37,   37  /PD_TOP        (0.95)
i_0_0/i_4/CI->CO         FA_X1_LVT               rr   1032.8      6.4      6.4      0.0      1.7      0.8      3.6      1    37,   37  /PD_TOP        (0.95)
i_0_0/i_5/CI->CO         FA_X1_LVT               rr   1039.2      6.4      6.4      0.0      1.7      0.8      3.6      1    37,   37  /PD_TOP        (0.95)
i_0_0/i_6/CI->CO         FA_X1_LVT               rr   1045.6      6.4      6.4      0.0      1.7      0.8      3.6      1    37,   37  /PD_TOP        (0.95)
i_0_0/i_7/CI->CO         FA_X1_LVT               rr   1052.0      6.4      6.4      0.0      1.7      0.8      3.6      1    37,   37  /PD_TOP        (0.95)
i_0_0/i_8/CI->CO         FA_X1_LVT               rr   1058.4      6.4      6.4      0.0      1.7      0.8      3.6      1    37,   37  /PD_TOP        (0.95)
i_0_0/i_9/CI->CO         FA_X1_LVT               rr   1064.8      6.4      6.4      0.0      1.7      0.8      3.6      1    37,   37  /PD_TOP        (0.95)
i_0_0/i_10/CI->CO        FA_X1_LVT               rr   1071.2      6.4      6.4      0.0      1.7      0.8      3.6      1    37,   37  /PD_TOP        (0.95)
i_0_0/i_11/CI->CO        FA_X1_LVT               rr   1077.6      6.4      6.4      0.0      1.7      0.8      3.6      1    37,   37  /PD_TOP        (0.95)
i_0_0/i_12/CI->CO        FA_X1_LVT               rr   1084.0      6.4      6.4      0.0      1.7      0.8      3.6      1    37,   37  /PD_TOP        (0.95)
i_0_0/i_13/CI->CO        FA_X1_LVT               rr   1090.4      6.4      6.4      0.0      1.7      0.8      3.6      1    37,   37  /PD_TOP        (0.95)
i_0_0/i_14/CI->CO        FA_X1_LVT               rr   1096.8      6.4      6.4      0.0      1.7      0.8      3.6      1    37,   37  /PD_TOP        (0.95)
i_0_0/i_15/CI->CO        FA_X1_LVT               rr   1103.2      6.4      6.4      0.0      1.7      0.8      3.6      1    37,   37  /PD_TOP        (0.95)
i_0_0/i_16/CI->CO        FA_X1_LVT               rr   1109.6      6.4      6.4      0.0      1.7      0.8      3.6      1    37,   37  /PD_TOP        (0.95)
i_0_0/i_17/CI->CO        FA_X1_LVT               rr   1116.0      6.4      6.4      0.0      1.7      0.8      3.6      1    37,   37  /PD_TOP        (0.95)
i_0_0/i_18/CI->CO        FA_X1_LVT               rr   1122.4      6.4      6.4      0.0      1.7      0.8      3.6      1    37,   37  /PD_TOP        (0.95)
i_0_0/i_19/CI->CO        FA_X1_LVT               rr   1128.8      6.4      6.4      0.0      1.7      0.8      3.6      1    37,   37  /PD_TOP        (0.95)
i_0_0/i_20/CI->CO        FA_X1_LVT               rr   1135.2      6.4      6.4      0.0      1.7      0.8      3.6      1    37,   37  /PD_TOP        (0.95)
i_0_0/i_21/CI->CO        FA_X1_LVT               rr   1141.6      6.4      6.4      0.0      1.7      0.8      3.6      1    37,   37  /PD_TOP        (0.95)
i_0_0/i_22/CI->CO        FA_X1_LVT               rr   1148.0      6.4      6.4      0.0      1.7      0.8      3.6      1    37,   37  /PD_TOP        (0.95)
i_0_0/i_23/CI->CO        FA_X1_LVT               rr   1154.4      6.4      6.4      0.0      1.7      0.8      3.6      1    37,   37  /PD_TOP        (0.95)
i_0_0/i_24/CI->CO        FA_X1_LVT               rr   1160.8      6.4      6.4      0.0      1.7      0.8      3.6      1    37,   37  /PD_TOP        (0.95)
i_0_0/i_25/CI->CO        FA_X1_LVT               rr   1167.2      6.4      6.4      0.0      1.7      0.8      3.6      1    37,   37  /PD_TOP        (0.95)
i_0_0/i_26/CI->CO        FA_X1_LVT               rr   1173.6      6.4      6.4      0.0      1.7      0.8      3.6      1    37,   37  /PD_TOP        (0.95)
i_0_0/i_27/CI->CO        FA_X1_LVT               rr   1180.0      6.4      6.4      0.0      1.7      0.8      3.6      1    37,   37  /PD_TOP        (0.95)
i_0_0/i_28/CI->CO        FA_X1_LVT               rr   1186.4      6.4      6.4      0.0      1.7      0.8      3.6      1    37,   37  /PD_TOP        (0.95)
i_0_0/i_29/CI->CO        FA_X1_LVT               rr   1192.8      6.4      6.4      0.0      1.7      0.8      3.6      1    37,   37  /PD_TOP        (0.95)
i_0_0/i_30/CI->CO        FA_X1_LVT               rr   1199.2      6.4      6.4      0.0      1.7      0.8      3.6      1    37,   37  /PD_TOP        (0.95)
i_0_0/i_31/CI->S         FA_X1_LVT               rf   1215.2     16.0     16.0      0.0      1.7      0.7     19.7      2    37,   37  /PD_TOP        (0.95)
i_0_1_1/B->ZN            XNOR2_X2_LVT            fr   1219.4      4.2      4.2      0.0      4.3      0.6      4.5      1    37,   37  /PD_TOP        (0.95)
i_0_1_2/A2->ZN           NOR2_X4_LVT             rf   1221.2      1.8      1.8      0.0      2.5      5.1     15.1      1    37,   37  /PD_TOP        (0.95)
overflow                                          f   1221.7      0.5               0.5      1.1                             40,    0                       
------------------------------------------------------------------------------------------------------------------------------------------------------------
Report for group R2O
