###############################################################
#  Generated by:      Cadence First Encounter 08.10-s273_1
#  OS:                Linux i686(Host ID localhost.localdomain)
#  Generated on:      Thu Oct 10 05:14:22 2013
#  Command:           addFiller -cell {FILLER1HD FILLER2HD FILLER3HD FILLER4...
###############################################################

SPACING: Regular Via of Net mips_core/datamem/FE_OFN93_mem_write & Pin of Cell FILLER_L0N1_405  ( M1 )
Bounds : ( 718.500, 349.160 ) ( 718.680, 349.200 )
Actual:     0.04     Min:     0.16

SPACING: Regular Via of Net mips_core/datamem/ram[174][14] & Pin of Cell FILLER_L0N1_410  ( M1 )
Bounds : ( 745.700, 407.600 ) ( 745.900, 407.640 )
Actual:     0.04     Min:     0.16

SPACING: Regular Via of Net mips_core/datamem/ram[136][4] & Pin of Cell FILLER_L0N1_370  ( M1 )
Bounds : ( 639.700, 323.560 ) ( 639.900, 323.600 )
Actual:     0.04     Min:     0.16

SPACING: Regular Via of Net mips_core/datamem/ram[168][9] & Pin of Cell FILLER_L0N1_379  ( M1 )
Bounds : ( 680.100, 342.760 ) ( 680.300, 342.800 )
Actual:     0.04     Min:     0.16

SPACING: Regular Via of Net mips_core/datamem/ram[168][9] & Pin of Cell FILLER_L0N1_380  ( M1 )
Bounds : ( 682.500, 340.400 ) ( 682.700, 340.440 )
Actual:     0.04     Min:     0.16

SPACING: Regular Via of Net mips_core/datamem/FE_PHN3110_n2788 & Pin of Cell FILLER_L0N1_355  ( M1 )
Bounds : ( 539.640, 281.900 ) ( 539.960, 282.000 )
Actual:     0.1     Min:     0.16

SPACING: Regular Wire of Net mips_core/datamem/FE_PHN3110_n2788 & Pin of Cell FILLER_L0N1_355  ( M1 )
Bounds : ( 538.920, 281.880 ) ( 539.880, 282.000 )
Actual:     0.12     Min:     0.16

SPACING: Regular Via of Net mips_core/datamem/FE_PHN3110_n2788 & Pin of Cell FILLER_L0N1_354  ( M1 )
Bounds : ( 538.440, 281.900 ) ( 538.700, 282.000 )
Actual:     0.1     Min:     0.16

SPACING: Regular Via of Net mips_core/datamem/n280 & Pin of Cell FILLER_L0N1_314  ( M1 )
Bounds : ( 446.120, 403.560 ) ( 446.300, 403.600 )
Actual:     0.04     Min:     0.16

SPACING: Regular Wire of Net mips_core/datamem/n280 & Pin of Cell FILLER_L0N1_315  ( M1 )
Bounds : ( 447.720, 403.480 ) ( 449.100, 403.600 )
Actual:     0.12     Min:     0.16

SPACING: Regular Wire of Net mips_core/datamem/n280 & Pin of Cell FILLER_L0N1_314  ( M1 )
Bounds : ( 446.120, 403.480 ) ( 447.500, 403.600 )
Actual:     0.12     Min:     0.16

SPACING: Regular Via of Net mips_core/datamem/ram[176][13] & Pin of Cell FILLER_L0N1_290  ( M1 )
Bounds : ( 407.300, 400.360 ) ( 407.480, 400.400 )
Actual:     0.04     Min:     0.16

SPACING: Regular Via of Net mips_core/datamem/ram[184][11] & Pin of Cell FILLER_L0N1_320  ( M1 )
Bounds : ( 457.300, 350.000 ) ( 457.500, 350.040 )
Actual:     0.04     Min:     0.16

SPACING: Regular Wire of Net mips_core/datamem/ram[184][11] & Pin of Cell FILLER_L0N1_319  ( M1 )
Bounds : ( 455.320, 350.000 ) ( 456.680, 350.120 )
Actual:     0.12     Min:     0.16

SPACING: Regular Wire of Net mips_core/datamem/ram[184][11] & Pin of Cell FILLER_L0N1_320  ( M1 )
Bounds : ( 456.900, 350.000 ) ( 457.480, 350.120 )
Actual:     0.12     Min:     0.16

SPACING: Regular Via of Net mips_core/datamem/ram[184][11] & Pin of Cell FILLER_L0N1_319  ( M1 )
Bounds : ( 455.300, 350.000 ) ( 455.960, 350.100 )
Actual:     0.1     Min:     0.16

SPACING: Regular Via of Net mips_core/datamem/ram[136][8] & Pin of Cell FILLER_L0N1_359  ( M1 )
Bounds : ( 586.500, 329.960 ) ( 586.700, 330.000 )
Actual:     0.04     Min:     0.16

SPACING: Regular Via of Net mips_core/datamem/n3545 & Pin of Cell FILLER_L0N1_349  ( M1 )
Bounds : ( 525.720, 366.000 ) ( 525.900, 366.040 )
Actual:     0.04     Min:     0.16

SPACING: Regular Via of Net mips_core/datamem/ram[46][5] & Pin of Cell FILLER_L0N1_224  ( M1 )
Bounds : ( 318.120, 640.360 ) ( 318.300, 640.400 )
Actual:     0.04     Min:     0.16

SPACING: Regular Via of Net mips_core/datamem/FE_OFN52_n11 & Pin of Cell FILLER_L0N1_254  ( M1 )
Bounds : ( 354.900, 483.500 ) ( 355.160, 483.600 )
Actual:     0.1     Min:     0.16

SPACING: Regular Via of Net mips_core/datamem/n456 & Pin of Cell FILLER_L0N1_274  ( M1 )
Bounds : ( 396.900, 438.700 ) ( 397.560, 438.800 )
Actual:     0.1     Min:     0.16

SPACING: Regular Via of Net mips_core/datamem/ram[9][8] & Pin of Cell FILLER_L0N1_265  ( M1 )
Bounds : ( 385.700, 445.160 ) ( 385.900, 445.200 )
Actual:     0.04     Min:     0.16

SPACING: Regular Via of Net mips_core/datamem/n414 & Pin of Cell FILLER_L0N1_300  ( M1 )
Bounds : ( 422.100, 426.800 ) ( 422.280, 426.840 )
Actual:     0.04     Min:     0.16

SPACING: Regular Via of Net mips_core/datamem/ram[10][6] & Pin of Cell FILLER_L0N1_260  ( M1 )
Bounds : ( 364.840, 432.300 ) ( 365.080, 432.400 )
Actual:     0.1     Min:     0.16

SPACING: Regular Wire of Net mips_core/datamem/ram[10][6] & Pin of Cell FILLER_L0N1_259  ( M1 )
Bounds : ( 362.920, 432.280 ) ( 363.480, 432.400 )
Actual:     0.12     Min:     0.16

SPACING: Regular Wire of Net mips_core/datamem/ram[10][6] & Pin of Cell FILLER_L0N1_260  ( M1 )
Bounds : ( 363.700, 432.280 ) ( 365.080, 432.400 )
Actual:     0.12     Min:     0.16

SPACING: Regular Wire of Net mips_core/datamem/ram[10][6] & Pin of Cell FILLER_L0N1_259  ( M1 )
Bounds : ( 362.920, 432.280 ) ( 363.080, 432.400 )
Actual:     0.12     Min:     0.16

SPACING: Regular Via of Net mips_core/datamem/ram[177][9] & Pin of Cell FILLER_L0N1_305  ( M1 )
Bounds : ( 429.700, 413.160 ) ( 429.900, 413.200 )
Actual:     0.04     Min:     0.16

SPACING: Regular Via of Net mips_core/datamem/ram[10][1] & Pin of Cell FILLER_L0N1_310  ( M1 )
Bounds : ( 442.500, 465.200 ) ( 442.700, 465.240 )
Actual:     0.04     Min:     0.16

SPACING: Regular Via of Net mips_core/datamem/ram[3][11] & Pin of Cell FILLER_L0N1_235  ( M1 )
Bounds : ( 334.900, 516.400 ) ( 335.080, 516.440 )
Actual:     0.04     Min:     0.16

SPACING: Regular Via of Net mips_core/datamem/n291 & Pin of Cell FILLER_L0N1_365  ( M1 )
Bounds : ( 603.700, 864.360 ) ( 603.900, 864.400 )
Actual:     0.04     Min:     0.16

SPACING: Regular Wire of Net mips_core/datamem/n291 & Pin of Cell FILLER_L0N1_365  ( M1 )
Bounds : ( 602.920, 864.280 ) ( 603.880, 864.400 )
Actual:     0.12     Min:     0.16

SPACING: Regular Wire of Net mips_core/datamem/n291 & Pin of Cell FILLER_L0N1_365  ( M1 )
Bounds : ( 602.920, 864.280 ) ( 603.080, 864.400 )
Actual:     0.12     Min:     0.16

SPACING: Regular Via of Net mips_core/datamem/n285 & Pin of Cell FILLER_L0N1_365  ( M1 )
Bounds : ( 603.300, 862.000 ) ( 603.500, 862.040 )
Actual:     0.04     Min:     0.16

SPACING: Regular Via of Net mips_core/datamem/ram[119][7] & Pin of Cell FILLER_L0N1_364  ( M1 )
Bounds : ( 601.700, 862.000 ) ( 601.900, 862.040 )
Actual:     0.04     Min:     0.16

SPACING: Regular Via of Net mips_core/datamem/FE_OFN34_n6459 & Pin of Cell FILLER_L0N1_324  ( M1 )
Bounds : ( 486.100, 822.760 ) ( 486.280, 822.800 )
Actual:     0.04     Min:     0.16

SPACING: Regular Wire of Net mips_core/datamem/FE_OFN34_n6459 & Pin of Cell FILLER_L0N1_324  ( M1 )
Bounds : ( 485.320, 822.680 ) ( 486.280, 822.800 )
Actual:     0.12     Min:     0.16

SPACING: Regular Via of Net mips_core/datamem/FE_OFN34_n6459 & Pin of Cell FILLER_L0N1_324  ( M1 )
Bounds : ( 485.300, 822.760 ) ( 485.500, 822.800 )
Actual:     0.04     Min:     0.16

SPACING: Regular Via of Net mips_core/datamem/FE_OFN70_n17 & Pin of Cell FILLER_L0N1_335  ( M1 )
Bounds : ( 522.100, 797.160 ) ( 522.300, 797.200 )
Actual:     0.04     Min:     0.16

SPACING: Regular Via of Net mips_core/datamem/FE_OFN73_n18 & Pin of Cell FILLER_L0N1_250  ( M1 )
Bounds : ( 356.500, 662.760 ) ( 356.700, 662.800 )
Actual:     0.04     Min:     0.16

SPACING: Regular Wire of Net mips_core/datamem/FE_OFN73_n18 & Pin of Cell FILLER_L0N1_250  ( M1 )
Bounds : ( 356.520, 662.680 ) ( 357.480, 662.800 )
Actual:     0.12     Min:     0.16

SPACING: Regular Via of Net mips_core/datamem/n167 & Pin of Cell FILLER_L0N1_285  ( M1 )
Bounds : ( 405.240, 752.300 ) ( 405.480, 752.400 )
Actual:     0.1     Min:     0.16

SPACING: Regular Wire of Net mips_core/datamem/n167 & Pin of Cell FILLER_L0N1_285  ( M1 )
Bounds : ( 404.120, 752.280 ) ( 405.480, 752.400 )
Actual:     0.12     Min:     0.16

SPACING: Regular Via of Net mips_core/datamem/n167 & Pin of Cell FILLER_L0N1_285  ( M1 )
Bounds : ( 404.100, 752.300 ) ( 404.360, 752.400 )
Actual:     0.1     Min:     0.16

SPACING: Regular Wire of Net mips_core/datamem/n519 & Pin of Cell FILLER_L0N1_240  ( M1 )
Bounds : ( 353.720, 672.280 ) ( 355.100, 672.400 )
Actual:     0.12     Min:     0.16

SPACING: Regular Wire of Net mips_core/datamem/n519 & Pin of Cell FILLER_L0N1_239  ( M1 )
Bounds : ( 352.120, 672.280 ) ( 353.500, 672.400 )
Actual:     0.12     Min:     0.16

SPACING: Regular Wire of Net mips_core/datamem/n519 & Pin of Cell FILLER_L0N1_239  ( M1 )
Bounds : ( 352.120, 672.280 ) ( 352.280, 672.400 )
Actual:     0.12     Min:     0.16

SPACING: Regular Via of Net mips_core/datamem/n1310 & Pin of Cell FILLER_L0N1_269  ( M1 )
Bounds : ( 390.520, 653.160 ) ( 390.700, 653.200 )
Actual:     0.04     Min:     0.16

SPACING: Regular Via of Net mips_core/datamem/n560 & Pin of Cell FILLER_L0N1_295  ( M1 )
Bounds : ( 420.840, 701.100 ) ( 421.160, 701.200 )
Actual:     0.1     Min:     0.16

SPACING: Regular Wire of Net mips_core/datamem/n560 & Pin of Cell FILLER_L0N1_295  ( M1 )
Bounds : ( 420.920, 701.080 ) ( 421.880, 701.200 )
Actual:     0.12     Min:     0.16

SPACING: Regular Via of Net mips_core/datamem/ram[43][5] & Pin of Cell FILLER_L0N1_230  ( M1 )
Bounds : ( 320.900, 682.800 ) ( 321.080, 682.840 )
Actual:     0.04     Min:     0.16

SPACING: Regular Via of Net mips_core/datamem/ram[60][3] & Pin of Cell FILLER_L0N1_245  ( M1 )
Bounds : ( 355.700, 765.160 ) ( 355.900, 765.200 )
Actual:     0.04     Min:     0.16

SPACING: Regular Via of Net mips_core/datamem/ram[52][2] & Pin of Cell FILLER_L0N1_280  ( M1 )
Bounds : ( 401.300, 791.600 ) ( 401.500, 791.640 )
Actual:     0.04     Min:     0.16

SPACING: Regular Via of Net mips_core/datamem/n241 & Pin of Cell FILLER_L0N1_335  ( M1 )
Bounds : ( 522.900, 794.800 ) ( 523.100, 794.840 )
Actual:     0.04     Min:     0.16

SPACING: Regular Via of Net mips_core/datamem/ram[84][12] & Pin of Cell FILLER_L0N1_339  ( M1 )
Bounds : ( 520.520, 839.600 ) ( 520.700, 839.640 )
Actual:     0.04     Min:     0.16

SPACING: Regular Via of Net mips_core/datamem/ram[87][12] & Pin of Cell FILLER_L0N1_329  ( M1 )
Bounds : ( 520.500, 830.000 ) ( 520.700, 830.040 )
Actual:     0.04     Min:     0.16

SPACING: Regular Via of Net mips_core/datamem/ram[87][14] & Pin of Cell FILLER_L0N1_344  ( M1 )
Bounds : ( 520.500, 867.560 ) ( 520.700, 867.600 )
Actual:     0.04     Min:     0.16

SPACING: Regular Via of Net mips_core/datamem/ram[194][2] & Pin of Cell FILLER_L0N1_515  ( M1 )
Bounds : ( 878.840, 643.500 ) ( 879.080, 643.600 )
Actual:     0.1     Min:     0.16

SPACING: Regular Via of Net mips_core/datamem/FE_OFN60_n14 & Pin of Cell FILLER_L0N1_509  ( M1 )
Bounds : ( 876.100, 576.360 ) ( 876.300, 576.400 )
Actual:     0.04     Min:     0.16

SPACING: Regular Wire of Net mips_core/datamem/FE_PHN1370_n3890 & Pin of Cell FILLER_L0N1_505  ( M1 )
Bounds : ( 871.320, 550.680 ) ( 872.700, 550.800 )
Actual:     0.12     Min:     0.16

SPACING: Regular Wire of Net mips_core/datamem/FE_PHN1370_n3890 & Pin of Cell FILLER_L0N1_504  ( M1 )
Bounds : ( 869.720, 550.680 ) ( 871.100, 550.800 )
Actual:     0.12     Min:     0.16

SPACING: Regular Via of Net mips_core/datamem/FE_PHN1370_n3890 & Pin of Cell FILLER_L0N1_504  ( M1 )
Bounds : ( 869.720, 550.760 ) ( 869.900, 550.800 )
Actual:     0.04     Min:     0.16

SPACING: Regular Via of Net mips_core/datamem/ram[245][13] & Pin of Cell FILLER_L0N1_459  ( M1 )
Bounds : ( 796.840, 446.000 ) ( 797.080, 446.100 )
Actual:     0.1     Min:     0.16

SPACING: Regular Via of Net mips_core/datamem/ram[245][13] & Pin of Cell FILLER_L0N1_460  ( M1 )
Bounds : ( 797.300, 446.000 ) ( 797.560, 446.100 )
Actual:     0.1     Min:     0.16

SPACING: Regular Via of Net mips_core/datamem/ram[245][13] & Pin of Cell FILLER_L0N1_460  ( M1 )
Bounds : ( 798.100, 446.000 ) ( 798.300, 446.040 )
Actual:     0.04     Min:     0.16

SPACING: Regular Wire of Net mips_core/datamem/n267 & Pin of Cell FILLER_L0N1_414  ( M1 )
Bounds : ( 744.900, 433.200 ) ( 746.280, 433.320 )
Actual:     0.12     Min:     0.16

SPACING: Regular Wire of Net mips_core/datamem/n267 & Pin of Cell FILLER_L0N1_415  ( M1 )
Bounds : ( 746.500, 433.200 ) ( 747.880, 433.320 )
Actual:     0.12     Min:     0.16

SPACING: Regular Via of Net mips_core/datamem/ram[175][9] & Pin of Cell FILLER_L0N1_420  ( M1 )
Bounds : ( 747.700, 432.360 ) ( 747.900, 432.400 )
Actual:     0.04     Min:     0.16

SPACING: Regular Via of Net mips_core/datamem/ram[255][6] & Pin of Cell FILLER_L0N1_439  ( M1 )
Bounds : ( 781.300, 464.360 ) ( 781.500, 464.400 )
Actual:     0.04     Min:     0.16

SPACING: Regular Wire of Net mips_core/datamem/n419 & Pin of Cell FILLER_L0N1_500  ( M1 )
Bounds : ( 853.300, 471.600 ) ( 854.680, 471.720 )
Actual:     0.12     Min:     0.16

SPACING: Regular Wire of Net mips_core/datamem/n419 & Pin of Cell FILLER_L0N1_499  ( M1 )
Bounds : ( 852.920, 471.600 ) ( 853.080, 471.720 )
Actual:     0.12     Min:     0.16

SPACING: Regular Via of Net mips_core/datamem/ram[206][4] & Pin of Cell FILLER_L0N1_520  ( M1 )
Bounds : ( 890.100, 532.400 ) ( 890.300, 532.440 )
Actual:     0.04     Min:     0.16

SPACING: Regular Via of Net mips_core/datamem/ram[206][4] & Pin of Cell FILLER_L0N1_519  ( M1 )
Bounds : ( 888.100, 534.760 ) ( 888.300, 534.800 )
Actual:     0.04     Min:     0.16

SPACING: Regular Via of Net mips_core/datamem/FE_OFN71_n17 & Pin of Cell FILLER_L0N1_400  ( M1 )
Bounds : ( 710.900, 823.600 ) ( 711.100, 823.640 )
Actual:     0.04     Min:     0.16

SPACING: Regular Via of Net mips_core/datamem/ram[100][12] & Pin of Cell FILLER_L0N1_385  ( M1 )
Bounds : ( 690.100, 855.600 ) ( 690.300, 855.640 )
Actual:     0.04     Min:     0.16

SPACING: Regular Via of Net mips_core/datamem/ram[101][10] & Pin of Cell FILLER_L0N1_375  ( M1 )
Bounds : ( 681.300, 854.760 ) ( 681.500, 854.800 )
Actual:     0.04     Min:     0.16

SPACING: Regular Via of Net mips_core/datamem/ram[103][6] & Pin of Cell FILLER_L0N1_390  ( M1 )
Bounds : ( 694.100, 862.000 ) ( 694.300, 862.040 )
Actual:     0.04     Min:     0.16

SPACING: Regular Via of Net mips_core/datamem/FE_PHN430_n2236 & Pin of Cell FILLER_L0N1_395  ( M1 )
Bounds : ( 702.440, 862.000 ) ( 702.760, 862.100 )
Actual:     0.1     Min:     0.16

SPACING: Regular Wire of Net mips_core/datamem/FE_PHN430_n2236 & Pin of Cell FILLER_L0N1_395  ( M1 )
Bounds : ( 702.100, 862.000 ) ( 702.680, 862.120 )
Actual:     0.12     Min:     0.16

SPACING: Regular Wire of Net mips_core/datamem/FE_PHN430_n2236 & Pin of Cell FILLER_L0N1_394  ( M1 )
Bounds : ( 701.320, 862.000 ) ( 701.880, 862.120 )
Actual:     0.12     Min:     0.16

SPACING: Regular Via of Net mips_core/datamem/FE_PHN430_n2236 & Pin of Cell FILLER_L0N1_394  ( M1 )
Bounds : ( 701.240, 862.000 ) ( 701.560, 862.100 )
Actual:     0.1     Min:     0.16

SPACING: Regular Via of Net mips_core/datamem/n189 & Pin of Cell FILLER_L0N1_425  ( M1 )
Bounds : ( 758.920, 833.200 ) ( 759.100, 833.240 )
Actual:     0.04     Min:     0.16

SPACING: Regular Via of Net mips_core/datamem/n189 & Pin of Cell FILLER_L0N1_425  ( M1 )
Bounds : ( 760.100, 833.200 ) ( 760.300, 833.240 )
Actual:     0.04     Min:     0.16

SPACING: Regular Via of Net mips_core/datamem/FE_OFN48_n10 & Pin of Cell FILLER_L0N1_489  ( M1 )
Bounds : ( 831.700, 746.800 ) ( 831.900, 746.840 )
Actual:     0.04     Min:     0.16

SPACING: Regular Via of Net mips_core/datamem/FE_OFN48_n10 & Pin of Cell FILLER_L0N1_490  ( M1 )
Bounds : ( 833.700, 749.160 ) ( 833.900, 749.200 )
Actual:     0.04     Min:     0.16

SPACING: Regular Via of Net mips_core/datamem/n56 & Pin of Cell FILLER_L0N1_449  ( M1 )
Bounds : ( 786.500, 771.560 ) ( 786.700, 771.600 )
Actual:     0.04     Min:     0.16

SPACING: Regular Via of Net mips_core/datamem/ram[71][7] & Pin of Cell FILLER_L0N1_485  ( M1 )
Bounds : ( 826.900, 822.760 ) ( 827.100, 822.800 )
Actual:     0.04     Min:     0.16

SPACING: Regular Via of Net mips_core/datamem/n1610 & Pin of Cell FILLER_L0N1_430  ( M1 )
Bounds : ( 766.840, 769.200 ) ( 767.100, 769.300 )
Actual:     0.1     Min:     0.16

SPACING: Regular Wire of Net mips_core/datamem/n1610 & Pin of Cell FILLER_L0N1_429  ( M1 )
Bounds : ( 764.120, 769.200 ) ( 765.500, 769.320 )
Actual:     0.12     Min:     0.16

SPACING: Regular Wire of Net mips_core/datamem/n1610 & Pin of Cell FILLER_L0N1_430  ( M1 )
Bounds : ( 765.720, 769.200 ) ( 767.080, 769.320 )
Actual:     0.12     Min:     0.16

SPACING: Regular Via of Net mips_core/datamem/n1701 & Pin of Cell FILLER_L0N1_454  ( M1 )
Bounds : ( 788.120, 826.800 ) ( 788.360, 826.900 )
Actual:     0.1     Min:     0.16

SPACING: Regular Wire of Net mips_core/datamem/n1701 & Pin of Cell FILLER_L0N1_454  ( M1 )
Bounds : ( 788.120, 826.800 ) ( 789.500, 826.920 )
Actual:     0.12     Min:     0.16

SPACING: Regular Wire of Net mips_core/datamem/n1701 & Pin of Cell FILLER_L0N1_455  ( M1 )
Bounds : ( 789.720, 826.800 ) ( 791.100, 826.920 )
Actual:     0.12     Min:     0.16

SPACING: Regular Via of Net mips_core/datamem/ram[72][15] & Pin of Cell FILLER_L0N1_494  ( M1 )
Bounds : ( 846.500, 790.760 ) ( 846.700, 790.800 )
Actual:     0.04     Min:     0.16

SPACING: Regular Wire of Net mips_core/datamem/n189 & Pin of Cell FILLER_L0N1_479  ( M1 )
Bounds : ( 812.120, 845.080 ) ( 813.480, 845.200 )
Actual:     0.12     Min:     0.16

SPACING: Regular Via of Net mips_core/datamem/n189 & Pin of Cell FILLER_L0N1_479  ( M1 )
Bounds : ( 813.240, 845.100 ) ( 813.500, 845.200 )
Actual:     0.1     Min:     0.16

SPACING: Regular Via of Net mips_core/datamem/n64 & Pin of Cell FILLER_L0N1_480  ( M1 )
Bounds : ( 814.500, 842.800 ) ( 814.700, 842.840 )
Actual:     0.04     Min:     0.16

SPACING: Regular Wire of Net mips_core/datamem/n64 & Pin of Cell FILLER_L0N1_480  ( M1 )
Bounds : ( 813.720, 842.800 ) ( 814.680, 842.920 )
Actual:     0.12     Min:     0.16

SPACING: Regular Via of Net mips_core/datamem/n64 & Pin of Cell FILLER_L0N1_480  ( M1 )
Bounds : ( 813.700, 842.800 ) ( 813.900, 842.840 )
Actual:     0.04     Min:     0.16

SPACING: Regular Via of Net mips_core/datamem/ram[68][8] & Pin of Cell FILLER_L0N1_445  ( M1 )
Bounds : ( 787.700, 855.600 ) ( 788.360, 855.700 )
Actual:     0.1     Min:     0.16

SPACING: Regular Via of Net mips_core/datamem/n1730 & Pin of Cell FILLER_L0N1_475  ( M1 )
Bounds : ( 803.240, 849.200 ) ( 803.560, 849.300 )
Actual:     0.1     Min:     0.16

SPACING: Regular Wire of Net mips_core/datamem/n1730 & Pin of Cell FILLER_L0N1_475  ( M1 )
Bounds : ( 802.520, 849.200 ) ( 803.480, 849.320 )
Actual:     0.12     Min:     0.16

SPACING: Regular Via of Net mips_core/datamem/n1730 & Pin of Cell FILLER_L0N1_475  ( M1 )
Bounds : ( 802.500, 849.200 ) ( 802.760, 849.300 )
Actual:     0.1     Min:     0.16

SPACING: Regular Via of Net mips_core/datamem/n1682 & Pin of Cell FILLER_L0N1_465  ( M1 )
Bounds : ( 799.240, 865.200 ) ( 799.500, 865.300 )
Actual:     0.1     Min:     0.16

SPACING: Regular Via of Net mips_core/datamem/ram[69][0] & Pin of Cell FILLER_L0N1_435  ( M1 )
Bounds : ( 777.300, 829.160 ) ( 777.480, 829.200 )
Actual:     0.04     Min:     0.16

SPACING: Regular Via of Net mips_core/datamem/ram[70][15] & Pin of Cell FILLER_L0N1_469  ( M1 )
Bounds : ( 797.700, 822.760 ) ( 797.900, 822.800 )
Actual:     0.04     Min:     0.16

